<?xml version="1.0" encoding="utf-8"?><testsuites name="pytest tests"><testsuite name="pytest" errors="0" failures="0" skipped="0" tests="14" time="2.610" timestamp="2026-03-30T20:47:16.454076+00:00" hostname="agent-env-a2d806d6-f4d1-4680-9216-00b6d382870a"><testcase classname="backend.tests.test_iteration144_features.TestIteration144Features" name="test_linked_rst_endpoint_returns_200" time="0.288" /><testcase classname="backend.tests.test_iteration144_features.TestIteration144Features" name="test_vehicle_weight_list_endpoint" time="0.153" /><testcase classname="backend.tests.test_iteration144_features.TestIteration144Features" name="test_vehicle_weight_pending_endpoint" time="0.120" /><testcase classname="backend.tests.test_iteration144_features.TestIteration144Features" name="test_vehicle_weight_by_rst_endpoint" time="0.177" /><testcase classname="backend.tests.test_iteration144_features.TestIteration144Features" name="test_vehicle_weight_excel_export_has_bags_header" time="0.127" /><testcase classname="backend.tests.test_iteration144_features.TestIteration144Features" name="test_vehicle_weight_pdf_export_has_bags_header" time="0.229" /><testcase classname="backend.tests.test_iteration144_features.TestIteration144Features" name="test_vehicle_weight_photos_endpoint" time="0.160" /><testcase classname="backend.tests.test_iteration144_features.TestIteration144Features" name="test_pending_vw_count_calculation" time="0.158" /><testcase classname="backend.tests.test_iteration144_features.TestIteration144Features" name="test_auto_notify_setting_endpoint" time="0.138" /><testcase classname="backend.tests.test_iteration144_features.TestIteration144Features" name="test_next_rst_endpoint" time="0.135" /><testcase classname="backend.tests.test_iteration144_features.TestMillEntryRstAutoFill" name="test_rst_autofill_returns_tot_pkts_for_bags" time="0.177" /><testcase classname="backend.tests.test_iteration144_features.TestVehicleWeightCRUD" name="test_create_first_weight_entry" time="0.181" /><testcase classname="backend.tests.test_iteration144_features.TestVehicleWeightCRUD" name="test_edit_weight_entry" time="0.213" /><testcase classname="backend.tests.test_iteration144_features.TestVehicleWeightCRUD" name="test_delete_weight_entry" time="0.266" /></testsuite></testsuites>