<?xml version="1.0" encoding="utf-8"?><testsuites name="pytest tests"><testsuite name="pytest" errors="0" failures="0" skipped="0" tests="8" time="5.313" timestamp="2026-03-27T14:11:51.333968+00:00" hostname="agent-env-a2d806d6-f4d1-4680-9216-00b6d382870a"><testcase classname="tests.test_iteration108_payment_status_fix.TestPaymentStatusDynamicComputation" name="test_01_create_entry_with_advance_payment" time="0.541" /><testcase classname="tests.test_iteration108_payment_status_fix.TestPaymentStatusDynamicComputation" name="test_02_history_shows_advance_entries" time="0.890" /><testcase classname="tests.test_iteration108_payment_status_fix.TestPaymentStatusDynamicComputation" name="test_03_undo_paid_resets_to_pending" time="0.727" /><testcase classname="tests.test_iteration108_payment_status_fix.TestPaymentStatusDynamicComputation" name="test_04_mark_paid_flow_works" time="0.665" /><testcase classname="tests.test_iteration108_payment_status_fix.TestPaymentStatusDynamicComputation" name="test_05_partial_payment_status_pending" time="0.371" /><testcase classname="tests.test_iteration108_payment_status_fix.TestHistoryEndpointAdvanceEntries" name="test_history_includes_pvt_paddy_adv_entries" time="0.878" /><testcase classname="tests.test_iteration108_payment_status_fix.TestHistoryEndpointAdvanceEntries" name="test_history_includes_mark_paid_entries" time="0.995" /><testcase classname="tests.test_iteration108_payment_status_fix.TestCleanup" name="test_cleanup_test_entries" time="0.134" /></testsuite></testsuites>