<?xml version="1.0" encoding="utf-8"?><testsuites name="pytest tests"><testsuite name="pytest" errors="0" failures="0" skipped="0" tests="25" time="4.872" timestamp="2026-04-12T12:11:11.727092+00:00" hostname="agent-env-a2d806d6-f4d1-4680-9216-00b6d382870a"><testcase classname="backend.tests.test_govt_registers_v89_3.TestTransitPassRegister" name="test_get_transit_pass_returns_200" time="0.235" /><testcase classname="backend.tests.test_govt_registers_v89_3.TestTransitPassRegister" name="test_transit_pass_response_structure" time="0.110" /><testcase classname="backend.tests.test_govt_registers_v89_3.TestTransitPassRegister" name="test_transit_pass_row_structure" time="0.155" /><testcase classname="backend.tests.test_govt_registers_v89_3.TestTransitPassRegister" name="test_transit_pass_kms_year_filter" time="0.105" /><testcase classname="backend.tests.test_govt_registers_v89_3.TestTransitPassRegister" name="test_transit_pass_date_filters" time="0.106" /><testcase classname="backend.tests.test_govt_registers_v89_3.TestTransitPassRegister" name="test_transit_pass_excel_export" time="0.194" /><testcase classname="backend.tests.test_govt_registers_v89_3.TestCmrDeliveryTracker" name="test_get_cmr_delivery_returns_200" time="0.112" /><testcase classname="backend.tests.test_govt_registers_v89_3.TestCmrDeliveryTracker" name="test_cmr_delivery_response_structure" time="0.108" /><testcase classname="backend.tests.test_govt_registers_v89_3.TestCmrDeliveryTracker" name="test_create_cmr_delivery" time="0.223" /><testcase classname="backend.tests.test_govt_registers_v89_3.TestCmrDeliveryTracker" name="test_create_and_verify_cmr_delivery" time="0.393" /><testcase classname="backend.tests.test_govt_registers_v89_3.TestCmrDeliveryTracker" name="test_update_cmr_delivery" time="0.409" /><testcase classname="backend.tests.test_govt_registers_v89_3.TestCmrDeliveryTracker" name="test_delete_cmr_delivery" time="0.315" /><testcase classname="backend.tests.test_govt_registers_v89_3.TestCmrDeliveryTracker" name="test_delete_nonexistent_cmr_delivery_returns_404" time="0.128" /><testcase classname="backend.tests.test_govt_registers_v89_3.TestCmrDeliveryTracker" name="test_update_nonexistent_cmr_delivery_returns_404" time="0.102" /><testcase classname="backend.tests.test_govt_registers_v89_3.TestCmrDeliveryTracker" name="test_cmr_delivery_excel_export" time="0.106" /><testcase classname="backend.tests.test_govt_registers_v89_3.TestSecurityDepositManagement" name="test_get_security_deposit_returns_200" time="0.108" /><testcase classname="backend.tests.test_govt_registers_v89_3.TestSecurityDepositManagement" name="test_security_deposit_response_structure" time="0.101" /><testcase classname="backend.tests.test_govt_registers_v89_3.TestSecurityDepositManagement" name="test_create_security_deposit" time="0.222" /><testcase classname="backend.tests.test_govt_registers_v89_3.TestSecurityDepositManagement" name="test_create_and_verify_security_deposit" time="0.324" /><testcase classname="backend.tests.test_govt_registers_v89_3.TestSecurityDepositManagement" name="test_update_security_deposit" time="0.394" /><testcase classname="backend.tests.test_govt_registers_v89_3.TestSecurityDepositManagement" name="test_delete_security_deposit" time="0.362" /><testcase classname="backend.tests.test_govt_registers_v89_3.TestSecurityDepositManagement" name="test_delete_nonexistent_security_deposit_returns_404" time="0.103" /><testcase classname="backend.tests.test_govt_registers_v89_3.TestSecurityDepositManagement" name="test_update_nonexistent_security_deposit_returns_404" time="0.104" /><testcase classname="backend.tests.test_govt_registers_v89_3.TestSecurityDepositManagement" name="test_security_deposit_kms_year_filter" time="0.100" /><testcase classname="backend.tests.test_govt_registers_v89_3.TestSecurityDepositManagement" name="test_security_deposit_excel_export" time="0.109" /></testsuite></testsuites>