<?xml version="1.0" encoding="utf-8"?><testsuites name="pytest tests"><testsuite name="pytest" errors="0" failures="0" skipped="0" tests="13" time="2.747" timestamp="2026-03-30T17:19:20.878698+00:00" hostname="agent-env-a2d806d6-f4d1-4680-9216-00b6d382870a"><testcase classname="backend.tests.test_iteration137_delete_dialog_camera.TestVehicleWeightDelete" name="test_delete_nonexistent_entry_returns_404" time="0.339" /><testcase classname="backend.tests.test_iteration137_delete_dialog_camera.TestVehicleWeightDelete" name="test_vehicle_weight_list_endpoint" time="0.160" /><testcase classname="backend.tests.test_iteration137_delete_dialog_camera.TestVehicleWeightDelete" name="test_vehicle_weight_pending_endpoint" time="0.146" /><testcase classname="backend.tests.test_iteration137_delete_dialog_camera.TestAutoNotifyMessageFormat" name="test_auto_notify_with_existing_entry" time="0.240" /><testcase classname="backend.tests.test_iteration137_delete_dialog_camera.TestAutoNotifyMessageFormat" name="test_auto_notify_with_known_entry" time="0.164" /><testcase classname="backend.tests.test_iteration137_delete_dialog_camera.TestAutoNotifyMessageFormat" name="test_auto_notify_nonexistent_entry_returns_404" time="0.115" /><testcase classname="backend.tests.test_iteration137_delete_dialog_camera.TestAutoNotifySettingToggle" name="test_get_auto_notify_setting" time="0.160" /><testcase classname="backend.tests.test_iteration137_delete_dialog_camera.TestAutoNotifySettingToggle" name="test_toggle_auto_notify_setting_on" time="0.181" /><testcase classname="backend.tests.test_iteration137_delete_dialog_camera.TestAutoNotifySettingToggle" name="test_toggle_auto_notify_setting_off" time="0.159" /><testcase classname="backend.tests.test_iteration137_delete_dialog_camera.TestVehicleWeightCRUD" name="test_create_first_weight_entry" time="0.109" /><testcase classname="backend.tests.test_iteration137_delete_dialog_camera.TestVehicleWeightCRUD" name="test_update_second_weight" time="0.465" /><testcase classname="backend.tests.test_iteration137_delete_dialog_camera.TestVehicleWeightCRUD" name="test_delete_entry" time="0.424" /><testcase classname="backend.tests.test_iteration137_delete_dialog_camera.TestMessageFormatVerification" name="test_message_format_in_backend_code" time="0.000" /></testsuite></testsuites>