<?xml version="1.0" encoding="utf-8"?><testsuites name="pytest tests"><testsuite name="pytest" errors="0" failures="0" skipped="0" tests="11" time="1.319" timestamp="2026-04-13T06:39:42.027436+00:00" hostname="agent-env-a2d806d6-f4d1-4680-9216-00b6d382870a"><testcase classname="backend.tests.test_lazy_loading_v90_3_iteration191.TestLazyLoadingRegression" name="test_auth_login" time="0.154" /><testcase classname="backend.tests.test_lazy_loading_v90_3_iteration191.TestLazyLoadingRegression" name="test_entries_api" time="0.118" /><testcase classname="backend.tests.test_lazy_loading_v90_3_iteration191.TestLazyLoadingRegression" name="test_fy_summary_api" time="0.155" /><testcase classname="backend.tests.test_lazy_loading_v90_3_iteration191.TestLazyLoadingRegression" name="test_totals_api" time="0.095" /><testcase classname="backend.tests.test_lazy_loading_v90_3_iteration191.TestLazyLoadingRegression" name="test_branding_api" time="0.098" /><testcase classname="backend.tests.test_lazy_loading_v90_3_iteration191.TestLazyLoadingRegression" name="test_reports_daily_api" time="0.117" /><testcase classname="backend.tests.test_lazy_loading_v90_3_iteration191.TestLazyLoadingRegression" name="test_reports_agent_mandi_api" time="0.109" /><testcase classname="backend.tests.test_lazy_loading_v90_3_iteration191.TestLazyLoadingRegression" name="test_staff_api" time="0.102" /><testcase classname="backend.tests.test_lazy_loading_v90_3_iteration191.TestLazyLoadingRegression" name="test_dc_tracker_api" time="0.098" /><testcase classname="backend.tests.test_lazy_loading_v90_3_iteration191.TestLazyLoadingRegression" name="test_settings_branding_api" time="0.104" /><testcase classname="backend.tests.test_lazy_loading_v90_3_iteration191.TestLazyLoadingRegression" name="test_milling_entries_api" time="0.100" /></testsuite></testsuites>