<?xml version="1.0" encoding="utf-8"?><testsuites name="pytest tests"><testsuite name="pytest" errors="0" failures="0" skipped="0" tests="9" time="1.056" timestamp="2026-03-28T09:35:36.074865+00:00" hostname="agent-env-a2d806d6-f4d1-4680-9216-00b6d382870a"><testcase classname="backend.tests.test_v49_bugfix.TestSaleBookStockItemsBugFix" name="test_stock_items_returns_rice_usna_with_opening_stock" time="0.161" /><testcase classname="backend.tests.test_v49_bugfix.TestSaleBookStockItemsBugFix" name="test_stock_items_returns_all_expected_items" time="0.112" /><testcase classname="backend.tests.test_v49_bugfix.TestSaleBookStockItemsBugFix" name="test_stock_items_without_kms_year" time="0.111" /><testcase classname="backend.tests.test_v49_bugfix.TestPartySummaryBugFix" name="test_party_summary_returns_paddy_parties" time="0.096" /><testcase classname="backend.tests.test_v49_bugfix.TestPartySummaryBugFix" name="test_party_summary_totals" time="0.098" /><testcase classname="backend.tests.test_v49_bugfix.TestPartySummaryBugFix" name="test_party_summary_2024_2025_empty" time="0.100" /><testcase classname="backend.tests.test_v49_bugfix.TestStockSummaryRegression" name="test_stock_summary_includes_opening" time="0.110" /><testcase classname="backend.tests.test_v49_bugfix.TestBrandingRegression" name="test_branding_custom_fields" time="0.103" /><testcase classname="backend.tests.test_v49_bugfix.TestOpeningStock" name="test_opening_stock_returns_data" time="0.097" /></testsuite></testsuites>