<?xml version="1.0" encoding="utf-8"?><testsuites name="pytest tests"><testsuite name="pytest" errors="0" failures="0" skipped="0" tests="11" time="3.274" timestamp="2026-03-12T08:24:27.450697+00:00" hostname="agent-env-a46c6f6b-e2cb-4390-93ba-18ef3d25f25f"><testcase classname="backend.tests.test_iteration66_gunny_bags_enhanced.TestGunnyBagsEnhancedCRUD" name="test_create_gunny_bag_with_new_fields_no_gst" time="0.257" /><testcase classname="backend.tests.test_iteration66_gunny_bags_enhanced.TestGunnyBagsEnhancedCRUD" name="test_create_gunny_bag_with_cgst_sgst" time="0.209" /><testcase classname="backend.tests.test_iteration66_gunny_bags_enhanced.TestGunnyBagsEnhancedCRUD" name="test_create_gunny_bag_with_igst" time="0.207" /><testcase classname="backend.tests.test_iteration66_gunny_bags_enhanced.TestGunnyBagsAccountingEntries" name="test_accounting_entries_created_for_purchase" time="0.305" /><testcase classname="backend.tests.test_iteration66_gunny_bags_enhanced.TestGunnyBagsDeleteCleansUpAccounting" name="test_delete_cleans_up_accounting_entries" time="0.414" /><testcase classname="backend.tests.test_iteration66_gunny_bags_enhanced.TestGunnyBagsUpdate" name="test_update_recalculates_amounts_and_accounting" time="0.424" /><testcase classname="backend.tests.test_iteration66_gunny_bags_enhanced.TestStockSummaryIncludesGunnyBags" name="test_stock_summary_shows_gunny_bags" time="0.630" /><testcase classname="backend.tests.test_iteration66_gunny_bags_enhanced.TestPartySummarySearch" name="test_party_summary_search_filters_results" time="0.209" /><testcase classname="backend.tests.test_iteration66_gunny_bags_enhanced.TestPartySummarySearch" name="test_party_summary_endpoint_accessible" time="0.094" /><testcase classname="backend.tests.test_iteration66_gunny_bags_enhanced.TestGunnyBagsGetAndList" name="test_gunny_bags_list_returns_new_fields" time="0.327" /><testcase classname="backend.tests.test_iteration66_gunny_bags_enhanced.TestGunnyBagsSummary" name="test_gunny_bags_summary_endpoint" time="0.098" /></testsuite></testsuites>