<?xml version="1.0" encoding="utf-8"?><testsuites name="pytest tests"><testsuite name="pytest" errors="0" failures="0" skipped="0" tests="11" time="2.114" timestamp="2026-03-30T10:15:38.669663+00:00" hostname="agent-env-a2d806d6-f4d1-4680-9216-00b6d382870a"><testcase classname="tests.test_vehicle_weight_iteration129.TestVehicleWeightAPI" name="test_get_next_rst_number" time="0.202" /><testcase classname="tests.test_vehicle_weight_iteration129.TestVehicleWeightAPI" name="test_create_weight_entry_with_first_weight" time="0.110" /><testcase classname="tests.test_vehicle_weight_iteration129.TestVehicleWeightAPI" name="test_list_weight_entries" time="0.102" /><testcase classname="tests.test_vehicle_weight_iteration129.TestVehicleWeightAPI" name="test_get_pending_vehicles" time="0.095" /><testcase classname="tests.test_vehicle_weight_iteration129.TestVehicleWeightAPI" name="test_update_second_weight_and_calculate_net" time="0.352" /><testcase classname="tests.test_vehicle_weight_iteration129.TestVehicleWeightAPI" name="test_weight_slip_pdf_generation" time="0.458" /><testcase classname="tests.test_vehicle_weight_iteration129.TestVehicleWeightAPI" name="test_delete_weight_entry" time="0.207" /><testcase classname="tests.test_vehicle_weight_iteration129.TestVehicleWeightAPI" name="test_delete_nonexistent_entry_returns_404" time="0.097" /><testcase classname="tests.test_vehicle_weight_iteration129.TestExportEndpointsCashDieselRemoval" name="test_excel_export_no_cash_diesel_columns" time="0.108" /><testcase classname="tests.test_vehicle_weight_iteration129.TestExportEndpointsCashDieselRemoval" name="test_pdf_export_no_cash_diesel_columns" time="0.163" /><testcase classname="tests.test_vehicle_weight_iteration129.TestExistingVehicleWeightEntry" name="test_existing_entry_735a852e" time="0.109" /></testsuite></testsuites>