<?xml version="1.0" encoding="utf-8"?><testsuites name="pytest tests"><testsuite name="pytest" errors="0" failures="0" skipped="0" tests="17" time="4.855" timestamp="2026-03-08T16:57:54.376590+00:00" hostname="agent-env-e1124ce0-9977-49e9-9654-68ff73586b0d"><testcase classname="backend.tests.test_local_party_features.TestLogin" name="test_admin_login" time="0.285" /><testcase classname="backend.tests.test_local_party_features.TestLocalPartySummary" name="test_get_summary_returns_parties" time="0.130" /><testcase classname="backend.tests.test_local_party_features.TestLocalPartySummary" name="test_summary_party_structure" time="0.100" /><testcase classname="backend.tests.test_local_party_features.TestLocalPartyTransactions" name="test_get_all_transactions" time="0.143" /><testcase classname="backend.tests.test_local_party_features.TestLocalPartyTransactions" name="test_filter_by_party_name" time="0.124" /><testcase classname="backend.tests.test_local_party_features.TestLocalPartyTransactions" name="test_transaction_structure" time="0.111" /><testcase classname="backend.tests.test_local_party_features.TestManualPurchase" name="test_add_manual_purchase" time="0.226" /><testcase classname="backend.tests.test_local_party_features.TestManualPurchase" name="test_manual_purchase_validation" time="0.113" /><testcase classname="backend.tests.test_local_party_features.TestLocalPartySettlement" name="test_settle_creates_payment_and_cashbook" time="0.671" /><testcase classname="backend.tests.test_local_party_features.TestLocalPartySettlement" name="test_settle_validation" time="0.109" /><testcase classname="backend.tests.test_local_party_features.TestDeleteTransaction" name="test_delete_manual_transaction" time="0.359" /><testcase classname="backend.tests.test_local_party_features.TestDeleteTransaction" name="test_delete_settlement_removes_cashbook" time="0.833" /><testcase classname="backend.tests.test_local_party_features.TestExports" name="test_excel_export" time="0.112" /><testcase classname="backend.tests.test_local_party_features.TestExports" name="test_pdf_export" time="0.197" /><testcase classname="backend.tests.test_local_party_features.TestMillPartsStockEdit" name="test_edit_mill_parts_stock_entry" time="0.685" /><testcase classname="backend.tests.test_local_party_features.TestMillPartsAutoCreateLocalParty" name="test_stock_in_with_party_creates_local_party" time="0.417" /><testcase classname="backend.tests.test_local_party_features.TestSourceTypeBadges" name="test_source_types" time="0.101" /></testsuite></testsuites>