<?xml version="1.0" encoding="utf-8"?><testsuites name="pytest tests"><testsuite name="pytest" errors="0" failures="0" skipped="0" tests="9" time="1.207" timestamp="2026-04-13T06:11:49.272960+00:00" hostname="agent-env-a2d806d6-f4d1-4680-9216-00b6d382870a"><testcase classname="backend.tests.test_payments_refactoring_v90_3_iteration189.TestAuthAndBasics" name="test_login_admin" time="0.207" /><testcase classname="backend.tests.test_payments_refactoring_v90_3_iteration189.TestTruckPaymentsAPI" name="test_get_truck_payments" time="0.143" /><testcase classname="backend.tests.test_payments_refactoring_v90_3_iteration189.TestAgentPaymentsAPI" name="test_get_agent_payments" time="0.111" /><testcase classname="backend.tests.test_payments_refactoring_v90_3_iteration189.TestDieselAccountAPI" name="test_get_diesel_pumps" time="0.164" /><testcase classname="backend.tests.test_payments_refactoring_v90_3_iteration189.TestDieselAccountAPI" name="test_get_diesel_accounts_summary" time="0.098" /><testcase classname="backend.tests.test_payments_refactoring_v90_3_iteration189.TestDieselAccountAPI" name="test_get_diesel_accounts_transactions" time="0.105" /><testcase classname="backend.tests.test_payments_refactoring_v90_3_iteration189.TestRegressionAPIs" name="test_cmr_vs_dc_report" time="0.109" /><testcase classname="backend.tests.test_payments_refactoring_v90_3_iteration189.TestRegressionAPIs" name="test_cash_book_summary" time="0.101" /><testcase classname="backend.tests.test_payments_refactoring_v90_3_iteration189.TestRegressionAPIs" name="test_fy_settings" time="0.104" /></testsuite></testsuites>