<?xml version="1.0" encoding="utf-8"?><testsuites name="pytest tests"><testsuite name="pytest" errors="0" failures="0" skipped="0" tests="11" time="1.515" timestamp="2026-04-13T06:24:26.363879+00:00" hostname="agent-env-a2d806d6-f4d1-4680-9216-00b6d382870a"><testcase classname="tests.test_appheader_reports_refactoring_v90_3_iteration190.TestAuthLogin" name="test_admin_login" time="0.280" /><testcase classname="tests.test_appheader_reports_refactoring_v90_3_iteration190.TestDailyReportAPI" name="test_daily_report_endpoint" time="0.141" /><testcase classname="tests.test_appheader_reports_refactoring_v90_3_iteration190.TestDailyReportAPI" name="test_daily_report_detail_mode" time="0.113" /><testcase classname="tests.test_appheader_reports_refactoring_v90_3_iteration190.TestAgentMandiReportAPI" name="test_agent_mandi_wise_endpoint" time="0.143" /><testcase classname="tests.test_appheader_reports_refactoring_v90_3_iteration190.TestAgentMandiReportAPI" name="test_agent_mandi_with_search" time="0.102" /><testcase classname="tests.test_appheader_reports_refactoring_v90_3_iteration190.TestCMRvsDCReportAPI" name="test_cmr_vs_dc_endpoint" time="0.144" /><testcase classname="tests.test_appheader_reports_refactoring_v90_3_iteration190.TestSeasonPnLReportAPI" name="test_season_pnl_endpoint" time="0.108" /><testcase classname="tests.test_appheader_reports_refactoring_v90_3_iteration190.TestEntriesAPI" name="test_entries_endpoint" time="0.103" /><testcase classname="tests.test_appheader_reports_refactoring_v90_3_iteration190.TestEntriesAPI" name="test_totals_endpoint" time="0.106" /><testcase classname="tests.test_appheader_reports_refactoring_v90_3_iteration190.TestBrandingAPI" name="test_branding_endpoint" time="0.104" /><testcase classname="tests.test_appheader_reports_refactoring_v90_3_iteration190.TestFYSettingsAPI" name="test_fy_settings_endpoint" time="0.097" /></testsuite></testsuites>