<?xml version="1.0" encoding="utf-8"?><testsuites name="pytest tests"><testsuite name="pytest" errors="0" failures="0" skipped="0" tests="20" time="3.515" timestamp="2026-03-30T14:43:07.835783+00:00" hostname="agent-env-a2d806d6-f4d1-4680-9216-00b6d382870a"><testcase classname="backend.tests.test_vehicle_weight_iteration134.TestVehicleWeightAPIs" name="test_01_list_vehicle_weights" time="0.227" /><testcase classname="backend.tests.test_vehicle_weight_iteration134.TestVehicleWeightAPIs" name="test_02_list_with_filters" time="0.352" /><testcase classname="backend.tests.test_vehicle_weight_iteration134.TestVehicleWeightAPIs" name="test_03_get_pending_vehicles" time="0.102" /><testcase classname="backend.tests.test_vehicle_weight_iteration134.TestVehicleWeightAPIs" name="test_04_get_next_rst" time="0.123" /><testcase classname="backend.tests.test_vehicle_weight_iteration134.TestVehicleWeightAPIs" name="test_05_get_auto_notify_setting" time="0.109" /><testcase classname="backend.tests.test_vehicle_weight_iteration134.TestVehicleWeightAPIs" name="test_06_update_auto_notify_setting" time="0.425" /><testcase classname="backend.tests.test_vehicle_weight_iteration134.TestVehicleWeightAPIs" name="test_07_create_weight_entry" time="0.117" /><testcase classname="backend.tests.test_vehicle_weight_iteration134.TestVehicleWeightAPIs" name="test_08_verify_created_entry_in_pending" time="0.121" /><testcase classname="backend.tests.test_vehicle_weight_iteration134.TestVehicleWeightAPIs" name="test_09_get_by_rst" time="0.127" /><testcase classname="backend.tests.test_vehicle_weight_iteration134.TestVehicleWeightAPIs" name="test_10_get_by_rst_not_found" time="0.130" /><testcase classname="backend.tests.test_vehicle_weight_iteration134.TestVehicleWeightAPIs" name="test_11_update_second_weight" time="0.124" /><testcase classname="backend.tests.test_vehicle_weight_iteration134.TestVehicleWeightAPIs" name="test_12_verify_entry_in_completed" time="0.273" /><testcase classname="backend.tests.test_vehicle_weight_iteration134.TestVehicleWeightAPIs" name="test_13_edit_weight_entry" time="0.131" /><testcase classname="backend.tests.test_vehicle_weight_iteration134.TestVehicleWeightAPIs" name="test_14_edit_nonexistent_entry" time="0.102" /><testcase classname="backend.tests.test_vehicle_weight_iteration134.TestVehicleWeightAPIs" name="test_15_slip_pdf" time="0.235" /><testcase classname="backend.tests.test_vehicle_weight_iteration134.TestVehicleWeightAPIs" name="test_16_slip_pdf_not_found" time="0.106" /><testcase classname="backend.tests.test_vehicle_weight_iteration134.TestVehicleWeightAPIs" name="test_17_delete_weight_entry" time="0.107" /><testcase classname="backend.tests.test_vehicle_weight_iteration134.TestVehicleWeightAPIs" name="test_18_verify_deletion" time="0.250" /><testcase classname="backend.tests.test_vehicle_weight_iteration134.TestVehicleWeightAPIs" name="test_19_delete_nonexistent_entry" time="0.121" /><testcase classname="backend.tests.test_vehicle_weight_iteration134.TestVehicleWeightAPIs" name="test_20_second_weight_nonexistent" time="0.102" /></testsuite></testsuites>