<?xml version="1.0" encoding="utf-8"?><testsuites name="pytest tests"><testsuite name="pytest" errors="0" failures="0" skipped="0" tests="8" time="2.953" timestamp="2026-04-01T16:59:30.242325+00:00" hostname="agent-env-a2d806d6-f4d1-4680-9216-00b6d382870a"><testcase classname="backend.tests.test_vw_g_issued_source.TestVehicleWeightGIssued" name="test_branding_api_returns_data" time="0.314" /><testcase classname="backend.tests.test_vw_g_issued_source.TestVehicleWeightGIssued" name="test_create_vw_entry_with_g_issued" time="0.271" /><testcase classname="backend.tests.test_vw_g_issued_source.TestVehicleWeightGIssued" name="test_get_vw_entries_returns_g_issued" time="0.378" /><testcase classname="backend.tests.test_vw_g_issued_source.TestVehicleWeightGIssued" name="test_edit_vw_entry_with_g_issued" time="0.371" /><testcase classname="backend.tests.test_vw_g_issued_source.TestVehicleWeightGIssued" name="test_pdf_slip_generation" time="0.687" /><testcase classname="backend.tests.test_vw_g_issued_source.TestVehicleWeightGIssued" name="test_vw_entry_photos_endpoint" time="0.509" /><testcase classname="backend.tests.test_vw_g_issued_source.TestVehicleWeightExports" name="test_excel_export_endpoint" time="0.113" /><testcase classname="backend.tests.test_vw_g_issued_source.TestVehicleWeightExports" name="test_pdf_export_endpoint" time="0.231" /></testsuite></testsuites>