<?xml version="1.0" encoding="utf-8"?><testsuites name="pytest tests"><testsuite name="pytest" errors="0" failures="0" skipped="0" tests="16" time="2.474" timestamp="2026-03-08T05:26:47.218956+00:00" hostname="agent-env-079d7634-deaa-444d-be6a-75270808e663"><testcase classname="backend.tests.test_new_features.TestAuthentication" name="test_admin_login" time="0.208" /><testcase classname="backend.tests.test_new_features.TestAuthentication" name="test_staff_login" time="0.103" /><testcase classname="backend.tests.test_new_features.TestSeasonPnL" name="test_get_season_pnl_returns_valid_json" time="0.103" /><testcase classname="backend.tests.test_new_features.TestSeasonPnL" name="test_get_season_pnl_with_filter" time="0.113" /><testcase classname="backend.tests.test_new_features.TestMillParts" name="test_get_mill_parts_list" time="0.107" /><testcase classname="backend.tests.test_new_features.TestMillParts" name="test_create_and_delete_mill_part" time="0.459" /><testcase classname="backend.tests.test_new_features.TestMillPartsSummary" name="test_get_stock_summary" time="0.105" /><testcase classname="backend.tests.test_new_features.TestMillPartsSummary" name="test_get_stock_summary_with_filter" time="0.112" /><testcase classname="backend.tests.test_new_features.TestMillPartsStock" name="test_get_stock_entries" time="0.101" /><testcase classname="backend.tests.test_new_features.TestDailyReport" name="test_get_daily_report_valid_date" time="0.145" /><testcase classname="backend.tests.test_new_features.TestDailyReport" name="test_daily_report_with_today_date" time="0.100" /><testcase classname="backend.tests.test_new_features.TestDailyReportExport" name="test_daily_report_excel_export_works" time="0.148" /><testcase classname="backend.tests.test_new_features.TestDailyReportExport" name="test_daily_report_pdf_export_works" time="0.172" /><testcase classname="backend.tests.test_new_features.TestMillPartsExport" name="test_mill_parts_summary_excel_export" time="0.107" /><testcase classname="backend.tests.test_new_features.TestMillPartsExport" name="test_mill_parts_summary_pdf_export" time="0.161" /><testcase classname="backend.tests.test_new_features.TestCMRvsDCReport" name="test_cmr_vs_dc_returns_valid_json" time="0.106" /></testsuite></testsuites>