<?xml version="1.0" encoding="utf-8"?><testsuites name="pytest tests"><testsuite name="pytest" errors="0" failures="1" skipped="0" tests="23" time="3.716" timestamp="2026-04-25T10:56:45.847026+00:00" hostname="agent-env-a2d806d6-f4d1-4680-9216-00b6d382870a"><testcase classname="backend.tests.test_password_recovery.TestPasswordRecoveryFlow" name="test_01_login_with_default_password" time="0.220" /><testcase classname="backend.tests.test_password_recovery.TestPasswordRecoveryFlow" name="test_02_generate_recovery_code" time="0.107" /><testcase classname="backend.tests.test_password_recovery.TestPasswordRecoveryFlow" name="test_03_recovery_code_status" time="0.108" /><testcase classname="backend.tests.test_password_recovery.TestPasswordRecoveryFlow" name="test_04_set_recovery_whatsapp" time="0.132" /><testcase classname="backend.tests.test_password_recovery.TestPasswordRecoveryFlow" name="test_05_get_recovery_whatsapp" time="0.105" /><testcase classname="backend.tests.test_password_recovery.TestPasswordRecoveryFlow" name="test_06_reset_password_via_recovery_code" time="0.115" /><testcase classname="backend.tests.test_password_recovery.TestPasswordRecoveryFlow" name="test_07_old_password_must_fail" time="0.116" /><testcase classname="backend.tests.test_password_recovery.TestPasswordRecoveryFlow" name="test_08_new_password_must_work" time="0.104" /><testcase classname="backend.tests.test_password_recovery.TestPasswordRecoveryFlow" name="test_09_recovery_code_one_time_use" time="0.098" /><testcase classname="backend.tests.test_password_recovery.TestPasswordRecoveryFlow" name="test_10_password_min_length_validation" time="0.198" /><testcase classname="backend.tests.test_password_recovery.TestPasswordRecoveryFlow" name="test_11_wrong_recovery_code_fails" time="0.108" /><testcase classname="backend.tests.test_password_recovery.TestPasswordRecoveryFlow" name="test_12_cleanup_restore_password" time="0.136" /><testcase classname="backend.tests.test_password_recovery.TestPasswordRecoveryFlow" name="test_13_cleanup_clear_recovery_whatsapp" time="0.105" /><testcase classname="backend.tests.test_password_recovery.TestPasswordRecoveryFlow" name="test_14_verify_final_state" time="0.318" /><testcase classname="backend.tests.test_password_recovery.TestAuthorizationChecks" name="test_01_recovery_code_generate_non_admin_fails" time="0.106" /><testcase classname="backend.tests.test_password_recovery.TestAuthorizationChecks" name="test_02_recovery_code_status_non_admin_fails" time="0.096" /><testcase classname="backend.tests.test_password_recovery.TestAuthorizationChecks" name="test_03_recovery_whatsapp_wrong_password_fails" time="0.133" /><testcase classname="backend.tests.test_password_recovery.TestAuthorizationChecks" name="test_04_recovery_whatsapp_get_non_admin_fails" time="0.102" /><testcase classname="backend.tests.test_password_recovery.TestWhatsAppOTPFlow" name="test_01_send_otp_without_recovery_number" time="0.106" /><testcase classname="backend.tests.test_password_recovery.TestWhatsAppOTPFlow" name="test_02_send_otp_with_recovery_number_fails_gracefully" time="0.766"><failure message="AssertionError: Expected 500 (WhatsApp not configured), got 200: {&quot;success&quot;:true,&quot;masked_phone&quot;:&quot;******3210&quot;,&quot;message&quot;:&quot;OTP bhej diya ******3210 pe. 10 minutes ke andar enter karein.&quot;}&#10;assert 200 == 500&#10; +  where 200 = &lt;Response [200]&gt;.status_code">backend/tests/test_password_recovery.py:280: in test_02_send_otp_with_recovery_number_fails_gracefully
    assert response.status_code == 500, f"Expected 500 (WhatsApp not configured), got {response.status_code}: {response.text}"
E   AssertionError: Expected 500 (WhatsApp not configured), got 200: {"success":true,"masked_phone":"******3210","message":"OTP bhej diya ******3210 pe. 10 minutes ke andar enter karein."}
E   assert 200 == 500
E    +  where 200 = &lt;Response [200]&gt;.status_code</failure></testcase><testcase classname="backend.tests.test_password_recovery.TestPasswordStrengthValidation" name="test_01_change_password_min_length" time="0.100" /><testcase classname="backend.tests.test_password_recovery.TestPasswordStrengthValidation" name="test_02_recovery_code_reset_min_length" time="0.107" /><testcase classname="backend.tests.test_password_recovery.TestPasswordStrengthValidation" name="test_03_verify_otp_reset_min_length" time="0.099" /></testsuite></testsuites>