<?xml version="1.0" encoding="utf-8"?><testsuites name="pytest tests"><testsuite name="pytest" errors="0" failures="0" skipped="0" tests="13" time="2.895" timestamp="2026-03-30T18:27:36.036334+00:00" hostname="agent-env-a2d806d6-f4d1-4680-9216-00b6d382870a"><testcase classname="backend.tests.test_vehicle_weight_iteration138.TestVehicleWeightDualPhoto" name="test_01_create_entry_with_first_weight_images" time="0.309" /><testcase classname="backend.tests.test_vehicle_weight_iteration138.TestVehicleWeightDualPhoto" name="test_02_create_entry_without_images" time="0.175" /><testcase classname="backend.tests.test_vehicle_weight_iteration138.TestVehicleWeightDualPhoto" name="test_03_second_weight_with_images" time="0.266" /><testcase classname="backend.tests.test_vehicle_weight_iteration138.TestVehicleWeightDualPhoto" name="test_04_auto_notify_reads_from_disk" time="0.260" /><testcase classname="backend.tests.test_vehicle_weight_iteration138.TestVehicleWeightDualPhoto" name="test_05_auto_notify_entry_not_found" time="0.119" /><testcase classname="backend.tests.test_vehicle_weight_iteration138.TestVehicleWeightDualPhoto" name="test_06_list_entries_with_image_filenames" time="0.247" /><testcase classname="backend.tests.test_vehicle_weight_iteration138.TestVehicleWeightDualPhoto" name="test_07_delete_entry" time="0.220" /><testcase classname="backend.tests.test_vehicle_weight_iteration138.TestVehicleWeightDualPhoto" name="test_08_delete_non_existent_entry" time="0.120" /><testcase classname="backend.tests.test_vehicle_weight_iteration138.TestVehicleWeightDualPhoto" name="test_09_pending_entries_list" time="0.221" /><testcase classname="backend.tests.test_vehicle_weight_iteration138.TestVehicleWeightDualPhoto" name="test_10_next_rst_number" time="0.161" /><testcase classname="backend.tests.test_vehicle_weight_iteration138.TestVehicleWeightDualPhoto" name="test_11_auto_notify_setting_get" time="0.110" /><testcase classname="backend.tests.test_vehicle_weight_iteration138.TestVehicleWeightDualPhoto" name="test_12_auto_notify_setting_update" time="0.319" /><testcase classname="backend.tests.test_vehicle_weight_iteration138.TestVehicleWeightImageFlow" name="test_complete_dual_photo_flow" time="0.275" /></testsuite></testsuites>