<?xml version="1.0" encoding="utf-8"?><testsuites name="pytest tests"><testsuite name="pytest" errors="0" failures="0" skipped="0" tests="15" time="4.029" timestamp="2026-03-11T15:40:55.065626+00:00" hostname="agent-env-e7fbf2ba-ae19-4ab5-b3dd-8787009f01ed"><testcase classname="backend.tests.test_iteration52_pvt_paddy_features.TestPrivatePaddyNewFields" name="test_01_create_paddy_with_new_fields" time="0.389" /><testcase classname="backend.tests.test_iteration52_pvt_paddy_features.TestPrivatePaddyNewFields" name="test_02_get_paddy_returns_new_fields" time="0.399" /><testcase classname="backend.tests.test_iteration52_pvt_paddy_features.TestPrivatePaddyNewFields" name="test_03_update_paddy_preserves_new_fields" time="0.346" /><testcase classname="backend.tests.test_iteration52_pvt_paddy_features.TestGunnyBagAutoCreation" name="test_04_create_paddy_creates_gunny_entries" time="0.562" /><testcase classname="backend.tests.test_iteration52_pvt_paddy_features.TestGunnyBagAutoCreation" name="test_05_update_paddy_recreates_gunny_entries" time="0.508" /><testcase classname="backend.tests.test_iteration52_pvt_paddy_features.TestGunnyBagAutoCreation" name="test_06_delete_paddy_deletes_gunny_entries" time="0.561" /><testcase classname="backend.tests.test_iteration52_pvt_paddy_features.TestExportEndpoints" name="test_07_private_paddy_excel_export" time="0.149" /><testcase classname="backend.tests.test_iteration52_pvt_paddy_features.TestExportEndpoints" name="test_08_private_paddy_pdf_export" time="0.224" /><testcase classname="backend.tests.test_iteration52_pvt_paddy_features.TestExportEndpoints" name="test_09_party_summary_api" time="0.177" /><testcase classname="backend.tests.test_iteration52_pvt_paddy_features.TestExportEndpoints" name="test_10_rice_sales_excel_export" time="0.124" /><testcase classname="backend.tests.test_iteration52_pvt_paddy_features.TestExportEndpoints" name="test_11_rice_sales_pdf_export" time="0.144" /><testcase classname="backend.tests.test_iteration52_pvt_paddy_features.TestReportConfigFields" name="test_12_report_config_has_new_columns" time="0.000" /><testcase classname="backend.tests.test_iteration52_pvt_paddy_features.TestExistingDataIntegrity" name="test_13_existing_paddy_entries_accessible" time="0.116" /><testcase classname="backend.tests.test_iteration52_pvt_paddy_features.TestExistingDataIntegrity" name="test_14_existing_rice_sales_accessible" time="0.137" /><testcase classname="backend.tests.test_iteration52_pvt_paddy_features.TestExistingDataIntegrity" name="test_15_existing_gunny_bags_accessible" time="0.110" /></testsuite></testsuites>