<?xml version="1.0" encoding="utf-8"?><testsuites name="pytest tests"><testsuite name="pytest" errors="0" failures="0" skipped="0" tests="10" time="2.236" timestamp="2026-03-12T19:14:28.828944+00:00" hostname="agent-env-4083f187-55f2-40cb-a5fa-e58baeb3be29"><testcase classname="backend.tests.test_iteration81_stock_pdf.TestPaddyStockCalculation" name="test_stock_items_paddy_value" time="0.381" /><testcase classname="backend.tests.test_iteration81_stock_pdf.TestPaddyStockCalculation" name="test_paddy_stock_api_consistency" time="0.253" /><testcase classname="backend.tests.test_iteration81_stock_pdf.TestSingleVoucherPDF" name="test_sale_voucher_pdf_endpoint_exists" time="0.360" /><testcase classname="backend.tests.test_iteration81_stock_pdf.TestSingleVoucherPDF" name="test_sale_voucher_pdf_invalid_id" time="0.193" /><testcase classname="backend.tests.test_iteration81_stock_pdf.TestSingleVoucherPDF" name="test_purchase_voucher_pdf_endpoint_exists" time="0.301" /><testcase classname="backend.tests.test_iteration81_stock_pdf.TestSingleVoucherPDF" name="test_purchase_voucher_pdf_invalid_id" time="0.159" /><testcase classname="backend.tests.test_iteration81_stock_pdf.TestBulkPDFExports" name="test_sale_book_bulk_pdf_export" time="0.135" /><testcase classname="backend.tests.test_iteration81_stock_pdf.TestBulkPDFExports" name="test_purchase_book_bulk_pdf_export" time="0.158" /><testcase classname="backend.tests.test_iteration81_stock_pdf.TestSaleBookAPI" name="test_sale_book_list" time="0.112" /><testcase classname="backend.tests.test_iteration81_stock_pdf.TestPurchaseBookAPI" name="test_purchase_book_list" time="0.116" /></testsuite></testsuites>