<?xml version="1.0" encoding="utf-8"?><testsuites name="pytest tests"><testsuite name="pytest" errors="0" failures="0" skipped="0" tests="10" time="1.088" timestamp="2026-04-05T06:33:19.518453+00:00" hostname="agent-env-a2d806d6-f4d1-4680-9216-00b6d382870a"><testcase classname="tests.test_iteration170_view_dialog.TestEntryByIdEndpoint" name="test_get_entry_by_id_success" time="0.356" /><testcase classname="tests.test_iteration170_view_dialog.TestEntryByIdEndpoint" name="test_get_entry_by_invalid_id" time="0.143" /><testcase classname="tests.test_iteration170_view_dialog.TestEntryByIdEndpoint" name="test_entry_has_all_required_fields" time="0.213" /><testcase classname="tests.test_iteration170_view_dialog.TestRoundAmountFunction" name="test_round_amount_above_half" time="0.060" /><testcase classname="tests.test_iteration170_view_dialog.TestRoundAmountFunction" name="test_round_amount_exactly_half" time="0.000" /><testcase classname="tests.test_iteration170_view_dialog.TestRoundAmountFunction" name="test_round_amount_below_half" time="0.000" /><testcase classname="tests.test_iteration170_view_dialog.TestRoundAmountFunction" name="test_round_amount_small_number" time="0.000" /><testcase classname="tests.test_iteration170_view_dialog.TestRoundAmountFunction" name="test_round_amount_zero" time="0.000" /><testcase classname="tests.test_iteration170_view_dialog.TestEntriesListEndpoint" name="test_entries_list_returns_data" time="0.108" /><testcase classname="tests.test_iteration170_view_dialog.TestEntriesListEndpoint" name="test_entries_have_id_for_navigation" time="0.146" /></testsuite></testsuites>