<?xml version="1.0" encoding="utf-8"?><testsuites name="pytest tests"><testsuite name="pytest" errors="0" failures="1" skipped="0" tests="22" time="4.369" timestamp="2026-03-06T11:13:55.508640+00:00" hostname="agent-env-251b0819-79b5-49ba-9e15-4bd067cd12c6"><testcase classname="backend.tests.test_payment_features.TestTruckPaymentsEndpoint" name="test_get_truck_payments" time="0.139" /><testcase classname="backend.tests.test_payment_features.TestTruckPaymentsEndpoint" name="test_truck_payments_with_kms_year_filter" time="0.103" /><testcase classname="backend.tests.test_payment_features.TestTruckPaymentsEndpoint" name="test_truck_payments_with_season_filter" time="0.099" /><testcase classname="backend.tests.test_payment_features.TestTruckPaymentsEndpoint" name="test_truck_payment_calculation" time="0.118" /><testcase classname="backend.tests.test_payment_features.TestTruckRateSetting" name="test_set_truck_rate_admin" time="0.422" /><testcase classname="backend.tests.test_payment_features.TestTruckRateSetting" name="test_set_truck_rate_staff_forbidden" time="0.193" /><testcase classname="backend.tests.test_payment_features.TestTruckPaymentMaking" name="test_make_truck_payment_admin" time="0.311" /><testcase classname="backend.tests.test_payment_features.TestTruckPaymentMaking" name="test_make_truck_payment_staff_forbidden" time="0.223" /><testcase classname="backend.tests.test_payment_features.TestTruckMarkPaid" name="test_mark_truck_paid_admin" time="0.333"><failure message="AssertionError: assert 'partial' == 'paid'&#10;  &#10;  - paid&#10;  + partial">backend/tests/test_payment_features.py:223: in test_mark_truck_paid_admin
    assert updated_payment["status"] == "paid"
E   AssertionError: assert 'partial' == 'paid'
E     
E     - paid
E     + partial</failure></testcase><testcase classname="backend.tests.test_payment_features.TestTruckMarkPaid" name="test_mark_truck_paid_staff_forbidden" time="0.205" /><testcase classname="backend.tests.test_payment_features.TestAgentPaymentsEndpoint" name="test_get_agent_payments" time="0.101" /><testcase classname="backend.tests.test_payment_features.TestAgentPaymentsEndpoint" name="test_agent_payments_with_filters" time="0.104" /><testcase classname="backend.tests.test_payment_features.TestAgentPaymentsEndpoint" name="test_agent_payment_calculation" time="0.097" /><testcase classname="backend.tests.test_payment_features.TestAgentPaymentMaking" name="test_make_agent_payment_admin" time="0.301" /><testcase classname="backend.tests.test_payment_features.TestAgentPaymentMaking" name="test_make_agent_payment_staff_forbidden" time="0.223" /><testcase classname="backend.tests.test_payment_features.TestAgentMarkPaid" name="test_mark_agent_paid_admin" time="0.295" /><testcase classname="backend.tests.test_payment_features.TestAgentMarkPaid" name="test_mark_agent_paid_staff_forbidden" time="0.199" /><testcase classname="backend.tests.test_payment_features.TestTargetFormRates" name="test_create_target_with_rates" time="0.199" /><testcase classname="backend.tests.test_payment_features.TestTargetFormRates" name="test_update_target_rates" time="0.299" /><testcase classname="backend.tests.test_payment_features.TestDashboardAgentPaymentAmount" name="test_target_summary_includes_payment_amount" time="0.112" /><testcase classname="backend.tests.test_payment_features.TestBadkutruSpecificCalculation" name="test_badkutru_agent_payment" time="0.111" /><testcase classname="backend.tests.test_payment_features.TestCleanup" name="test_cleanup_test_targets" time="0.107" /></testsuite></testsuites>