<?xml version="1.0" encoding="utf-8"?><testsuites name="pytest tests"><testsuite name="pytest" errors="0" failures="0" skipped="0" tests="16" time="4.232" timestamp="2026-03-11T16:29:12.177634+00:00" hostname="agent-env-109beddd-a856-4f33-8577-826457e39809"><testcase classname="backend.tests.test_iteration54_pvt_paddy_cashbook_diesel.TestPvtPaddyCashBookDieselIntegration" name="test_01_create_pvt_paddy_with_cash_and_diesel" time="0.398" /><testcase classname="backend.tests.test_iteration54_pvt_paddy_cashbook_diesel.TestPvtPaddyCashBookDieselIntegration" name="test_02_verify_cash_transaction_created" time="0.282" /><testcase classname="backend.tests.test_iteration54_pvt_paddy_cashbook_diesel.TestPvtPaddyCashBookDieselIntegration" name="test_03_verify_diesel_account_created" time="0.236" /><testcase classname="backend.tests.test_iteration54_pvt_paddy_cashbook_diesel.TestPvtPaddyCashBookDieselIntegration" name="test_04_party_ledger_shows_pvt_paddy_entries" time="0.144" /><testcase classname="backend.tests.test_iteration54_pvt_paddy_cashbook_diesel.TestPvtPaddyCashBookDieselIntegration" name="test_05_party_ledger_shows_debit_credit_structure" time="0.240" /><testcase classname="backend.tests.test_iteration54_pvt_paddy_cashbook_diesel.TestPvtPaddyCashBookDieselIntegration" name="test_06_delete_pvt_paddy_cascades_cash_diesel" time="0.482" /><testcase classname="backend.tests.test_iteration54_pvt_paddy_cashbook_diesel.TestPvtPaddyCashBookDieselIntegration" name="test_07_update_pvt_paddy_updates_cash_diesel" time="0.432" /><testcase classname="backend.tests.test_iteration54_pvt_paddy_cashbook_diesel.TestPvtPaddyCashBookDieselIntegration" name="test_08_cash_book_shows_nikasi_for_pvt_paddy" time="0.475" /><testcase classname="backend.tests.test_iteration54_pvt_paddy_cashbook_diesel.TestPvtPaddyCashBookDieselIntegration" name="test_09_party_name_format_with_mandi" time="0.295" /><testcase classname="backend.tests.test_iteration54_pvt_paddy_cashbook_diesel.TestPvtPaddyCashBookDieselIntegration" name="test_10_no_cash_entry_when_zero" time="0.334" /><testcase classname="backend.tests.test_iteration54_pvt_paddy_cashbook_diesel.TestCashBookEndpoint" name="test_cash_book_api_accessible" time="0.116" /><testcase classname="backend.tests.test_iteration54_pvt_paddy_cashbook_diesel.TestCashBookEndpoint" name="test_diesel_accounts_api_accessible" time="0.127" /><testcase classname="backend.tests.test_iteration54_pvt_paddy_cashbook_diesel.TestPartyLedgerEndpoint" name="test_party_ledger_all" time="0.121" /><testcase classname="backend.tests.test_iteration54_pvt_paddy_cashbook_diesel.TestPartyLedgerEndpoint" name="test_party_ledger_pvt_paddy_filter" time="0.146" /><testcase classname="backend.tests.test_iteration54_pvt_paddy_cashbook_diesel.TestPartyLedgerEndpoint" name="test_party_ledger_export_excel" time="0.130" /><testcase classname="backend.tests.test_iteration54_pvt_paddy_cashbook_diesel.TestPartyLedgerEndpoint" name="test_party_ledger_export_pdf" time="0.188" /></testsuite></testsuites>