<?xml version="1.0" encoding="utf-8"?><testsuites name="pytest tests"><testsuite name="pytest" errors="0" failures="0" skipped="0" tests="12" time="2.317" timestamp="2026-03-28T08:59:28.301993+00:00" hostname="agent-env-a2d806d6-f4d1-4680-9216-00b6d382870a"><testcase classname="tests.test_iteration111_refactoring.TestStockCalculatorRefactoring" name="test_stock_summary_returns_opening_balance" time="0.217" /><testcase classname="tests.test_iteration111_refactoring.TestStockCalculatorRefactoring" name="test_stock_summary_available_calculation" time="0.137" /><testcase classname="tests.test_iteration111_refactoring.TestStockCalculatorRefactoring" name="test_paddy_stock_endpoint" time="0.114" /><testcase classname="tests.test_iteration111_refactoring.TestPaymentServiceRefactoring" name="test_create_private_payment_creates_cashbook_entries" time="0.447" /><testcase classname="tests.test_iteration111_refactoring.TestPaymentServiceRefactoring" name="test_delete_private_payment_reverses_entries" time="0.515" /><testcase classname="tests.test_iteration111_refactoring.TestBrandingAndSettings" name="test_get_branding_returns_custom_fields" time="0.096" /><testcase classname="tests.test_iteration111_refactoring.TestBrandingAndSettings" name="test_get_fy_settings_returns_both_years" time="0.099" /><testcase classname="tests.test_iteration111_refactoring.TestBrandingAndSettings" name="test_get_opening_stock_returns_balances" time="0.104" /><testcase classname="tests.test_iteration111_refactoring.TestBrandingAndSettings" name="test_carry_forward_endpoint_exists" time="0.106" /><testcase classname="tests.test_iteration111_refactoring.TestStockSummaryIntegration" name="test_stock_summary_includes_all_categories" time="0.128" /><testcase classname="tests.test_iteration111_refactoring.TestStockSummaryIntegration" name="test_stock_summary_paddy_item" time="0.157" /><testcase classname="tests.test_iteration111_refactoring.TestStockSummaryIntegration" name="test_stock_summary_rice_items" time="0.112" /></testsuite></testsuites>