<?xml version="1.0" encoding="utf-8"?><testsuites name="pytest tests"><testsuite name="pytest" errors="0" failures="0" skipped="0" tests="22" time="3.501" timestamp="2026-04-30T15:59:41.510336+00:00" hostname="agent-env-a2d806d6-f4d1-4680-9216-00b6d382870a"><testcase classname="tests.test_pertrip_bhada_v104_44_4.TestPerTripTrucksList" name="test_list_trucks_with_bhada_returns_200" time="0.167" /><testcase classname="tests.test_pertrip_bhada_v104_44_4.TestPerTripTrucksList" name="test_list_trucks_contains_demo_trucks" time="0.115" /><testcase classname="tests.test_pertrip_bhada_v104_44_4.TestPerTripTrucksList" name="test_list_trucks_with_kms_year_filter" time="0.142" /><testcase classname="tests.test_pertrip_bhada_v104_44_4.TestPerTripBreakdown" name="test_per_trip_returns_200_with_trips" time="0.125" /><testcase classname="tests.test_pertrip_bhada_v104_44_4.TestPerTripBreakdown" name="test_per_trip_summary_kpis" time="0.141" /><testcase classname="tests.test_pertrip_bhada_v104_44_4.TestPerTripBreakdown" name="test_per_trip_fifo_settlement_status" time="0.121" /><testcase classname="tests.test_pertrip_bhada_v104_44_4.TestPerTripBreakdown" name="test_per_trip_all_pending_truck" time="0.113" /><testcase classname="tests.test_pertrip_bhada_v104_44_4.TestPerTripBreakdown" name="test_per_trip_sale_purchase_tags" time="0.123" /><testcase classname="tests.test_pertrip_bhada_v104_44_4.TestSettleTrip" name="test_settle_creates_nikasi_entry" time="0.378" /><testcase classname="tests.test_pertrip_bhada_v104_44_4.TestSettleTrip" name="test_settle_invalid_vehicle_returns_404" time="0.114" /><testcase classname="tests.test_pertrip_bhada_v104_44_4.TestSettleTrip" name="test_settle_zero_bhada_trip_returns_400" time="0.141" /><testcase classname="tests.test_pertrip_bhada_v104_44_4.TestPerTripPDF" name="test_pdf_returns_pdf_content_type" time="0.260" /><testcase classname="tests.test_pertrip_bhada_v104_44_4.TestPerTripPDF" name="test_pdf_with_pending_filter" time="0.164" /><testcase classname="tests.test_pertrip_bhada_v104_44_4.TestPerTripPDF" name="test_pdf_filename_contains_vehicle_no" time="0.152" /><testcase classname="tests.test_pertrip_bhada_v104_44_4.TestPerTripExcel" name="test_excel_returns_xlsx_content_type" time="0.144" /><testcase classname="tests.test_pertrip_bhada_v104_44_4.TestPerTripExcel" name="test_excel_with_filter" time="0.119" /><testcase classname="tests.test_pertrip_bhada_v104_44_4.TestWhatsAppText" name="test_whatsapp_text_returns_formatted_text" time="0.116" /><testcase classname="tests.test_pertrip_bhada_v104_44_4.TestWhatsAppText" name="test_whatsapp_text_with_pending_filter" time="0.156" /><testcase classname="tests.test_pertrip_bhada_v104_44_4.TestWhatsAppText" name="test_whatsapp_text_summary_matches" time="0.229" /><testcase classname="tests.test_pertrip_bhada_v104_44_4.TestExistingVWCRUDRegression" name="test_vw_list_endpoint_works" time="0.112" /><testcase classname="tests.test_pertrip_bhada_v104_44_4.TestExistingVWCRUDRegression" name="test_vw_pending_endpoint_works" time="0.122" /><testcase classname="tests.test_pertrip_bhada_v104_44_4.TestExistingVWCRUDRegression" name="test_vw_next_rst_endpoint_works" time="0.143" /></testsuite></testsuites>