<?xml version="1.0" encoding="utf-8"?><testsuites name="pytest tests"><testsuite name="pytest" errors="0" failures="0" skipped="0" tests="11" time="2.505" timestamp="2026-03-15T08:25:25.841652+00:00" hostname="agent-env-5e0cf270-2430-460e-b807-505970cb8d33"><testcase classname="tests.test_iteration93_balance_sheet_bugs.TestBalanceSheetBugFixes" name="test_api_health" time="0.233" /><testcase classname="tests.test_iteration93_balance_sheet_bugs.TestBalanceSheetBugFixes" name="test_balance_sheet_api_accessible" time="0.147" /><testcase classname="tests.test_iteration93_balance_sheet_bugs.TestBalanceSheetBugFixes" name="test_balance_sheet_balances" time="0.178" /><testcase classname="tests.test_iteration93_balance_sheet_bugs.TestBalanceSheetBugFixes" name="test_truck_calculation_uses_correct_formula" time="0.285" /><testcase classname="tests.test_iteration93_balance_sheet_bugs.TestBalanceSheetBugFixes" name="test_truck_balance_should_be_zero_when_fully_paid" time="0.129" /><testcase classname="tests.test_iteration93_balance_sheet_bugs.TestBalanceSheetBugFixes" name="test_diesel_accounts_in_fy_summary" time="0.355" /><testcase classname="tests.test_iteration93_balance_sheet_bugs.TestBalanceSheetBugFixes" name="test_diesel_in_balance_sheet_creditors" time="0.271" /><testcase classname="tests.test_iteration93_balance_sheet_bugs.TestBalanceSheetBugFixes" name="test_cutting_rate_zero_not_defaulting_to_five" time="0.280" /><testcase classname="tests.test_iteration93_balance_sheet_bugs.TestBalanceSheetBugFixes" name="test_barsana_agent_amount_with_nonzero_cutting_rate" time="0.278" /><testcase classname="tests.test_iteration93_balance_sheet_bugs.TestOrphanDieselHandling" name="test_diesel_pumps_endpoint" time="0.110" /><testcase classname="tests.test_iteration93_balance_sheet_bugs.TestOrphanDieselHandling" name="test_diesel_accounts_endpoint" time="0.107" /></testsuite></testsuites>