<?xml version="1.0" encoding="utf-8"?><testsuites name="pytest tests"><testsuite name="pytest" errors="0" failures="0" skipped="0" tests="19" time="0.547" timestamp="2026-04-19T18:14:54.422117+00:00" hostname="agent-env-a2d806d6-f4d1-4680-9216-00b6d382870a"><testcase classname="tests.test_license_system.TestCentralLicenseServerAuth" name="test_cls_health_check" time="0.003" /><testcase classname="tests.test_license_system.TestCentralLicenseServerAuth" name="test_cls_login_success" time="0.061" /><testcase classname="tests.test_license_system.TestCentralLicenseServerAuth" name="test_cls_login_invalid_credentials" time="0.002" /><testcase classname="tests.test_license_system.TestCentralLicenseServerLicenses" name="test_create_license_with_notification" time="0.064" /><testcase classname="tests.test_license_system.TestCentralLicenseServerLicenses" name="test_test_notify_revoked" time="0.002" /><testcase classname="tests.test_license_system.TestCentralLicenseServerLicenses" name="test_test_notify_activated" time="0.002" /><testcase classname="tests.test_license_system.TestCentralLicenseServerLicenses" name="test_test_notify_expiring" time="0.002" /><testcase classname="tests.test_license_system.TestCentralLicenseServerLicenses" name="test_test_notify_expired" time="0.002" /><testcase classname="tests.test_license_system.TestCentralLicenseServerLicenses" name="test_expiry_scan" time="0.002" /><testcase classname="tests.test_license_system.TestCentralLicenseServerLicenses" name="test_verify_notified_7day_not_persisted" time="0.000" /><testcase classname="tests.test_license_system.TestCentralLicenseServerLicenses" name="test_reset_notifications" time="0.002" /><testcase classname="tests.test_license_system.TestCentralLicenseServerLicenses" name="test_revoke_license" time="0.002" /><testcase classname="tests.test_license_system.TestCentralLicenseServerLicenses" name="test_reactivate_license" time="0.002" /><testcase classname="tests.test_license_system.TestCentralLicenseServerLicenses" name="test_revoke_again" time="0.002" /><testcase classname="tests.test_license_system.TestCentralLicenseServerLicenses" name="test_update_expiry_resets_notification_flags" time="0.004" /><testcase classname="tests.test_license_system.TestCentralLicenseServerCleanup" name="test_delete_test_license" time="0.000" /><testcase classname="tests.test_license_system.TestPythonWebBackendLicenseStub" name="test_license_info_stub" time="0.155" /><testcase classname="tests.test_license_system.TestPythonWebBackendLicenseStub" name="test_license_heartbeat_stub" time="0.139" /><testcase classname="tests.test_license_system.TestCentralLicenseServerLogs" name="test_check_server_logs" time="0.000" /></testsuite></testsuites>