<?xml version="1.0" encoding="utf-8"?><testsuites name="pytest tests"><testsuite name="pytest" errors="0" failures="0" skipped="0" tests="7" time="6.387" timestamp="2026-03-25T16:52:21.963827+00:00" hostname="agent-env-7abdddd9-3236-4b95-a8b3-e0d52eb4c99c"><testcase classname="backend.tests.test_iteration102_pvt_paddy_bugfix.TestPrivatePaddyBugFix" name="test_01_create_pvt_paddy_creates_party_jama_entry" time="1.093" /><testcase classname="backend.tests.test_iteration102_pvt_paddy_bugfix.TestPrivatePaddyBugFix" name="test_02_delete_pvt_paddy_removes_all_linked_entries" time="1.510" /><testcase classname="backend.tests.test_iteration102_pvt_paddy_bugfix.TestPrivatePaddyBugFix" name="test_03_update_pvt_paddy_replaces_entries_no_duplicates" time="1.597" /><testcase classname="backend.tests.test_iteration102_pvt_paddy_bugfix.TestPrivatePaddyBugFix" name="test_04_cash_book_ledger_shows_party_name_as_category" time="0.862" /><testcase classname="backend.tests.test_iteration102_pvt_paddy_bugfix.TestPrivatePaddyBugFix" name="test_05_verify_qntl_rate_in_description" time="0.903" /><testcase classname="backend.tests.test_iteration102_pvt_paddy_bugfix.TestPrivatePaddyAPIEndpoints" name="test_get_private_paddy_list" time="0.112" /><testcase classname="backend.tests.test_iteration102_pvt_paddy_bugfix.TestPrivatePaddyAPIEndpoints" name="test_cash_book_ledger_endpoint" time="0.107" /></testsuite></testsuites>