<?xml version="1.0" encoding="utf-8"?><testsuites name="pytest tests"><testsuite name="pytest" errors="0" failures="0" skipped="0" tests="12" time="4.053" timestamp="2026-03-12T17:34:11.287127+00:00" hostname="agent-env-dc4b2948-2bdc-41be-aad1-59164be04dd5"><testcase classname="backend.tests.test_iteration74_features.TestSaleBookKeyErrorFix" name="test_create_sale_voucher_success" time="0.419" /><testcase classname="backend.tests.test_iteration74_features.TestPurchaseVoucherPaymentWithCashBank" name="test_create_purchase_voucher_for_payment" time="0.187" /><testcase classname="backend.tests.test_iteration74_features.TestPurchaseVoucherPaymentWithCashBank" name="test_cash_payment_on_purchase_voucher" time="0.530" /><testcase classname="backend.tests.test_iteration74_features.TestPurchaseVoucherPaymentWithCashBank" name="test_bank_payment_on_purchase_voucher" time="0.445" /><testcase classname="backend.tests.test_iteration74_features.TestPurchaseVoucherPaymentHistory" name="test_payment_history_has_can_undo" time="0.610" /><testcase classname="backend.tests.test_iteration74_features.TestPurchaseVoucherPaymentHistory" name="test_undo_payment_flow" time="0.558" /><testcase classname="backend.tests.test_iteration74_features.TestSaleBookBulkDelete" name="test_bulk_delete_sale_vouchers" time="0.395" /><testcase classname="backend.tests.test_iteration74_features.TestCashBookSaleVoucherPayment" name="test_sale_book_vouchers_returned" time="0.122" /><testcase classname="backend.tests.test_iteration74_features.TestCashBookSaleVoucherPayment" name="test_sale_voucher_payment_from_cashbook" time="0.368" /><testcase classname="backend.tests.test_iteration74_features.TestPurchaseBookForCashBookDialog" name="test_purchase_vouchers_with_balance" time="0.104" /><testcase classname="backend.tests.test_iteration74_features.TestBankAccounts" name="test_get_bank_accounts" time="0.116" /><testcase classname="backend.tests.test_iteration74_features.TestCashBookOpeningBalance" name="test_get_opening_balance" time="0.123" /></testsuite></testsuites>