<?xml version="1.0" encoding="utf-8"?><testsuites name="pytest tests"><testsuite name="pytest" errors="0" failures="0" skipped="0" tests="13" time="5.374" timestamp="2026-03-12T21:06:43.982252+00:00" hostname="agent-env-7cb51a4b-dab7-461b-939b-19cdd6336a8b"><testcase classname="backend.tests.test_iteration83_bug_fixes.TestDailyReportPDFModes" name="test_daily_report_detail_mode_returns_pdf" time="0.259" /><testcase classname="backend.tests.test_iteration83_bug_fixes.TestDailyReportPDFModes" name="test_daily_report_normal_mode_returns_pdf" time="0.204" /><testcase classname="backend.tests.test_iteration83_bug_fixes.TestDailyReportPDFModes" name="test_detail_mode_pdf_larger_than_normal" time="0.351" /><testcase classname="backend.tests.test_iteration83_bug_fixes.TestDailyReportPDFModes" name="test_daily_report_api_returns_data_for_detail_mode" time="0.131" /><testcase classname="backend.tests.test_iteration83_bug_fixes.TestDailyReportPDFModes" name="test_daily_report_api_returns_data_for_normal_mode" time="0.141" /><testcase classname="backend.tests.test_iteration83_bug_fixes.TestLocalPartyPaymentLinking" name="test_local_party_summary_endpoint" time="0.290" /><testcase classname="backend.tests.test_iteration83_bug_fixes.TestLocalPartyPaymentLinking" name="test_local_party_report_includes_cashbook_payments" time="1.163" /><testcase classname="backend.tests.test_iteration83_bug_fixes.TestLocalPartyPaymentLinking" name="test_local_party_report_balance_matches_summary" time="0.839" /><testcase classname="backend.tests.test_iteration83_bug_fixes.TestLocalPartyPaymentLinking" name="test_local_party_transactions_includes_cashbook" time="0.283" /><testcase classname="backend.tests.test_iteration83_bug_fixes.TestLocalPartyPaymentLinking" name="test_local_party_no_double_counting" time="0.511" /><testcase classname="backend.tests.test_iteration83_bug_fixes.TestLocalPartyCashBookSourceType" name="test_cashbook_payments_have_source_type" time="0.751" /><testcase classname="backend.tests.test_iteration83_bug_fixes.TestDailyReportExcelExport" name="test_daily_report_detail_excel_export" time="0.187" /><testcase classname="backend.tests.test_iteration83_bug_fixes.TestDailyReportExcelExport" name="test_daily_report_normal_excel_export" time="0.205" /></testsuite></testsuites>