<?xml version="1.0" encoding="utf-8"?><testsuites name="pytest tests"><testsuite name="pytest" errors="0" failures="0" skipped="0" tests="17" time="2.381" timestamp="2026-03-06T10:11:17.497431+00:00" hostname="agent-env-251b0819-79b5-49ba-9e15-4bd067cd12c6"><testcase classname="backend.tests.test_exports.TestExportEndpoints" name="test_excel_export_returns_valid_file" time="0.146" /><testcase classname="backend.tests.test_exports.TestExportEndpoints" name="test_pdf_export_returns_valid_file" time="0.121" /><testcase classname="backend.tests.test_exports.TestExportEndpoints" name="test_excel_export_with_filters" time="0.125" /><testcase classname="backend.tests.test_exports.TestExportEndpoints" name="test_pdf_export_with_filters" time="0.106" /><testcase classname="backend.tests.test_exports.TestExcelColumns" name="test_excel_has_all_required_columns" time="0.144" /><testcase classname="backend.tests.test_exports.TestExcelColumns" name="test_excel_column_order" time="0.134" /><testcase classname="backend.tests.test_exports.TestExcelStyling" name="test_excel_has_header_styling" time="0.142" /><testcase classname="backend.tests.test_exports.TestExcelStyling" name="test_excel_has_title_row" time="0.136" /><testcase classname="backend.tests.test_exports.TestExcelStyling" name="test_excel_has_highlighted_columns" time="0.123" /><testcase classname="backend.tests.test_exports.TestExcelData" name="test_excel_has_totals_row" time="0.131" /><testcase classname="backend.tests.test_exports.TestExcelData" name="test_excel_totals_include_cash_diesel" time="0.192" /><testcase classname="backend.tests.test_exports.TestPDFContent" name="test_pdf_has_content" time="0.103" /><testcase classname="backend.tests.test_exports.TestPDFContent" name="test_pdf_is_valid_reportlab_pdf" time="0.102" /><testcase classname="backend.tests.test_exports.TestAuthEndpoints" name="test_login_with_admin_credentials" time="0.108" /><testcase classname="backend.tests.test_exports.TestAuthEndpoints" name="test_login_with_invalid_credentials" time="0.106" /><testcase classname="backend.tests.test_exports.TestEntriesAPI" name="test_get_entries" time="0.105" /><testcase classname="backend.tests.test_exports.TestEntriesAPI" name="test_get_totals" time="0.121" /></testsuite></testsuites>