<?xml version="1.0" encoding="utf-8"?><testsuites name="pytest tests"><testsuite name="pytest" errors="0" failures="0" skipped="0" tests="16" time="2.527" timestamp="2026-03-15T17:38:41.866459+00:00" hostname="agent-env-7efa660e-a150-43c8-a569-9509b5e68a75"><testcase classname="tests.test_iteration98_hemali_enhancements.TestPrintReceiptPDF" name="test_print_receipt_returns_pdf" time="0.341" /><testcase classname="tests.test_iteration98_hemali_enhancements.TestPrintReceiptPDF" name="test_print_receipt_404_for_invalid_id" time="0.132" /><testcase classname="tests.test_iteration98_hemali_enhancements.TestDailyReportHemaliSection" name="test_daily_report_has_hemali_section" time="0.133" /><testcase classname="tests.test_iteration98_hemali_enhancements.TestDailyReportHemaliSection" name="test_daily_report_hemali_counts" time="0.112" /><testcase classname="tests.test_iteration98_hemali_enhancements.TestDailyReportPDFWithHemali" name="test_daily_report_pdf_returns_200" time="0.147" /><testcase classname="tests.test_iteration98_hemali_enhancements.TestDailyReportPDFWithHemali" name="test_daily_report_pdf_detail_mode" time="0.156" /><testcase classname="tests.test_iteration98_hemali_enhancements.TestDailyReportExcelWithHemali" name="test_daily_report_excel_returns_200" time="0.145" /><testcase classname="tests.test_iteration98_hemali_enhancements.TestMonthlySummaryWithMonthFilter" name="test_monthly_summary_unfiltered" time="0.115" /><testcase classname="tests.test_iteration98_hemali_enhancements.TestMonthlySummaryWithMonthFilter" name="test_monthly_summary_with_month_filter" time="0.118" /><testcase classname="tests.test_iteration98_hemali_enhancements.TestMonthlySummaryWithMonthFilter" name="test_monthly_summary_month_filter_empty_result" time="0.109" /><testcase classname="tests.test_iteration98_hemali_enhancements.TestMonthlySummaryPDFWithMonthFilter" name="test_monthly_summary_pdf_unfiltered" time="0.172" /><testcase classname="tests.test_iteration98_hemali_enhancements.TestMonthlySummaryPDFWithMonthFilter" name="test_monthly_summary_pdf_with_month_filter" time="0.153" /><testcase classname="tests.test_iteration98_hemali_enhancements.TestMonthlySummaryExcelWithMonthFilter" name="test_monthly_summary_excel_unfiltered" time="0.122" /><testcase classname="tests.test_iteration98_hemali_enhancements.TestMonthlySummaryExcelWithMonthFilter" name="test_monthly_summary_excel_with_month_filter" time="0.184" /><testcase classname="tests.test_iteration98_hemali_enhancements.TestDailyReportHemaliDetails" name="test_hemali_detail_fields" time="0.146" /><testcase classname="tests.test_iteration98_hemali_enhancements.TestDailyReportHemaliDetails" name="test_hemali_total_work_and_paid" time="0.132" /></testsuite></testsuites>