<?xml version="1.0" encoding="utf-8"?><testsuites name="pytest tests"><testsuite name="pytest" errors="0" failures="0" skipped="0" tests="13" time="0.924" timestamp="2026-04-13T05:14:53.625855+00:00" hostname="agent-env-a2d806d6-f4d1-4680-9216-00b6d382870a"><testcase classname="tests.test_dynamic_byproduct_categories.TestByProductCategories" name="test_get_byproduct_categories_includes_rejection_rice" time="0.183" /><testcase classname="tests.test_dynamic_byproduct_categories.TestMillingEntryWithDynamicCategories" name="test_create_milling_entry_with_rejection_rice" time="0.044" /><testcase classname="tests.test_dynamic_byproduct_categories.TestMillingEntryWithDynamicCategories" name="test_get_milling_entry_has_rejection_rice" time="0.044" /><testcase classname="tests.test_dynamic_byproduct_categories.TestByProductStock" name="test_byproduct_stock_has_rejection_rice" time="0.046" /><testcase classname="tests.test_dynamic_byproduct_categories.TestSaleBookStockItems" name="test_sale_book_stock_items_has_rejection_rice" time="0.054" /><testcase classname="tests.test_dynamic_byproduct_categories.TestPurchaseBookStockItems" name="test_purchase_book_stock_items_has_rejection_rice" time="0.052" /><testcase classname="tests.test_dynamic_byproduct_categories.TestOpeningStockAndFYSummary" name="test_set_opening_stock_with_rejection_rice" time="0.047" /><testcase classname="tests.test_dynamic_byproduct_categories.TestOpeningStockAndFYSummary" name="test_get_opening_stock_has_rejection_rice" time="0.045" /><testcase classname="tests.test_dynamic_byproduct_categories.TestOpeningStockAndFYSummary" name="test_fy_summary_has_rejection_rice_opening_stock" time="0.057" /><testcase classname="tests.test_dynamic_byproduct_categories.TestStockSummary" name="test_stock_summary_has_rejection_rice" time="0.047" /><testcase classname="tests.test_dynamic_byproduct_categories.TestMillingSummary" name="test_milling_summary_has_rejection_rice_total" time="0.074" /><testcase classname="tests.test_dynamic_byproduct_categories.TestCleanup" name="test_delete_test_milling_entry" time="0.112" /><testcase classname="tests.test_dynamic_byproduct_categories.TestCleanup" name="test_reset_opening_stock" time="0.044" /></testsuite></testsuites>