<?xml version="1.0" encoding="utf-8"?><testsuites name="pytest tests"><testsuite name="pytest" errors="0" failures="0" skipped="0" tests="10" time="1.506" timestamp="2026-03-28T08:45:16.853305+00:00" hostname="agent-env-a2d806d6-f4d1-4680-9216-00b6d382870a"><testcase classname="backend.tests.test_iteration110_stock_opening.TestOpeningStockAPI" name="test_get_opening_stock_for_kms_year" time="0.221" /><testcase classname="backend.tests.test_iteration110_stock_opening.TestOpeningStockAPI" name="test_put_opening_stock_with_rice_split" time="0.271" /><testcase classname="backend.tests.test_iteration110_stock_opening.TestOpeningStockAPI" name="test_put_opening_stock_requires_admin" time="0.103" /><testcase classname="backend.tests.test_iteration110_stock_opening.TestStockSummaryWithOpening" name="test_stock_summary_includes_opening_field" time="0.113" /><testcase classname="backend.tests.test_iteration110_stock_opening.TestStockSummaryWithOpening" name="test_stock_summary_opening_matches_db" time="0.205" /><testcase classname="backend.tests.test_iteration110_stock_opening.TestStockSummaryWithOpening" name="test_available_calculation_includes_opening" time="0.102" /><testcase classname="backend.tests.test_iteration110_stock_opening.TestCarryForward" name="test_carry_forward_endpoint_exists" time="0.107" /><testcase classname="backend.tests.test_iteration110_stock_opening.TestCarryForward" name="test_carry_forward_requires_admin" time="0.097" /><testcase classname="backend.tests.test_iteration110_stock_opening.TestCarryForward" name="test_carry_forward_requires_source_and_target" time="0.111" /><testcase classname="backend.tests.test_iteration110_stock_opening.TestStockItemsList" name="test_opening_stock_has_9_items" time="0.106" /></testsuite></testsuites>