<?xml version="1.0" encoding="utf-8"?><testsuites name="pytest tests"><testsuite name="pytest" errors="0" failures="0" skipped="0" tests="10" time="1.401" timestamp="2026-03-13T07:07:20.257482+00:00" hostname="agent-env-7cb51a4b-dab7-461b-939b-19cdd6336a8b"><testcase classname="tests.test_iteration85_balance_sheet.TestBalanceSheetAPI" name="test_balance_sheet_endpoint_returns_200" time="0.193" /><testcase classname="tests.test_iteration85_balance_sheet.TestBalanceSheetAPI" name="test_balance_sheet_is_balanced" time="0.121" /><testcase classname="tests.test_iteration85_balance_sheet.TestBalanceSheetAPI" name="test_balance_sheet_has_required_structure" time="0.125" /><testcase classname="tests.test_iteration85_balance_sheet.TestBalanceSheetAPI" name="test_balance_sheet_includes_account_details" time="0.144" /><testcase classname="tests.test_iteration85_balance_sheet.TestBalanceSheetAPI" name="test_balance_sheet_has_date_info" time="0.124" /><testcase classname="tests.test_iteration85_balance_sheet.TestBalanceSheetExports" name="test_balance_sheet_pdf_export" time="0.117" /><testcase classname="tests.test_iteration85_balance_sheet.TestBalanceSheetExports" name="test_balance_sheet_excel_export" time="0.136" /><testcase classname="tests.test_iteration85_balance_sheet.TestLoginErrorMessage" name="test_login_wrong_password_returns_error" time="0.169" /><testcase classname="tests.test_iteration85_balance_sheet.TestLoginErrorMessage" name="test_login_correct_credentials" time="0.104" /><testcase classname="tests.test_iteration85_balance_sheet.TestFYSummarySubTabs" name="test_fy_summary_api_works" time="0.115" /></testsuite></testsuites>