<?xml version="1.0" encoding="utf-8"?><testsuites name="pytest tests"><testsuite name="pytest" errors="0" failures="0" skipped="0" tests="9" time="1.553" timestamp="2026-04-11T12:21:38.506121+00:00" hostname="agent-env-a2d806d6-f4d1-4680-9216-00b6d382870a"><testcase classname="backend.tests.test_mandi_custody_register.TestMandiCustodyRegister" name="test_mandi_custody_register_json_returns_200" time="0.158" /><testcase classname="backend.tests.test_mandi_custody_register.TestMandiCustodyRegister" name="test_mandi_custody_register_row_structure" time="0.144" /><testcase classname="backend.tests.test_mandi_custody_register.TestMandiCustodyRegister" name="test_prog_total_is_cumulative" time="0.102" /><testcase classname="backend.tests.test_mandi_custody_register.TestMandiCustodyRegister" name="test_total_equals_sum_of_mandis" time="0.120" /><testcase classname="backend.tests.test_mandi_custody_register.TestMandiCustodyRegister" name="test_grand_total_equals_last_prog_total" time="0.119" /><testcase classname="backend.tests.test_mandi_custody_register.TestMandiCustodyRegister" name="test_pdf_export_returns_200" time="0.155" /><testcase classname="backend.tests.test_mandi_custody_register.TestMandiCustodyRegister" name="test_excel_export_returns_200" time="0.187" /><testcase classname="backend.tests.test_mandi_custody_register.TestMandiCustodyRegister" name="test_date_filter_works" time="0.220" /><testcase classname="backend.tests.test_mandi_custody_register.TestMandiCustodyRegister" name="test_empty_kms_year_returns_data" time="0.150" /></testsuite></testsuites>