<?xml version="1.0" encoding="utf-8"?><testsuites name="pytest tests"><testsuite name="pytest" errors="0" failures="0" skipped="0" tests="11" time="2.931" timestamp="2026-04-03T13:22:30.995008+00:00" hostname="agent-env-a2d806d6-f4d1-4680-9216-00b6d382870a"><testcase classname="backend.tests.test_vehicle_weight_bugfixes.TestVehicleWeightBugFixes" name="test_create_entry_with_g_issued_and_tp_no" time="0.405" /><testcase classname="backend.tests.test_vehicle_weight_bugfixes.TestVehicleWeightBugFixes" name="test_second_weight_saves_g_issued_and_tp_no" time="0.366" /><testcase classname="backend.tests.test_vehicle_weight_bugfixes.TestVehicleWeightBugFixes" name="test_rst_lookup_returns_g_issued_and_tp_no" time="0.342" /><testcase classname="backend.tests.test_vehicle_weight_bugfixes.TestVehicleWeightBugFixes" name="test_save_image_with_null_data_no_crash" time="0.236" /><testcase classname="backend.tests.test_vehicle_weight_bugfixes.TestVehicleWeightBugFixes" name="test_save_image_with_object_data_no_crash" time="0.252" /><testcase classname="backend.tests.test_vehicle_weight_bugfixes.TestVehicleWeightBugFixes" name="test_save_image_strips_data_url_prefix" time="0.206" /><testcase classname="backend.tests.test_vehicle_weight_bugfixes.TestVehicleWeightBugFixes" name="test_weighbridge_live_weight_endpoint" time="0.100" /><testcase classname="backend.tests.test_vehicle_weight_bugfixes.TestVehicleWeightBugFixes" name="test_pending_count_endpoint" time="0.107" /><testcase classname="backend.tests.test_vehicle_weight_bugfixes.TestVehicleWeightBugFixes" name="test_edit_entry_updates_g_issued_and_tp_no" time="0.396" /><testcase classname="backend.tests.test_vehicle_weight_bugfixes.TestVehicleWeightListAndFilters" name="test_list_entries_includes_g_issued_and_tp_no" time="0.273" /><testcase classname="backend.tests.test_vehicle_weight_bugfixes.TestVehicleWeightListAndFilters" name="test_pending_entries_list" time="0.113" /></testsuite></testsuites>