<?xml version="1.0" encoding="utf-8"?><testsuites name="pytest tests"><testsuite name="pytest" errors="0" failures="0" skipped="0" tests="15" time="2.890" timestamp="2026-03-11T16:11:26.398731+00:00" hostname="agent-env-109beddd-a856-4f33-8577-826457e39809"><testcase classname="backend.tests.test_iteration53_paddy_stock.TestPaddyStockAPI" name="test_01_paddy_stock_returns_all_required_fields" time="0.286" /><testcase classname="backend.tests.test_iteration53_paddy_stock.TestPaddyStockAPI" name="test_02_total_paddy_equals_cmr_plus_pvt" time="0.191" /><testcase classname="backend.tests.test_iteration53_paddy_stock.TestPaddyStockAPI" name="test_03_available_paddy_equals_total_minus_used" time="0.174" /><testcase classname="backend.tests.test_iteration53_paddy_stock.TestPaddyStockAPI" name="test_04_paddy_stock_with_filters" time="0.310" /><testcase classname="backend.tests.test_iteration53_paddy_stock.TestPaddyCustodyRegister" name="test_05_custody_register_returns_200" time="0.177" /><testcase classname="backend.tests.test_iteration53_paddy_stock.TestPaddyCustodyRegister" name="test_06_custody_register_no_private_entries" time="0.148" /><testcase classname="backend.tests.test_iteration53_paddy_stock.TestPaddyCustodyRegister" name="test_07_custody_register_only_mill_entries" time="0.114" /><testcase classname="backend.tests.test_iteration53_paddy_stock.TestPaddyCustodyRegister" name="test_08_custody_register_balance_calculation" time="0.129" /><testcase classname="backend.tests.test_iteration53_paddy_stock.TestPaddyStockVsCustodyBalance" name="test_09_cmr_stock_matches_custody_balance" time="0.254" /><testcase classname="backend.tests.test_iteration53_paddy_stock.TestMillEntriesAndPrivatePaddy" name="test_10_mill_entries_api" time="0.114" /><testcase classname="backend.tests.test_iteration53_paddy_stock.TestMillEntriesAndPrivatePaddy" name="test_11_private_paddy_api" time="0.122" /><testcase classname="backend.tests.test_iteration53_paddy_stock.TestMillingEntriesUsage" name="test_12_milling_entries_api" time="0.111" /><testcase classname="backend.tests.test_iteration53_paddy_stock.TestMillingEntriesUsage" name="test_13_milling_summary_api" time="0.108" /><testcase classname="backend.tests.test_iteration53_paddy_stock.TestExportEndpoints" name="test_14_custody_register_excel_export" time="0.123" /><testcase classname="backend.tests.test_iteration53_paddy_stock.TestExportEndpoints" name="test_15_custody_register_pdf_export" time="0.330" /></testsuite></testsuites>