<?xml version="1.0" encoding="utf-8"?><testsuites name="pytest tests"><testsuite name="pytest" errors="0" failures="0" skipped="0" tests="25" time="3.945" timestamp="2026-03-09T18:15:51.851116+00:00" hostname="agent-env-73d545ff-bcc4-4c3e-beab-d238c14277e4"><testcase classname="tests.test_python_backend_apis.TestHealthAndBasics" name="test_root_endpoint" time="0.378" /><testcase classname="tests.test_python_backend_apis.TestHealthAndBasics" name="test_branding_endpoint" time="0.206" /><testcase classname="tests.test_python_backend_apis.TestAuthentication" name="test_login_admin_success" time="0.137" /><testcase classname="tests.test_python_backend_apis.TestAuthentication" name="test_login_staff_success" time="0.251" /><testcase classname="tests.test_python_backend_apis.TestAuthentication" name="test_login_wrong_password" time="0.117" /><testcase classname="tests.test_python_backend_apis.TestAuthentication" name="test_login_invalid_user" time="0.113" /><testcase classname="tests.test_python_backend_apis.TestEntriesEndpoint" name="test_get_entries" time="0.112" /><testcase classname="tests.test_python_backend_apis.TestEntriesEndpoint" name="test_get_entries_with_filters" time="0.116" /><testcase classname="tests.test_python_backend_apis.TestTotalsEndpoint" name="test_get_totals" time="0.202" /><testcase classname="tests.test_python_backend_apis.TestTotalsEndpoint" name="test_get_totals_with_filters" time="0.115" /><testcase classname="tests.test_python_backend_apis.TestSuggestionsEndpoints" name="test_get_truck_suggestions" time="0.120" /><testcase classname="tests.test_python_backend_apis.TestSuggestionsEndpoints" name="test_get_agent_suggestions" time="0.109" /><testcase classname="tests.test_python_backend_apis.TestSuggestionsEndpoints" name="test_get_mandi_suggestions" time="0.148" /><testcase classname="tests.test_python_backend_apis.TestMandiTargetsEndpoint" name="test_get_mandi_targets" time="0.134" /><testcase classname="tests.test_python_backend_apis.TestMandiTargetsEndpoint" name="test_get_mandi_targets_with_filter" time="0.130" /><testcase classname="tests.test_python_backend_apis.TestDashboardEndpoints" name="test_get_agent_totals" time="0.190" /><testcase classname="tests.test_python_backend_apis.TestDashboardEndpoints" name="test_get_date_range_totals" time="0.132" /><testcase classname="tests.test_python_backend_apis.TestCashBookEndpoint" name="test_get_cash_book" time="0.188" /><testcase classname="tests.test_python_backend_apis.TestCashBookEndpoint" name="test_get_cash_book_summary" time="0.110" /><testcase classname="tests.test_python_backend_apis.TestDieselPumpsEndpoint" name="test_get_diesel_pumps" time="0.145" /><testcase classname="tests.test_python_backend_apis.TestDieselPumpsEndpoint" name="test_get_diesel_accounts_summary" time="0.145" /><testcase classname="tests.test_python_backend_apis.TestDCEntriesEndpoint" name="test_get_dc_entries" time="0.153" /><testcase classname="tests.test_python_backend_apis.TestFYSettings" name="test_get_fy_settings" time="0.123" /><testcase classname="tests.test_python_backend_apis.TestAdditionalEndpoints" name="test_get_mandi_targets_summary" time="0.132" /><testcase classname="tests.test_python_backend_apis.TestAdditionalEndpoints" name="test_get_diesel_accounts" time="0.109" /></testsuite></testsuites>