<?xml version="1.0" encoding="utf-8"?><testsuites name="pytest tests"><testsuite name="pytest" errors="0" failures="0" skipped="0" tests="14" time="1.840" timestamp="2026-04-13T05:42:27.946964+00:00" hostname="agent-env-a2d806d6-f4d1-4680-9216-00b6d382870a"><testcase classname="tests.test_code_quality_v90_3.TestAuthExplicitImports" name="test_login_success" time="0.136" /><testcase classname="tests.test_code_quality_v90_3.TestAuthExplicitImports" name="test_login_invalid_credentials" time="0.102" /><testcase classname="tests.test_code_quality_v90_3.TestMillingExplicitImports" name="test_byproduct_categories_returns_dynamic" time="0.107" /><testcase classname="tests.test_code_quality_v90_3.TestMillingExplicitImports" name="test_milling_entries_list" time="0.099" /><testcase classname="tests.test_code_quality_v90_3.TestMillingExplicitImports" name="test_milling_summary" time="0.105" /><testcase classname="tests.test_code_quality_v90_3.TestCashbookExplicitImports" name="test_cashbook_summary" time="0.117" /><testcase classname="tests.test_code_quality_v90_3.TestCashbookExplicitImports" name="test_cashbook_list" time="0.110" /><testcase classname="tests.test_code_quality_v90_3.TestDCPaymentsExplicitImports" name="test_dc_entries_list" time="0.101" /><testcase classname="tests.test_code_quality_v90_3.TestDCPaymentsExplicitImports" name="test_dc_summary" time="0.111" /><testcase classname="tests.test_code_quality_v90_3.TestGovtRegistersTimedeltaImport" name="test_form_a_works" time="0.115" /><testcase classname="tests.test_code_quality_v90_3.TestGovtRegistersTimedeltaImport" name="test_form_a_weekly_grouping" time="0.114" /><testcase classname="tests.test_code_quality_v90_3.TestFYSummaryOpeningStockFallback" name="test_fy_summary" time="0.128" /><testcase classname="tests.test_code_quality_v90_3.TestMillingEntryWithDynamicByproduct" name="test_create_milling_entry_with_dynamic_byproduct" time="0.319" /><testcase classname="tests.test_code_quality_v90_3.TestOpeningStockAPI" name="test_get_opening_stock" time="0.095" /></testsuite></testsuites>