<?xml version="1.0" encoding="utf-8"?><testsuites name="pytest tests"><testsuite name="pytest" errors="0" failures="0" skipped="0" tests="12" time="4.284" timestamp="2026-03-30T15:30:02.861413+00:00" hostname="agent-env-a2d806d6-f4d1-4680-9216-00b6d382870a"><testcase classname="backend.tests.test_iteration135_whatsapp_weighbridge_fixes.TestWhatsAppSettings" name="test_get_whatsapp_settings_returns_enabled_field" time="0.335" /><testcase classname="backend.tests.test_iteration135_whatsapp_weighbridge_fixes.TestWhatsAppSettings" name="test_put_whatsapp_settings_enabled_false_persists" time="0.290" /><testcase classname="backend.tests.test_iteration135_whatsapp_weighbridge_fixes.TestWhatsAppSettings" name="test_put_whatsapp_settings_enabled_true_with_group_persists" time="0.347" /><testcase classname="backend.tests.test_iteration135_whatsapp_weighbridge_fixes.TestWhatsAppGroups" name="test_get_whatsapp_groups_returns_list" time="0.642" /><testcase classname="backend.tests.test_iteration135_whatsapp_weighbridge_fixes.TestVehicleWeightRSTDuplicate" name="test_create_vehicle_weight_with_duplicate_rst_returns_400" time="0.423" /><testcase classname="backend.tests.test_iteration135_whatsapp_weighbridge_fixes.TestVehicleWeightSlipPDF" name="test_slip_pdf_party_only_returns_smaller_pdf" time="0.819" /><testcase classname="backend.tests.test_iteration135_whatsapp_weighbridge_fixes.TestVehicleWeightSlipPDF" name="test_slip_pdf_returns_404_for_nonexistent" time="0.189" /><testcase classname="backend.tests.test_iteration135_whatsapp_weighbridge_fixes.TestAutoNotifySetting" name="test_get_auto_notify_setting" time="0.107" /><testcase classname="backend.tests.test_iteration135_whatsapp_weighbridge_fixes.TestAutoNotifySetting" name="test_put_auto_notify_setting_toggle" time="0.630" /><testcase classname="backend.tests.test_iteration135_whatsapp_weighbridge_fixes.TestVehicleWeightCRUD" name="test_list_vehicle_weights" time="0.121" /><testcase classname="backend.tests.test_iteration135_whatsapp_weighbridge_fixes.TestVehicleWeightCRUD" name="test_get_pending_vehicles" time="0.195" /><testcase classname="backend.tests.test_iteration135_whatsapp_weighbridge_fixes.TestVehicleWeightCRUD" name="test_get_next_rst" time="0.112" /></testsuite></testsuites>