<?xml version="1.0" encoding="utf-8"?><testsuites name="pytest tests"><testsuite name="pytest" errors="0" failures="0" skipped="0" tests="8" time="6.264" timestamp="2026-03-26T10:53:09.307667+00:00" hostname="agent-env-a482b800-fae8-4dc0-a94a-9a2731ac0e3f"><testcase classname="backend.tests.test_iteration107_party_label_undo.TestPartyLabelDeduplication" name="test_create_paddy_purchase_party_label_no_duplication" time="0.965" /><testcase classname="backend.tests.test_iteration107_party_label_undo.TestPartyLabelDeduplication" name="test_create_paddy_purchase_party_label_with_different_mandi" time="0.796" /><testcase classname="backend.tests.test_iteration107_party_label_undo.TestPaymentConsistentCategory" name="test_payment_keeps_consistent_category" time="1.038" /><testcase classname="backend.tests.test_iteration107_party_label_undo.TestMarkPaidConsistentCategory" name="test_mark_paid_keeps_consistent_category" time="1.036" /><testcase classname="backend.tests.test_iteration107_party_label_undo.TestAutoFixDuplicatePartyNames" name="test_auto_fix_endpoint_works" time="0.106" /><testcase classname="backend.tests.test_iteration107_party_label_undo.TestPaymentHistoryAndUndo" name="test_payment_history_returns_payments" time="0.920" /><testcase classname="backend.tests.test_iteration107_party_label_undo.TestPaymentHistoryAndUndo" name="test_undo_payment_deletes_and_updates_paid_amount" time="0.772" /><testcase classname="backend.tests.test_iteration107_party_label_undo.TestMainTableUndoHistoryIcon" name="test_entry_with_payment_has_paid_amount_greater_than_zero" time="0.507" /></testsuite></testsuites>