<?xml version="1.0" encoding="utf-8"?><testsuites name="pytest tests"><testsuite name="pytest" errors="0" failures="0" skipped="0" tests="15" time="1.889" timestamp="2026-03-11T14:52:21.616818+00:00" hostname="agent-env-e7fbf2ba-ae19-4ab5-b3dd-8787009f01ed"><testcase classname="backend.tests.test_private_trading_overhaul.TestPrivatePaddyDataStructure" name="test_01_get_private_paddy_entries" time="0.176" /><testcase classname="backend.tests.test_private_trading_overhaul.TestPrivatePaddyDataStructure" name="test_02_entry_has_separate_columns" time="0.132" /><testcase classname="backend.tests.test_private_trading_overhaul.TestPrivatePaddyDataStructure" name="test_03_balance_not_zero_for_agent_extra" time="0.126" /><testcase classname="backend.tests.test_private_trading_overhaul.TestPrivatePaddyDataStructure" name="test_04_final_qntl_correct_for_agent_extra" time="0.147" /><testcase classname="backend.tests.test_private_trading_overhaul.TestPrivatePaddyExports" name="test_05_pdf_export_success" time="0.161" /><testcase classname="backend.tests.test_private_trading_overhaul.TestPrivatePaddyExports" name="test_06_excel_export_success" time="0.162" /><testcase classname="backend.tests.test_private_trading_overhaul.TestPrivatePaddyExports" name="test_07_pdf_export_with_filters" time="0.111" /><testcase classname="backend.tests.test_private_trading_overhaul.TestPrivatePaddyExports" name="test_08_excel_export_with_search" time="0.116" /><testcase classname="backend.tests.test_private_trading_overhaul.TestRiceSalesExports" name="test_09_rice_sales_pdf_export" time="0.113" /><testcase classname="backend.tests.test_private_trading_overhaul.TestRiceSalesExports" name="test_10_rice_sales_excel_export" time="0.129" /><testcase classname="backend.tests.test_private_trading_overhaul.TestPrivatePaddySearch" name="test_11_search_by_party_name" time="0.135" /><testcase classname="backend.tests.test_private_trading_overhaul.TestPrivatePaddySearch" name="test_12_filter_by_kms_year_season" time="0.113" /><testcase classname="backend.tests.test_private_trading_overhaul.TestReportConfigValidation" name="test_13_private_paddy_report_config" time="0.000" /><testcase classname="backend.tests.test_private_trading_overhaul.TestReportConfigValidation" name="test_14_rice_sales_report_config" time="0.000" /><testcase classname="backend.tests.test_private_trading_overhaul.TestSummaryCardTotals" name="test_15_verify_totals_calculation" time="0.178" /></testsuite></testsuites>