<?xml version="1.0" encoding="utf-8"?><testsuites name="pytest tests"><testsuite name="pytest" errors="0" failures="1" skipped="0" tests="12" time="2.103" timestamp="2026-04-05T05:54:26.559242+00:00" hostname="agent-env-a2d806d6-f4d1-4680-9216-00b6d382870a"><testcase classname="backend.tests.test_date_format_exports_iteration168.TestDateFormatExports" name="test_mill_entries_excel_date_format" time="0.264" /><testcase classname="backend.tests.test_date_format_exports_iteration168.TestDateFormatExports" name="test_mill_entries_pdf_export_status" time="0.261" /><testcase classname="backend.tests.test_date_format_exports_iteration168.TestDateFormatExports" name="test_truck_payments_excel_date_format" time="0.117" /><testcase classname="backend.tests.test_date_format_exports_iteration168.TestDateFormatExports" name="test_truck_payments_pdf_export_status" time="0.147" /><testcase classname="backend.tests.test_date_format_exports_iteration168.TestDateFormatExports" name="test_milling_report_excel_date_format" time="0.117" /><testcase classname="backend.tests.test_date_format_exports_iteration168.TestDateFormatExports" name="test_paddy_custody_register_excel_date_format" time="0.151" /><testcase classname="backend.tests.test_date_format_exports_iteration168.TestDateFormatExports" name="test_party_ledger_excel_date_format" time="0.180" /><testcase classname="backend.tests.test_date_format_exports_iteration168.TestDateFormatExports" name="test_truck_lease_excel_date_format" time="0.114" /><testcase classname="backend.tests.test_date_format_exports_iteration168.TestDateFormatExports" name="test_truck_lease_pdf_export_status" time="0.135" /><testcase classname="backend.tests.test_date_format_exports_iteration168.TestAPIEndpoints" name="test_health_check" time="0.104"><failure message="assert 404 == 200&#10; +  where 404 = &lt;Response [404]&gt;.status_code">backend/tests/test_date_format_exports_iteration168.py:287: in test_health_check
    assert response.status_code == 200
E   assert 404 == 200
E    +  where 404 = &lt;Response [404]&gt;.status_code</failure></testcase><testcase classname="backend.tests.test_date_format_exports_iteration168.TestAPIEndpoints" name="test_entries_endpoint" time="0.105" /><testcase classname="backend.tests.test_date_format_exports_iteration168.TestAPIEndpoints" name="test_totals_endpoint" time="0.104" /></testsuite></testsuites>