<?xml version="1.0" encoding="utf-8"?><testsuites name="pytest tests"><testsuite name="pytest" errors="0" failures="0" skipped="0" tests="12" time="2.776" timestamp="2026-03-12T18:28:58.924727+00:00" hostname="agent-env-4083f187-55f2-40cb-a5fa-e58baeb3be29"><testcase classname="backend.tests.test_iteration77_stock_items_dropdown.TestStockItemsEndpoint" name="test_stock_items_returns_200" time="0.238" /><testcase classname="backend.tests.test_iteration77_stock_items_dropdown.TestStockItemsEndpoint" name="test_stock_items_returns_list" time="0.126" /><testcase classname="backend.tests.test_iteration77_stock_items_dropdown.TestStockItemsEndpoint" name="test_stock_items_have_required_fields" time="0.111" /><testcase classname="backend.tests.test_iteration77_stock_items_dropdown.TestStockItemsEndpoint" name="test_stock_items_include_common_items" time="0.139" /><testcase classname="backend.tests.test_iteration77_stock_items_dropdown.TestStockItemsEndpoint" name="test_stock_items_with_filters" time="0.190" /><testcase classname="backend.tests.test_iteration77_stock_items_dropdown.TestPurchaseVoucherWithStockItem" name="test_create_voucher_with_stock_item_paddy" time="0.261" /><testcase classname="backend.tests.test_iteration77_stock_items_dropdown.TestPurchaseVoucherWithStockItem" name="test_create_voucher_with_stock_item_frk" time="0.308" /><testcase classname="backend.tests.test_iteration77_stock_items_dropdown.TestPurchaseVoucherWithCustomItem" name="test_create_voucher_with_custom_item" time="0.237" /><testcase classname="backend.tests.test_iteration77_stock_items_dropdown.TestPurchaseVoucherWithCustomItem" name="test_custom_item_appears_in_stock_after_creation" time="0.581" /><testcase classname="backend.tests.test_iteration77_stock_items_dropdown.TestMultipleItemsInVoucher" name="test_create_voucher_with_multiple_items" time="0.287" /><testcase classname="backend.tests.test_iteration77_stock_items_dropdown.TestStockQuantityVerification" name="test_paddy_in_stock_items" time="0.124" /><testcase classname="backend.tests.test_iteration77_stock_items_dropdown.TestStockQuantityVerification" name="test_stock_items_have_unit_field" time="0.117" /></testsuite></testsuites>