<?xml version="1.0" encoding="utf-8"?><testsuites name="pytest tests"><testsuite name="pytest" errors="0" failures="0" skipped="0" tests="21" time="3.852" timestamp="2026-03-07T17:43:01.406384+00:00" hostname="agent-env-8c89bfce-1dac-47ea-bb4c-f66dfe1e211b"><testcase classname="backend.tests.test_cash_book.TestCashBookEndpoints" name="test_create_cash_transaction_jama" time="0.295" /><testcase classname="backend.tests.test_cash_book.TestCashBookEndpoints" name="test_create_cash_transaction_nikasi" time="0.237" /><testcase classname="backend.tests.test_cash_book.TestCashBookEndpoints" name="test_create_bank_transaction_jama" time="0.161" /><testcase classname="backend.tests.test_cash_book.TestCashBookEndpoints" name="test_create_bank_transaction_nikasi" time="0.170" /><testcase classname="backend.tests.test_cash_book.TestCashBookEndpoints" name="test_get_cash_transactions_list" time="0.145" /><testcase classname="backend.tests.test_cash_book.TestCashBookEndpoints" name="test_get_transactions_with_filters" time="0.173" /><testcase classname="backend.tests.test_cash_book.TestCashBookEndpoints" name="test_delete_cash_transaction" time="0.168" /><testcase classname="backend.tests.test_cash_book.TestCashBookEndpoints" name="test_delete_nonexistent_transaction" time="0.144" /><testcase classname="backend.tests.test_cash_book.TestCashBookEndpoints" name="test_get_cash_book_summary" time="0.106" /><testcase classname="backend.tests.test_cash_book.TestCashBookEndpoints" name="test_get_summary_with_filters" time="0.101" /><testcase classname="backend.tests.test_cash_book.TestCashBookEndpoints" name="test_get_categories" time="0.119" /><testcase classname="backend.tests.test_cash_book.TestCashBookEndpoints" name="test_create_category" time="0.179" /><testcase classname="backend.tests.test_cash_book.TestCashBookEndpoints" name="test_create_duplicate_category_fails" time="0.212" /><testcase classname="backend.tests.test_cash_book.TestCashBookEndpoints" name="test_create_category_without_name_fails" time="0.101" /><testcase classname="backend.tests.test_cash_book.TestCashBookEndpoints" name="test_delete_category" time="0.197" /><testcase classname="backend.tests.test_cash_book.TestCashBookEndpoints" name="test_delete_nonexistent_category_fails" time="0.121" /><testcase classname="backend.tests.test_cash_book.TestCashBookEndpoints" name="test_export_excel" time="0.123" /><testcase classname="backend.tests.test_cash_book.TestCashBookEndpoints" name="test_export_excel_with_filters" time="0.139" /><testcase classname="backend.tests.test_cash_book.TestCashBookEndpoints" name="test_export_pdf" time="0.212" /><testcase classname="backend.tests.test_cash_book.TestCashBookEndpoints" name="test_export_pdf_with_filters" time="0.119" /><testcase classname="backend.tests.test_cash_book.TestCashBookIntegration" name="test_full_cash_book_workflow" time="0.497" /></testsuite></testsuites>