<?xml version="1.0" encoding="utf-8"?><testsuites name="pytest tests"><testsuite name="pytest" errors="0" failures="0" skipped="0" tests="16" time="3.715" timestamp="2026-03-11T18:45:19.597103+00:00" hostname="agent-env-892ce4f6-1000-473a-a6b9-2ddc751ec986"><testcase classname="backend.tests.test_iteration58_rice_sale_features.TestRiceSaleBasics" name="test_01_create_rice_sale_with_new_fields" time="0.189" /><testcase classname="backend.tests.test_iteration58_rice_sale_features.TestRiceSaleBasics" name="test_02_verify_cash_book_entries_created" time="0.134" /><testcase classname="backend.tests.test_iteration58_rice_sale_features.TestRiceSaleBasics" name="test_03_verify_diesel_account_entry_created" time="0.134" /><testcase classname="backend.tests.test_iteration58_rice_sale_features.TestRiceSaleBasics" name="test_04_search_by_rst_no" time="0.224" /><testcase classname="backend.tests.test_iteration58_rice_sale_features.TestRiceSaleMarkPaidUndoHistory" name="test_01_get_history_endpoint" time="0.116" /><testcase classname="backend.tests.test_iteration58_rice_sale_features.TestRiceSaleMarkPaidUndoHistory" name="test_02_mark_paid_requires_admin" time="0.141" /><testcase classname="backend.tests.test_iteration58_rice_sale_features.TestRiceSaleMarkPaidUndoHistory" name="test_03_mark_paid_with_admin" time="0.122" /><testcase classname="backend.tests.test_iteration58_rice_sale_features.TestRiceSaleMarkPaidUndoHistory" name="test_04_verify_entry_after_mark_paid" time="0.131" /><testcase classname="backend.tests.test_iteration58_rice_sale_features.TestRiceSaleMarkPaidUndoHistory" name="test_05_undo_paid_requires_admin" time="0.123" /><testcase classname="backend.tests.test_iteration58_rice_sale_features.TestRiceSaleMarkPaidUndoHistory" name="test_06_undo_paid_with_admin" time="0.148" /><testcase classname="backend.tests.test_iteration58_rice_sale_features.TestRiceSaleMarkPaidUndoHistory" name="test_07_verify_entry_after_undo_paid" time="0.167" /><testcase classname="backend.tests.test_iteration58_rice_sale_features.TestRiceSaleEditAndDelete" name="test_01_edit_rice_sale_with_new_fields" time="0.352" /><testcase classname="backend.tests.test_iteration58_rice_sale_features.TestRiceSaleEditAndDelete" name="test_02_verify_updated_cash_diesel_entries" time="0.115" /><testcase classname="backend.tests.test_iteration58_rice_sale_features.TestRiceSaleEditAndDelete" name="test_03_delete_rice_sale_cascades" time="0.251" /><testcase classname="backend.tests.test_iteration58_rice_sale_features.TestRiceSaleEditAndDelete" name="test_04_verify_linked_entries_deleted" time="0.243" /><testcase classname="backend.tests.test_iteration58_rice_sale_features.TestRiceSaleFullFlow" name="test_01_complete_flow" time="1.041" /></testsuite></testsuites>