<?xml version="1.0" encoding="utf-8"?><testsuites name="pytest tests"><testsuite name="pytest" errors="0" failures="0" skipped="0" tests="14" time="4.431" timestamp="2026-04-30T12:31:11.550416+00:00" hostname="agent-env-a2d806d6-f4d1-4680-9216-00b6d382870a"><testcase classname="backend.tests.test_bhada_v104_44_3.TestBhadaPurchaseSync" name="test_create_purchase_vw_with_bhada_creates_ledger" time="0.462" /><testcase classname="backend.tests.test_bhada_v104_44_3.TestBhadaPurchaseSync" name="test_edit_purchase_vw_bhada_updates_ledger" time="0.511" /><testcase classname="backend.tests.test_bhada_v104_44_3.TestBhadaPurchaseSync" name="test_edit_purchase_vw_bhada_zero_deletes_ledger" time="0.607" /><testcase classname="backend.tests.test_bhada_v104_44_3.TestBhadaPurchaseSync" name="test_delete_purchase_vw_cascades_ledger" time="0.543" /><testcase classname="backend.tests.test_bhada_v104_44_3.TestBhadaSaleRegression" name="test_sale_vw_with_bhada_creates_sale_ledger" time="0.361" /><testcase classname="backend.tests.test_bhada_v104_44_3.TestVehicleWeightCRUD" name="test_list_vehicle_weights" time="0.113" /><testcase classname="backend.tests.test_bhada_v104_44_3.TestVehicleWeightCRUD" name="test_create_purchase_vw" time="0.230" /><testcase classname="backend.tests.test_bhada_v104_44_3.TestVehicleWeightCRUD" name="test_create_sale_vw" time="0.244" /><testcase classname="backend.tests.test_bhada_v104_44_3.TestVehicleWeightCRUD" name="test_edit_vw_entry" time="0.356" /><testcase classname="backend.tests.test_bhada_v104_44_3.TestVehicleWeightCRUD" name="test_delete_vw_entry" time="0.222" /><testcase classname="backend.tests.test_bhada_v104_44_3.TestVwByRstLookup" name="test_lookup_by_rst_returns_entry" time="0.354" /><testcase classname="backend.tests.test_bhada_v104_44_3.TestVwByRstLookup" name="test_lookup_nonexistent_rst_returns_404" time="0.113" /><testcase classname="backend.tests.test_bhada_v104_44_3.TestHealthCheck" name="test_api_health" time="0.112" /><testcase classname="backend.tests.test_bhada_v104_44_3.TestHealthCheck" name="test_vehicle_weight_endpoint_accessible" time="0.117" /></testsuite></testsuites>