<?xml version="1.0" encoding="utf-8"?><testsuites name="pytest tests"><testsuite name="pytest" errors="0" failures="0" skipped="0" tests="6" time="0.928" timestamp="2026-05-02T18:43:01.972524+00:00" hostname="agent-env-a2d806d6-f4d1-4680-9216-00b6d382870a"><testcase classname="tests.test_v104_44_34.TestRstCheckV104_44_34" name="test_rst_check_returns_vw_entries" time="0.272" /><testcase classname="tests.test_v104_44_34.TestRstCheckV104_44_34" name="test_rst_check_vw_has_trans_type" time="0.110" /><testcase classname="tests.test_v104_44_34.TestVwNextRst" name="test_next_rst_endpoint" time="0.117" /><testcase classname="tests.test_v104_44_34.TestAxiosInterceptor422" name="test_entries_validation_error_format" time="0.149" /><testcase classname="tests.test_v104_44_34.TestGlobalAxiosInterceptorRegression" name="test_get_requests_work" time="0.107" /><testcase classname="tests.test_v104_44_34.TestGlobalAxiosInterceptorRegression" name="test_non_422_errors_pass_through" time="0.105" /></testsuite></testsuites>