<?xml version="1.0" encoding="utf-8"?><testsuites name="pytest tests"><testsuite name="pytest" errors="0" failures="0" skipped="0" tests="12" time="2.045" timestamp="2026-03-30T20:38:10.595857+00:00" hostname="agent-env-a2d806d6-f4d1-4680-9216-00b6d382870a"><testcase classname="backend.tests.test_iteration143_features.TestLinkedRstEndpoint" name="test_linked_rst_returns_200" time="0.140" /><testcase classname="backend.tests.test_iteration143_features.TestLinkedRstEndpoint" name="test_linked_rst_returns_array" time="0.114" /><testcase classname="backend.tests.test_iteration143_features.TestLinkedRstEndpoint" name="test_linked_rst_contains_mill_entry_rst" time="0.102" /><testcase classname="backend.tests.test_iteration143_features.TestVehicleWeightPhotosEndpoint" name="test_photos_endpoint_returns_entry_data" time="0.261" /><testcase classname="backend.tests.test_iteration143_features.TestVehicleWeightCRUD" name="test_list_completed_entries" time="0.127" /><testcase classname="backend.tests.test_iteration143_features.TestVehicleWeightCRUD" name="test_list_pending_entries" time="0.142" /><testcase classname="backend.tests.test_iteration143_features.TestVehicleWeightCRUD" name="test_next_rst_endpoint" time="0.110" /><testcase classname="backend.tests.test_iteration143_features.TestMillEntriesLinkedRst" name="test_mill_entries_list" time="0.132" /><testcase classname="backend.tests.test_iteration143_features.TestMillEntriesLinkedRst" name="test_linked_rst_matches_mill_entries" time="0.238" /><testcase classname="backend.tests.test_iteration143_features.TestVehicleWeightExport" name="test_excel_export_endpoint" time="0.151" /><testcase classname="backend.tests.test_iteration143_features.TestVehicleWeightExport" name="test_pdf_export_endpoint" time="0.194" /><testcase classname="backend.tests.test_iteration143_features.TestVehicleWeightSlipPdf" name="test_slip_pdf_endpoint" time="0.265" /></testsuite></testsuites>