<?xml version="1.0" encoding="utf-8"?><testsuites name="pytest tests"><testsuite name="pytest" errors="0" failures="0" skipped="0" tests="7" time="1.212" timestamp="2026-03-25T18:47:20.960902+00:00" hostname="agent-env-cec3a930-a929-4596-9069-21a40b626bb5"><testcase classname="backend.tests.test_iteration103_pvt_paddy_cashbook_bug.TestMoveToPvtCreatesCorrectEntry" name="test_move_to_pvt_creates_entry_with_qntl_fields" time="0.310" /><testcase classname="backend.tests.test_iteration103_pvt_paddy_cashbook_bug.TestCashTransactionsCreatedWithCashAccount" name="test_private_paddy_creates_cash_transaction_with_cash_account" time="0.184" /><testcase classname="backend.tests.test_iteration103_pvt_paddy_cashbook_bug.TestCashBookShowsPvtPaddyEntries" name="test_cash_book_cash_account_includes_pvt_paddy_purchase" time="0.052" /><testcase classname="backend.tests.test_iteration103_pvt_paddy_cashbook_bug.TestAutoFixEndpoint" name="test_auto_fix_creates_missing_pvt_jama_entries" time="0.061" /><testcase classname="backend.tests.test_iteration103_pvt_paddy_cashbook_bug.TestDailyReportPvtPaddyQntl" name="test_daily_report_pvt_paddy_has_correct_qntl" time="0.176" /><testcase classname="backend.tests.test_iteration103_pvt_paddy_cashbook_bug.TestPrivatePaddyCreatesCashTransaction" name="test_create_private_paddy_creates_cash_transaction" time="0.175" /><testcase classname="backend.tests.test_iteration103_pvt_paddy_cashbook_bug.TestAgentExtraEntriesInCashBook" name="test_agent_extra_entries_appear_in_cash_book" time="0.173" /></testsuite></testsuites>