<?xml version="1.0" encoding="utf-8"?><testsuites name="pytest tests"><testsuite name="pytest" errors="0" failures="1" skipped="0" tests="28" time="3.935" timestamp="2026-03-08T17:53:45.133181+00:00" hostname="agent-env-e1124ce0-9977-49e9-9654-68ff73586b0d"><testcase classname="backend.tests.test_iteration29_final.TestLocalParty" name="test_local_party_summary_no_filter" time="0.246" /><testcase classname="backend.tests.test_iteration29_final.TestLocalParty" name="test_local_party_summary_with_date_filter" time="0.082" /><testcase classname="backend.tests.test_iteration29_final.TestLocalParty" name="test_local_party_transactions" time="0.070" /><testcase classname="backend.tests.test_iteration29_final.TestLocalParty" name="test_local_party_report_with_running_balance" time="0.062" /><testcase classname="backend.tests.test_iteration29_final.TestLocalParty" name="test_local_party_report_date_filter" time="0.066" /><testcase classname="backend.tests.test_iteration29_final.TestLocalParty" name="test_local_party_manual_purchase_validation" time="0.123" /><testcase classname="backend.tests.test_iteration29_final.TestLocalParty" name="test_local_party_settle_creates_cashbook_entry" time="0.221" /><testcase classname="backend.tests.test_iteration29_final.TestLocalParty" name="test_local_party_excel_export" time="0.071" /><testcase classname="backend.tests.test_iteration29_final.TestLocalParty" name="test_local_party_pdf_export" time="0.172" /><testcase classname="backend.tests.test_iteration29_final.TestMillParts" name="test_mill_parts_list" time="0.062" /><testcase classname="backend.tests.test_iteration29_final.TestMillParts" name="test_mill_parts_summary" time="0.064" /><testcase classname="backend.tests.test_iteration29_final.TestMillParts" name="test_mill_parts_stock_transactions" time="0.059" /><testcase classname="backend.tests.test_iteration29_final.TestMillParts" name="test_mill_parts_stock_creates_local_party_entry" time="0.170" /><testcase classname="backend.tests.test_iteration29_final.TestMillParts" name="test_mill_parts_edit_updates_local_party" time="0.127" /><testcase classname="backend.tests.test_iteration29_final.TestExcelImport" name="test_excel_import_preview" time="0.308" /><testcase classname="backend.tests.test_iteration29_final.TestCashBook" name="test_cashbook_summary" time="0.058" /><testcase classname="backend.tests.test_iteration29_final.TestCashBook" name="test_cashbook_transactions" time="0.061" /><testcase classname="backend.tests.test_iteration29_final.TestCashBook" name="test_cashbook_categories" time="1.116" /><testcase classname="backend.tests.test_iteration29_final.TestDCPaymentsGunny" name="test_gunny_bag_summary" time="0.055" /><testcase classname="backend.tests.test_iteration29_final.TestDCPaymentsGunny" name="test_gunny_bag_old_creates_local_party" time="0.119" /><testcase classname="backend.tests.test_iteration29_final.TestMiscAPI" name="test_auth_login" time="0.060"><failure message="AssertionError: assert 'token' in {'message': 'Login successful', 'role': 'admin', 'success': True, 'username': 'admin'}">backend/tests/test_iteration29_final.py:403: in test_auth_login
    assert "token" in data
E   AssertionError: assert 'token' in {'message': 'Login successful', 'role': 'admin', 'success': True, 'username': 'admin'}</failure></testcase><testcase classname="backend.tests.test_iteration29_final.TestMiscAPI" name="test_branding" time="0.056" /><testcase classname="backend.tests.test_iteration29_final.TestMiscAPI" name="test_fy_settings" time="0.049" /><testcase classname="backend.tests.test_iteration29_final.TestMiscAPI" name="test_suggestions_trucks" time="0.069" /><testcase classname="backend.tests.test_iteration29_final.TestMiscAPI" name="test_suggestions_agents" time="0.065" /><testcase classname="backend.tests.test_iteration29_final.TestMiscAPI" name="test_suggestions_mandis" time="0.055" /><testcase classname="backend.tests.test_iteration29_final.TestMiscAPI" name="test_mandi_targets" time="0.052" /><testcase classname="backend.tests.test_iteration29_final.TestMiscAPI" name="test_dc_summary" time="0.057" /></testsuite></testsuites>