<?xml version="1.0" encoding="utf-8"?><testsuites name="pytest tests"><testsuite name="pytest" errors="0" failures="0" skipped="0" tests="15" time="1.041" timestamp="2026-04-05T06:16:30.812125+00:00" hostname="agent-env-a2d806d6-f4d1-4680-9216-00b6d382870a"><testcase classname="tests.test_iteration169_features.TestRoundAmountFunction" name="test_round_amount_4000_51_rounds_up" time="0.000" /><testcase classname="tests.test_iteration169_features.TestRoundAmountFunction" name="test_round_amount_4000_50_rounds_down" time="0.000" /><testcase classname="tests.test_iteration169_features.TestRoundAmountFunction" name="test_round_amount_4000_49_rounds_down" time="0.000" /><testcase classname="tests.test_iteration169_features.TestRoundAmountFunction" name="test_round_amount_100_51_rounds_up" time="0.000" /><testcase classname="tests.test_iteration169_features.TestRoundAmountFunction" name="test_round_amount_100_50_rounds_down" time="0.000" /><testcase classname="tests.test_iteration169_features.TestRoundAmountFunction" name="test_round_amount_zero" time="0.000" /><testcase classname="tests.test_iteration169_features.TestRoundAmountFunction" name="test_round_amount_none" time="0.000" /><testcase classname="tests.test_iteration169_features.TestRoundAmountFunction" name="test_round_amount_negative_51" time="0.000" /><testcase classname="tests.test_iteration169_features.TestRoundAmountFunction" name="test_round_amount_negative_50" time="0.000" /><testcase classname="tests.test_iteration169_features.TestExcelExportDateFormat" name="test_excel_export_returns_file" time="0.182" /><testcase classname="tests.test_iteration169_features.TestExcelExportDateFormat" name="test_excel_export_date_format_dd_mm_yyyy" time="0.273" /><testcase classname="tests.test_iteration169_features.TestEntriesAPI" name="test_entries_list" time="0.098" /><testcase classname="tests.test_iteration169_features.TestEntriesAPI" name="test_totals_endpoint" time="0.137" /><testcase classname="tests.test_iteration169_features.TestLoginFlow" name="test_login_success" time="0.101" /><testcase classname="tests.test_iteration169_features.TestLoginFlow" name="test_login_invalid_password" time="0.123" /></testsuite></testsuites>