<?xml version="1.0" encoding="utf-8"?><testsuites name="pytest tests"><testsuite name="pytest" errors="0" failures="0" skipped="0" tests="18" time="2.320" timestamp="2026-03-08T05:39:32.338020+00:00" hostname="agent-env-079d7634-deaa-444d-be6a-75270808e663"><testcase classname="backend.tests.test_daily_report_modes.TestDailyReportModes" name="test_daily_report_normal_mode_returns_correct_mode" time="0.236" /><testcase classname="backend.tests.test_daily_report_modes.TestDailyReportModes" name="test_daily_report_detail_mode_returns_correct_mode" time="0.110" /><testcase classname="backend.tests.test_daily_report_modes.TestDailyReportModes" name="test_normal_mode_paddy_details_simplified" time="0.107" /><testcase classname="backend.tests.test_daily_report_modes.TestDailyReportModes" name="test_detail_mode_paddy_details_expanded" time="0.142" /><testcase classname="backend.tests.test_daily_report_modes.TestDailyReportModes" name="test_normal_mode_cash_flow_simplified" time="0.108" /><testcase classname="backend.tests.test_daily_report_modes.TestDailyReportModes" name="test_detail_mode_cash_flow_expanded" time="0.105" /><testcase classname="backend.tests.test_daily_report_modes.TestDailyReportModes" name="test_detail_mode_has_private_payment_details" time="0.102" /><testcase classname="backend.tests.test_daily_report_modes.TestMillPartsInDailyReport" name="test_mill_parts_section_exists" time="0.118" /><testcase classname="backend.tests.test_daily_report_modes.TestMillPartsInDailyReport" name="test_mill_parts_has_data_for_test_date" time="0.101" /><testcase classname="backend.tests.test_daily_report_modes.TestMillPartsInDailyReport" name="test_mill_parts_in_details_structure" time="0.103" /><testcase classname="backend.tests.test_daily_report_modes.TestMillPartsInDailyReport" name="test_mill_parts_used_details_structure" time="0.100" /><testcase classname="backend.tests.test_daily_report_modes.TestDailyReportExports" name="test_pdf_export_normal_mode_returns_200" time="0.166" /><testcase classname="backend.tests.test_daily_report_modes.TestDailyReportExports" name="test_pdf_export_detail_mode_returns_200" time="0.169" /><testcase classname="backend.tests.test_daily_report_modes.TestDailyReportExports" name="test_excel_export_normal_mode_returns_200" time="0.109" /><testcase classname="backend.tests.test_daily_report_modes.TestDailyReportExports" name="test_excel_export_detail_mode_returns_200" time="0.123" /><testcase classname="backend.tests.test_daily_report_modes.TestDailyReportExports" name="test_pdf_filename_includes_mode" time="0.115" /><testcase classname="backend.tests.test_daily_report_modes.TestCashBookData" name="test_cash_flow_bank_jama_exists" time="0.104" /><testcase classname="backend.tests.test_daily_report_modes.TestCashBookData" name="test_payments_rice_sale_received" time="0.120" /></testsuite></testsuites>