<?xml version="1.0" encoding="utf-8"?><testsuites name="pytest tests"><testsuite name="pytest" errors="0" failures="0" skipped="0" tests="11" time="3.217" timestamp="2026-03-29T13:17:38.425475+00:00" hostname="agent-env-a2d806d6-f4d1-4680-9216-00b6d382870a"><testcase classname="backend.tests.test_gst_invoice.TestGstCompanySettings" name="test_get_gst_company_settings_returns_defaults" time="0.255" /><testcase classname="backend.tests.test_gst_invoice.TestGstCompanySettings" name="test_put_gst_company_settings_saves_data" time="0.219" /><testcase classname="backend.tests.test_gst_invoice.TestGstInvoiceCRUD" name="test_create_gst_invoice_with_correct_totals" time="0.236" /><testcase classname="backend.tests.test_gst_invoice.TestGstInvoiceCRUD" name="test_create_gst_invoice_with_igst" time="0.262" /><testcase classname="backend.tests.test_gst_invoice.TestGstInvoiceCRUD" name="test_list_gst_invoices_with_filters" time="0.099" /><testcase classname="backend.tests.test_gst_invoice.TestGstInvoiceCRUD" name="test_update_gst_invoice" time="0.376" /><testcase classname="backend.tests.test_gst_invoice.TestGstInvoiceCRUD" name="test_delete_gst_invoice" time="0.364" /><testcase classname="backend.tests.test_gst_invoice.TestGstInvoicePDF" name="test_get_gst_invoice_pdf" time="0.219" /><testcase classname="backend.tests.test_gst_invoice.TestGstInvoicePDF" name="test_pdf_for_nonexistent_invoice_returns_404" time="0.108" /><testcase classname="backend.tests.test_gst_invoice.TestWhatsAppGstInvoice" name="test_send_gst_invoice_endpoint_exists" time="0.828" /><testcase classname="backend.tests.test_gst_invoice.TestWhatsAppGstInvoice" name="test_send_gst_invoice_with_invalid_id" time="0.114" /></testsuite></testsuites>