<?xml version="1.0" encoding="utf-8"?><testsuites name="pytest tests"><testsuite name="pytest" errors="0" failures="0" skipped="0" tests="15" time="2.892" timestamp="2026-03-12T08:50:48.626775+00:00" hostname="agent-env-a46c6f6b-e2cb-4390-93ba-18ef3d25f25f"><testcase classname="backend.tests.test_iteration67_voucher_payments.TestVoucherPaymentSale" name="test_sale_voucher_payment_creates_entries" time="0.312" /><testcase classname="backend.tests.test_iteration67_voucher_payments.TestVoucherPaymentSale" name="test_sale_voucher_creates_local_party_entry" time="0.217" /><testcase classname="backend.tests.test_iteration67_voucher_payments.TestVoucherPaymentSale" name="test_sale_voucher_delete_cleans_local_party" time="0.247" /><testcase classname="backend.tests.test_iteration67_voucher_payments.TestVoucherPaymentPurchase" name="test_purchase_voucher_payment" time="0.274" /><testcase classname="backend.tests.test_iteration67_voucher_payments.TestVoucherPaymentPurchase" name="test_purchase_voucher_creates_local_party_entry" time="0.199" /><testcase classname="backend.tests.test_iteration67_voucher_payments.TestVoucherPaymentGunny" name="test_gunny_bag_payment" time="0.300" /><testcase classname="backend.tests.test_iteration67_voucher_payments.TestVoucherPaymentGunny" name="test_gunny_bag_cgst_sgst_separate" time="0.162" /><testcase classname="backend.tests.test_iteration67_voucher_payments.TestVoucherPaymentGunny" name="test_gunny_creates_local_party_entry" time="0.209" /><testcase classname="backend.tests.test_iteration67_voucher_payments.TestSaleInvoice" name="test_sale_invoice_returns_html" time="0.109" /><testcase classname="backend.tests.test_iteration67_voucher_payments.TestSaleInvoice" name="test_sale_invoice_not_found" time="0.104" /><testcase classname="backend.tests.test_iteration67_voucher_payments.TestCashBookEntries" name="test_sale_payment_creates_cash_jama" time="0.263" /><testcase classname="backend.tests.test_iteration67_voucher_payments.TestPaymentValidation" name="test_payment_invalid_voucher_type" time="0.100" /><testcase classname="backend.tests.test_iteration67_voucher_payments.TestPaymentValidation" name="test_payment_missing_voucher_id" time="0.107" /><testcase classname="backend.tests.test_iteration67_voucher_payments.TestPaymentValidation" name="test_payment_zero_amount" time="0.091" /><testcase classname="backend.tests.test_iteration67_voucher_payments.TestPaymentValidation" name="test_payment_voucher_not_found" time="0.106" /></testsuite></testsuites>