<?xml version="1.0" encoding="utf-8"?><testsuites name="pytest tests"><testsuite name="pytest" errors="0" failures="0" skipped="0" tests="27" time="5.260" timestamp="2026-03-29T18:03:49.252807+00:00" hostname="agent-env-a2d806d6-f4d1-4680-9216-00b6d382870a"><testcase classname="backend.tests.test_iteration_124.TestIteration124" name="test_login_success" time="0.307" /><testcase classname="backend.tests.test_iteration_124.TestIteration124" name="test_party_ledger_pdf_endpoint" time="0.285" /><testcase classname="backend.tests.test_iteration_124.TestIteration124" name="test_party_ledger_excel_endpoint" time="0.151" /><testcase classname="backend.tests.test_iteration_124.TestIteration124" name="test_whatsapp_send_party_ledger_internal_pdf" time="1.097" /><testcase classname="backend.tests.test_iteration_124.TestIteration124" name="test_cmr_vs_dc_excel_export" time="0.164" /><testcase classname="backend.tests.test_iteration_124.TestIteration124" name="test_cmr_vs_dc_pdf_export" time="0.188" /><testcase classname="backend.tests.test_iteration_124.TestIteration124" name="test_season_pnl_excel_export" time="0.158" /><testcase classname="backend.tests.test_iteration_124.TestIteration124" name="test_season_pnl_pdf_export" time="0.115" /><testcase classname="backend.tests.test_iteration_124.TestIteration124" name="test_dc_entries_excel_export" time="0.160" /><testcase classname="backend.tests.test_iteration_124.TestIteration124" name="test_dc_entries_pdf_export" time="0.184" /><testcase classname="backend.tests.test_iteration_124.TestIteration124" name="test_msp_payments_excel_export" time="0.126" /><testcase classname="backend.tests.test_iteration_124.TestIteration124" name="test_msp_payments_pdf_export" time="0.160" /><testcase classname="backend.tests.test_iteration_124.TestIteration124" name="test_gunny_bags_excel_export" time="0.139" /><testcase classname="backend.tests.test_iteration_124.TestIteration124" name="test_gunny_bags_pdf_export" time="0.114" /><testcase classname="backend.tests.test_iteration_124.TestIteration124" name="test_milling_report_excel_export" time="0.178" /><testcase classname="backend.tests.test_iteration_124.TestIteration124" name="test_milling_report_pdf_export" time="0.112" /><testcase classname="backend.tests.test_iteration_124.TestIteration124" name="test_frk_purchases_excel_export" time="0.111" /><testcase classname="backend.tests.test_iteration_124.TestIteration124" name="test_byproduct_sales_excel_export" time="0.126" /><testcase classname="backend.tests.test_iteration_124.TestIteration124" name="test_paddy_custody_register_excel_export" time="0.120" /><testcase classname="backend.tests.test_iteration_124.TestIteration124" name="test_sale_book_pdf_export" time="0.136" /><testcase classname="backend.tests.test_iteration_124.TestIteration124" name="test_sale_book_excel_export" time="0.149" /><testcase classname="backend.tests.test_iteration_124.TestIteration124" name="test_cash_book_excel_export" time="0.209" /><testcase classname="backend.tests.test_iteration_124.TestIteration124" name="test_truck_payments_excel_export" time="0.107" /><testcase classname="backend.tests.test_iteration_124.TestIteration124" name="test_truck_payments_pdf_export" time="0.117" /><testcase classname="backend.tests.test_iteration_124.TestIteration124" name="test_whatsapp_settings" time="0.105" /><testcase classname="backend.tests.test_iteration_124.TestIteration124" name="test_daily_report_pdf_export" time="0.149" /><testcase classname="backend.tests.test_iteration_124.TestIteration124" name="test_daily_report_excel_export" time="0.140" /></testsuite></testsuites>