<?xml version="1.0" encoding="utf-8"?><testsuites name="pytest tests"><testsuite name="pytest" errors="0" failures="0" skipped="0" tests="12" time="2.902" timestamp="2026-03-14T13:52:47.193234+00:00" hostname="agent-env-3ed2282c-59a0-4233-baa9-fbb4e312a951"><testcase classname="tests.test_iteration90_truck_lease.TestAuthLogin" name="test_login_success" time="0.188" /><testcase classname="tests.test_iteration90_truck_lease.TestTruckLeaseExisting" name="test_get_all_leases" time="0.135" /><testcase classname="tests.test_iteration90_truck_lease.TestTruckLeaseExisting" name="test_existing_lease_payments" time="0.203" /><testcase classname="tests.test_iteration90_truck_lease.TestTruckLeaseExisting" name="test_cash_book_has_lease_payment" time="0.142" /><testcase classname="tests.test_iteration90_truck_lease.TestBalanceSheetIntegration" name="test_balance_sheet_sundry_creditors" time="0.153" /><testcase classname="tests.test_iteration90_truck_lease.TestTruckLeaseCRUD" name="test_create_lease" time="0.170" /><testcase classname="tests.test_iteration90_truck_lease.TestTruckLeaseCRUD" name="test_duplicate_lease_prevention" time="0.263" /><testcase classname="tests.test_iteration90_truck_lease.TestTruckLeaseCRUD" name="test_create_and_delete_lease" time="0.349" /><testcase classname="tests.test_iteration90_truck_lease.TestLeasePaymentFlow" name="test_make_payment_creates_cash_book_entry" time="0.447" /><testcase classname="tests.test_iteration90_truck_lease.TestCashBookDeleteReversal" name="test_delete_cash_book_removes_lease_payment" time="0.443" /><testcase classname="tests.test_iteration90_truck_lease.TestLeaseSummary" name="test_lease_summary" time="0.128" /><testcase classname="tests.test_iteration90_truck_lease.TestLeaseHistory" name="test_payment_history" time="0.184" /></testsuite></testsuites>