<?xml version="1.0" encoding="utf-8"?><testsuites name="pytest tests"><testsuite name="pytest" errors="0" failures="2" skipped="0" tests="13" time="3.654" timestamp="2026-03-30T11:44:37.550345+00:00" hostname="agent-env-a2d806d6-f4d1-4680-9216-00b6d382870a"><testcase classname="backend.tests.test_vehicle_weight_iteration130.TestVehicleWeightAPIs" name="test_01_create_first_weight_entry" time="0.351" /><testcase classname="backend.tests.test_vehicle_weight_iteration130.TestVehicleWeightAPIs" name="test_02_get_pending_vehicles" time="0.414" /><testcase classname="backend.tests.test_vehicle_weight_iteration130.TestVehicleWeightAPIs" name="test_03_update_second_weight" time="0.300" /><testcase classname="backend.tests.test_vehicle_weight_iteration130.TestVehicleWeightAPIs" name="test_04_get_by_rst_number" time="0.348" /><testcase classname="backend.tests.test_vehicle_weight_iteration130.TestVehicleWeightAPIs" name="test_05_get_by_rst_not_found" time="0.106" /><testcase classname="backend.tests.test_vehicle_weight_iteration130.TestVehicleWeightAPIs" name="test_06_weight_slip_pdf" time="0.471" /><testcase classname="backend.tests.test_vehicle_weight_iteration130.TestVehicleWeightAPIs" name="test_07_delete_entry" time="0.363" /><testcase classname="backend.tests.test_vehicle_weight_iteration130.TestMillEntriesWithCashDiesel" name="test_01_create_entry_with_cash_diesel" time="0.232" /><testcase classname="backend.tests.test_vehicle_weight_iteration130.TestMillEntriesWithCashDiesel" name="test_02_verify_cash_book_entry_created" time="0.316"><failure message="AttributeError: 'list' object has no attribute 'get'">backend/tests/test_vehicle_weight_iteration130.py:214: in test_02_verify_cash_book_entry_created
    transactions = data.get("transactions", [])
                   ^^^^^^^^
E   AttributeError: 'list' object has no attribute 'get'</failure></testcase><testcase classname="backend.tests.test_vehicle_weight_iteration130.TestMillEntriesWithCashDiesel" name="test_03_verify_ledger_entries_created" time="0.288"><failure message="assert 404 == 200&#10; +  where 404 = &lt;Response [404]&gt;.status_code">backend/tests/test_vehicle_weight_iteration130.py:231: in test_03_verify_ledger_entries_created
    assert response.status_code == 200
E   assert 404 == 200
E    +  where 404 = &lt;Response [404]&gt;.status_code</failure></testcase><testcase classname="backend.tests.test_vehicle_weight_iteration130.TestVehicleWeightListFilters" name="test_01_list_with_kms_year_filter" time="0.101" /><testcase classname="backend.tests.test_vehicle_weight_iteration130.TestVehicleWeightListFilters" name="test_02_list_pending_only" time="0.121" /><testcase classname="backend.tests.test_vehicle_weight_iteration130.TestVehicleWeightListFilters" name="test_03_get_next_rst_number" time="0.104" /></testsuite></testsuites>