<?xml version="1.0" encoding="utf-8"?><testsuites name="pytest tests"><testsuite name="pytest" errors="0" failures="0" skipped="0" tests="16" time="1.992" timestamp="2026-03-10T10:59:46.897783+00:00" hostname="agent-env-a5804194-f44c-425c-885f-9255177b947a"><testcase classname="tests.test_fy_summary_dashboard.TestFYSummaryAPI" name="test_fy_summary_endpoint_returns_200" time="0.140" /><testcase classname="tests.test_fy_summary_dashboard.TestFYSummaryAPI" name="test_fy_summary_has_all_10_sections" time="0.111" /><testcase classname="tests.test_fy_summary_dashboard.TestFYSummaryAPI" name="test_cash_bank_section_structure" time="0.118" /><testcase classname="tests.test_fy_summary_dashboard.TestFYSummaryAPI" name="test_paddy_stock_section_structure" time="0.112" /><testcase classname="tests.test_fy_summary_dashboard.TestFYSummaryAPI" name="test_frk_stock_section_structure" time="0.131" /><testcase classname="tests.test_fy_summary_dashboard.TestFYSummaryAPI" name="test_byproducts_section_has_all_products" time="0.109" /><testcase classname="tests.test_fy_summary_dashboard.TestFYSummaryAPI" name="test_mill_parts_section_structure" time="0.117" /><testcase classname="tests.test_fy_summary_dashboard.TestFYSummaryAPI" name="test_diesel_section_structure" time="0.108" /><testcase classname="tests.test_fy_summary_dashboard.TestFYSummaryAPI" name="test_local_party_section_structure" time="0.110" /><testcase classname="tests.test_fy_summary_dashboard.TestFYSummaryAPI" name="test_staff_advances_section_structure" time="0.108" /><testcase classname="tests.test_fy_summary_dashboard.TestFYSummaryAPI" name="test_private_trading_section_structure" time="0.113" /><testcase classname="tests.test_fy_summary_dashboard.TestRelatedAPIsForFYSummary" name="test_mill_parts_summary_has_opening_stock" time="0.103" /><testcase classname="tests.test_fy_summary_dashboard.TestRelatedAPIsForFYSummary" name="test_diesel_summary_has_opening_balance" time="0.111" /><testcase classname="tests.test_fy_summary_dashboard.TestRelatedAPIsForFYSummary" name="test_local_party_summary_has_opening_balance" time="0.103" /><testcase classname="tests.test_fy_summary_dashboard.TestRelatedAPIsForFYSummary" name="test_staff_advance_balance_has_opening_balance" time="0.208" /><testcase classname="tests.test_fy_summary_dashboard.TestRelatedAPIsForFYSummary" name="test_staff_list_endpoint" time="0.108" /></testsuite></testsuites>