<?xml version="1.0" encoding="utf-8"?><testsuites name="pytest tests"><testsuite name="pytest" errors="0" failures="0" skipped="0" tests="10" time="3.768" timestamp="2026-03-12T17:04:45.124593+00:00" hostname="agent-env-dc4b2948-2bdc-41be-aad1-59164be04dd5"><testcase classname="backend.tests.test_iteration73_payment_modes_undo.TestBankAccountsAPI" name="test_get_bank_accounts" time="0.232" /><testcase classname="backend.tests.test_iteration73_payment_modes_undo.TestVoucherPaymentModes" name="test_create_test_sale_voucher" time="0.125" /><testcase classname="backend.tests.test_iteration73_payment_modes_undo.TestVoucherPaymentModes" name="test_cash_payment_on_sale_voucher" time="0.574" /><testcase classname="backend.tests.test_iteration73_payment_modes_undo.TestVoucherPaymentModes" name="test_bank_payment_on_sale_voucher" time="0.489" /><testcase classname="backend.tests.test_iteration73_payment_modes_undo.TestPaymentHistory" name="test_payment_history_returns_can_undo" time="0.210" /><testcase classname="backend.tests.test_iteration73_payment_modes_undo.TestUndoPayment" name="test_undo_payment_flow" time="1.178" /><testcase classname="backend.tests.test_iteration73_payment_modes_undo.TestUndoPayment" name="test_undo_nonexistent_payment" time="0.144" /><testcase classname="backend.tests.test_iteration73_payment_modes_undo.TestUndoPayment" name="test_undo_missing_payment_id" time="0.143" /><testcase classname="backend.tests.test_iteration73_payment_modes_undo.TestSaleBookPaidBadge" name="test_sale_book_returns_balance_field" time="0.121" /><testcase classname="backend.tests.test_iteration73_payment_modes_undo.TestHistoryCanUndoField" name="test_voucher_payment_has_can_undo_true" time="0.477" /></testsuite></testsuites>