<?xml version="1.0" encoding="utf-8"?><testsuites name="pytest tests"><testsuite name="pytest" errors="0" failures="0" skipped="0" tests="9" time="2.999" timestamp="2026-03-26T08:19:18.922839+00:00" hostname="agent-env-07a1597b-f656-4fe6-9de1-dc8c3c26a10c"><testcase classname="backend.tests.test_bug_fixes_iteration106.TestPaymentNoDuplicates" name="test_create_pvt_paddy_entry" time="0.477" /><testcase classname="backend.tests.test_bug_fixes_iteration106.TestPaymentNoDuplicates" name="test_payment_creates_exactly_one_cash_and_one_ledger" time="0.691" /><testcase classname="backend.tests.test_bug_fixes_iteration106.TestRoundOffInLedger" name="test_ledger_includes_round_off" time="0.603" /><testcase classname="backend.tests.test_bug_fixes_iteration106.TestCashBookAutoLinkPvtPaddy" name="test_cashbook_auto_links_to_pvt_paddy" time="0.499" /><testcase classname="backend.tests.test_bug_fixes_iteration106.TestDataHealthCheck" name="test_health_check_endpoint_returns_success" time="0.108" /><testcase classname="backend.tests.test_bug_fixes_iteration106.TestDataHealthCheck" name="test_health_check_is_idempotent" time="0.200" /><testcase classname="backend.tests.test_bug_fixes_iteration106.TestAPIEndpoints" name="test_private_paddy_list" time="0.099" /><testcase classname="backend.tests.test_bug_fixes_iteration106.TestAPIEndpoints" name="test_cash_book_list" time="0.107" /><testcase classname="backend.tests.test_bug_fixes_iteration106.TestAPIEndpoints" name="test_private_payments_list" time="0.100" /></testsuite></testsuites>