<?xml version="1.0" encoding="utf-8"?><testsuites name="pytest tests"><testsuite name="pytest" errors="0" failures="0" skipped="0" tests="11" time="2.347" timestamp="2026-03-28T19:54:06.243368+00:00" hostname="agent-env-a2d806d6-f4d1-4680-9216-00b6d382870a"><testcase classname="backend.tests.test_bug_fixes_iteration117.TestDailyReportPDF" name="test_daily_report_json_endpoint" time="0.153" /><testcase classname="backend.tests.test_bug_fixes_iteration117.TestDailyReportPDF" name="test_daily_report_pdf_endpoint_normal_mode" time="0.156" /><testcase classname="backend.tests.test_bug_fixes_iteration117.TestDailyReportPDF" name="test_daily_report_pdf_endpoint_detail_mode" time="0.173" /><testcase classname="backend.tests.test_bug_fixes_iteration117.TestDailyReportPDF" name="test_daily_report_payments_conditional" time="0.142" /><testcase classname="backend.tests.test_bug_fixes_iteration117.TestDailyReportPDF" name="test_daily_report_cash_flow_structure" time="0.118" /><testcase classname="backend.tests.test_bug_fixes_iteration117.TestEntriesPDF" name="test_entries_pdf_endpoint" time="0.162" /><testcase classname="backend.tests.test_bug_fixes_iteration117.TestCashbookPDF" name="test_cashbook_pdf_endpoint" time="0.155" /><testcase classname="backend.tests.test_bug_fixes_iteration117.TestWhatsAppFooterFix" name="test_send_payment_reminder_footer" time="0.641" /><testcase classname="backend.tests.test_bug_fixes_iteration117.TestWhatsAppFooterFix" name="test_send_daily_report_endpoint" time="0.587" /><testcase classname="backend.tests.test_bug_fixes_iteration117.TestWhatsAppCodeReview" name="test_whatsapp_py_footer_text" time="0.000" /><testcase classname="backend.tests.test_bug_fixes_iteration117.TestDailyReportCodeReview" name="test_daily_report_py_payments_conditional" time="0.000" /></testsuite></testsuites>