<?xml version="1.0" encoding="utf-8"?><testsuites name="pytest tests"><testsuite name="pytest" errors="0" failures="0" skipped="0" tests="16" time="2.410" timestamp="2026-03-30T12:54:36.392424+00:00" hostname="agent-env-a2d806d6-f4d1-4680-9216-00b6d382870a"><testcase classname="backend.tests.test_vehicle_weight_iteration133.TestVehicleWeightEditAPI" name="test_edit_vehicle_no" time="1.361" /><testcase classname="backend.tests.test_vehicle_weight_iteration133.TestVehicleWeightEditAPI" name="test_edit_party_name" time="0.055" /><testcase classname="backend.tests.test_vehicle_weight_iteration133.TestVehicleWeightEditAPI" name="test_edit_farmer_name" time="0.052" /><testcase classname="backend.tests.test_vehicle_weight_iteration133.TestVehicleWeightEditAPI" name="test_edit_product" time="0.055" /><testcase classname="backend.tests.test_vehicle_weight_iteration133.TestVehicleWeightEditAPI" name="test_edit_tot_pkts" time="0.054" /><testcase classname="backend.tests.test_vehicle_weight_iteration133.TestVehicleWeightEditAPI" name="test_edit_cash_paid" time="0.052" /><testcase classname="backend.tests.test_vehicle_weight_iteration133.TestVehicleWeightEditAPI" name="test_edit_diesel_paid" time="0.052" /><testcase classname="backend.tests.test_vehicle_weight_iteration133.TestVehicleWeightEditAPI" name="test_edit_multiple_fields" time="0.051" /><testcase classname="backend.tests.test_vehicle_weight_iteration133.TestVehicleWeightEditAPI" name="test_edit_nonexistent_entry" time="0.061" /><testcase classname="backend.tests.test_vehicle_weight_iteration133.TestVehicleWeightSendManualAPI" name="test_send_manual_to_numbers" time="0.065" /><testcase classname="backend.tests.test_vehicle_weight_iteration133.TestVehicleWeightSendManualAPI" name="test_send_manual_to_group" time="0.053" /><testcase classname="backend.tests.test_vehicle_weight_iteration133.TestVehicleWeightSendManualAPI" name="test_send_manual_with_images" time="0.049" /><testcase classname="backend.tests.test_vehicle_weight_iteration133.TestVehicleWeightSlipPDF" name="test_get_slip_pdf" time="0.119" /><testcase classname="backend.tests.test_vehicle_weight_iteration133.TestVehicleWeightSlipPDF" name="test_get_slip_pdf_nonexistent" time="0.076" /><testcase classname="backend.tests.test_vehicle_weight_iteration133.TestBrandingAPI" name="test_get_branding" time="0.053" /><testcase classname="backend.tests.test_vehicle_weight_iteration133.TestCompletedEntriesData" name="test_completed_entries_have_all_fields" time="0.113" /></testsuite></testsuites>