<?xml version="1.0" encoding="utf-8"?><testsuites name="pytest tests"><testsuite name="pytest" errors="0" failures="0" skipped="0" tests="6" time="2.620" timestamp="2026-03-30T07:43:00.444247+00:00" hostname="agent-env-a2d806d6-f4d1-4680-9216-00b6d382870a"><testcase classname="backend.tests.test_whatsapp_group_iteration127.TestWhatsAppGroupEndpoints" name="test_get_whatsapp_groups_returns_success" time="0.653" /><testcase classname="backend.tests.test_whatsapp_group_iteration127.TestWhatsAppGroupEndpoints" name="test_send_group_with_valid_data" time="0.575" /><testcase classname="backend.tests.test_whatsapp_group_iteration127.TestWhatsAppGroupEndpoints" name="test_send_group_without_group_id_returns_400" time="0.148" /><testcase classname="backend.tests.test_whatsapp_group_iteration127.TestWhatsAppGroupEndpoints" name="test_send_group_without_text_or_media_returns_400" time="0.097" /><testcase classname="backend.tests.test_whatsapp_group_iteration127.TestWhatsAppGroupEndpoints" name="test_send_group_with_pdf_url" time="0.945" /><testcase classname="backend.tests.test_whatsapp_group_iteration127.TestWhatsAppSettings" name="test_get_whatsapp_settings" time="0.098" /></testsuite></testsuites>