<?xml version="1.0" encoding="utf-8"?><testsuites name="pytest tests"><testsuite name="pytest" errors="0" failures="0" skipped="0" tests="14" time="2.871" timestamp="2026-03-15T17:24:08.303909+00:00" hostname="agent-env-7efa660e-a150-43c8-a569-9509b5e68a75"><testcase classname="backend.tests.test_monthly_summary_party_ledger.TestMonthlySummaryAPI" name="test_monthly_summary_returns_sardar_data" time="1.664" /><testcase classname="backend.tests.test_monthly_summary_party_ledger.TestMonthlySummaryAPI" name="test_monthly_summary_only_counts_paid_payments" time="0.056" /><testcase classname="backend.tests.test_monthly_summary_party_ledger.TestMonthlySummaryAPI" name="test_monthly_summary_has_items_breakdown" time="0.053" /><testcase classname="backend.tests.test_monthly_summary_party_ledger.TestMonthlySummaryAPI" name="test_monthly_summary_current_advance_balance" time="0.051" /><testcase classname="backend.tests.test_monthly_summary_party_ledger.TestMonthlySummaryAPI" name="test_monthly_summary_sardar_filter" time="0.058" /><testcase classname="backend.tests.test_monthly_summary_party_ledger.TestMonthlySummaryExports" name="test_monthly_summary_pdf_export" time="0.125" /><testcase classname="backend.tests.test_monthly_summary_party_ledger.TestMonthlySummaryExports" name="test_monthly_summary_excel_export" time="0.070" /><testcase classname="backend.tests.test_monthly_summary_party_ledger.TestMonthlySummaryExports" name="test_monthly_summary_pdf_with_filter" time="0.064" /><testcase classname="backend.tests.test_monthly_summary_party_ledger.TestPartyLedgerHemali" name="test_party_ledger_hemali_type_returns_individual_sardars" time="0.064" /><testcase classname="backend.tests.test_monthly_summary_party_ledger.TestPartyLedgerHemali" name="test_party_ledger_hemali_shows_debit_credit" time="0.062" /><testcase classname="backend.tests.test_monthly_summary_party_ledger.TestPartyLedgerHemali" name="test_party_ledger_hemali_not_in_cash_party" time="0.106" /><testcase classname="backend.tests.test_monthly_summary_party_ledger.TestPartyLedgerHemali" name="test_party_ledger_all_types_no_hemali_duplicate" time="0.069" /><testcase classname="backend.tests.test_monthly_summary_party_ledger.TestExistingHemaliData" name="test_monthly_summary_existing_ramesh" time="0.054" /><testcase classname="backend.tests.test_monthly_summary_party_ledger.TestExistingHemaliData" name="test_party_ledger_existing_ramesh" time="0.293" /></testsuite></testsuites>