<?xml version="1.0" encoding="utf-8"?><testsuites name="pytest tests"><testsuite name="pytest" errors="0" failures="0" skipped="0" tests="9" time="1.615" timestamp="2026-03-22T18:19:50.056940+00:00" hostname="agent-env-01ff62aa-121d-4c0a-8f02-831bccbf37e2"><testcase classname="tests.test_iteration100_store_room_export.TestDailyReportStoreRoomExport" name="test_daily_report_api_structure_detail_mode" time="0.257" /><testcase classname="tests.test_iteration100_store_room_export.TestDailyReportStoreRoomExport" name="test_daily_report_api_normal_mode" time="0.144" /><testcase classname="tests.test_iteration100_store_room_export.TestDailyReportStoreRoomExport" name="test_daily_report_pdf_detail_mode" time="0.200" /><testcase classname="tests.test_iteration100_store_room_export.TestDailyReportStoreRoomExport" name="test_daily_report_pdf_normal_mode" time="0.162" /><testcase classname="tests.test_iteration100_store_room_export.TestDailyReportStoreRoomExport" name="test_daily_report_excel_detail_mode" time="0.135" /><testcase classname="tests.test_iteration100_store_room_export.TestDailyReportStoreRoomExport" name="test_daily_report_excel_normal_mode" time="0.167" /><testcase classname="tests.test_iteration100_store_room_export.TestMillPartsStockWithStoreRoom" name="test_create_stock_in_with_store_room" time="0.217" /><testcase classname="tests.test_iteration100_store_room_export.TestMillPartsStockWithStoreRoom" name="test_create_stock_used_with_store_room" time="0.151" /><testcase classname="tests.test_iteration100_store_room_export.TestVersionCheck" name="test_whats_new_version" time="0.000" /></testsuite></testsuites>