<?xml version="1.0" encoding="utf-8"?><testsuites name="pytest tests"><testsuite name="pytest" errors="0" failures="6" skipped="0" tests="31" time="8.434" timestamp="2026-03-15T16:40:36.063092+00:00" hostname="agent-env-7efa660e-a150-43c8-a569-9509b5e68a75"><testcase classname="backend.tests.test_hemali_payments.TestHemaliItems" name="test_01_get_empty_items_list" time="0.272" /><testcase classname="backend.tests.test_hemali_payments.TestHemaliItems" name="test_02_create_hemali_item" time="0.111" /><testcase classname="backend.tests.test_hemali_payments.TestHemaliItems" name="test_03_create_second_item" time="0.172" /><testcase classname="backend.tests.test_hemali_payments.TestHemaliItems" name="test_04_get_items_after_create" time="0.125" /><testcase classname="backend.tests.test_hemali_payments.TestHemaliItems" name="test_05_update_hemali_item" time="0.176" /><testcase classname="backend.tests.test_hemali_payments.TestHemaliItems" name="test_06_update_nonexistent_item" time="0.115" /><testcase classname="backend.tests.test_hemali_payments.TestHemaliItems" name="test_07_delete_hemali_item" time="0.141" /><testcase classname="backend.tests.test_hemali_payments.TestHemaliItems" name="test_08_deleted_item_not_in_list" time="0.115" /><testcase classname="backend.tests.test_hemali_payments.TestHemaliItems" name="test_09_create_item_missing_name" time="0.118" /><testcase classname="backend.tests.test_hemali_payments.TestHemaliItems" name="test_10_create_item_missing_rate" time="0.117" /><testcase classname="backend.tests.test_hemali_payments.TestHemaliPayments" name="test_01_get_empty_payments" time="0.361" /><testcase classname="backend.tests.test_hemali_payments.TestHemaliPayments" name="test_02_create_payment_basic" time="0.339" /><testcase classname="backend.tests.test_hemali_payments.TestHemaliPayments" name="test_03_create_payment_with_extra_creates_advance" time="0.368" /><testcase classname="backend.tests.test_hemali_payments.TestHemaliPayments" name="test_04_check_advance_balance" time="0.339"><failure message="AssertionError: Advance should be Rs.100, got 0.0&#10;assert 0.0 == 100">backend/tests/test_hemali_payments.py:212: in test_04_check_advance_balance
    assert data["advance"] == 100, f"Advance should be Rs.100, got {data['advance']}"
E   AssertionError: Advance should be Rs.100, got 0.0
E   assert 0.0 == 100</failure></testcase><testcase classname="backend.tests.test_hemali_payments.TestHemaliPayments" name="test_05_create_payment_auto_deducts_advance" time="0.377"><failure message="AssertionError: Advance before should be 100&#10;assert 0.0 == 100">backend/tests/test_hemali_payments.py:231: in test_05_create_payment_auto_deducts_advance
    assert data["advance_before"] == 100, f"Advance before should be 100"
E   AssertionError: Advance before should be 100
E   assert 0.0 == 100</failure></testcase><testcase classname="backend.tests.test_hemali_payments.TestHemaliPayments" name="test_06_advance_balance_now_zero" time="0.423" /><testcase classname="backend.tests.test_hemali_payments.TestHemaliPayments" name="test_07_get_sardar_list" time="0.364"><failure message="AssertionError: Test sardar not found in list: ['Ramesh', 'TEST_Sardar_5kuz30ul', 'TEST_Sardar_66pfr1k6', 'TEST_Sardar_xmc5b89y']&#10;assert 'TEST_Sardar_dh5mj8zq' in ['Ramesh', 'TEST_Sardar_5kuz30ul', 'TEST_Sardar_66pfr1k6', 'TEST_Sardar_xmc5b89y']&#10; +  where 'TEST_Sardar_dh5mj8zq' = pytest.test_sardar">backend/tests/test_hemali_payments.py:254: in test_07_get_sardar_list
    assert pytest.test_sardar in data, f"Test sardar not found in list: {data}"
E   AssertionError: Test sardar not found in list: ['Ramesh', 'TEST_Sardar_5kuz30ul', 'TEST_Sardar_66pfr1k6', 'TEST_Sardar_xmc5b89y']
E   assert 'TEST_Sardar_dh5mj8zq' in ['Ramesh', 'TEST_Sardar_5kuz30ul', 'TEST_Sardar_66pfr1k6', 'TEST_Sardar_xmc5b89y']
E    +  where 'TEST_Sardar_dh5mj8zq' = pytest.test_sardar</failure></testcase><testcase classname="backend.tests.test_hemali_payments.TestHemaliPayments" name="test_08_get_payments_filtered" time="0.380"><failure message="AssertionError: Should have at least 3 payments for test sardar&#10;assert 0 &gt;= 3&#10; +  where 0 = len([])">backend/tests/test_hemali_payments.py:262: in test_08_get_payments_filtered
    assert len(data) &gt;= 3, f"Should have at least 3 payments for test sardar"
E   AssertionError: Should have at least 3 payments for test sardar
E   assert 0 &gt;= 3
E    +  where 0 = len([])</failure></testcase><testcase classname="backend.tests.test_hemali_payments.TestHemaliPayments" name="test_09_undo_payment" time="0.239"><failure message="AttributeError: module 'pytest' has no attribute 'payment3_id'">backend/tests/test_hemali_payments.py:269: in test_09_undo_payment
    response = requests.put(f"{BASE_URL}/api/hemali/payments/{pytest.payment3_id}/undo")
                                                              ^^^^^^^^^^^^^^^^^^
E   AttributeError: module 'pytest' has no attribute 'payment3_id'</failure></testcase><testcase classname="backend.tests.test_hemali_payments.TestHemaliPayments" name="test_10_undo_already_undone_fails" time="0.229"><failure message="AttributeError: module 'pytest' has no attribute 'payment3_id'">backend/tests/test_hemali_payments.py:283: in test_10_undo_already_undone_fails
    response = requests.put(f"{BASE_URL}/api/hemali/payments/{pytest.payment3_id}/undo")
                                                              ^^^^^^^^^^^^^^^^^^
E   AttributeError: module 'pytest' has no attribute 'payment3_id'</failure></testcase><testcase classname="backend.tests.test_hemali_payments.TestHemaliPayments" name="test_11_delete_payment" time="0.491" /><testcase classname="backend.tests.test_hemali_payments.TestHemaliPayments" name="test_12_delete_nonexistent_payment" time="0.388" /><testcase classname="backend.tests.test_hemali_payments.TestHemaliPayments" name="test_13_create_payment_missing_sardar" time="0.360" /><testcase classname="backend.tests.test_hemali_payments.TestHemaliPayments" name="test_14_create_payment_no_items" time="0.375" /><testcase classname="backend.tests.test_hemali_payments.TestHemaliExports" name="test_01_export_pdf" time="0.249" /><testcase classname="backend.tests.test_hemali_payments.TestHemaliExports" name="test_02_export_excel" time="0.123" /><testcase classname="backend.tests.test_hemali_payments.TestHemaliExports" name="test_03_export_pdf_with_filters" time="0.111" /><testcase classname="backend.tests.test_hemali_payments.TestHemaliExports" name="test_04_export_excel_with_filters" time="0.146" /><testcase classname="backend.tests.test_hemali_payments.TestHemaliCashBookIntegration" name="test_01_payment_creates_cash_entry" time="0.430" /><testcase classname="backend.tests.test_hemali_payments.TestHemaliCashBookIntegration" name="test_02_undo_removes_cash_entry" time="0.231" /><testcase classname="backend.tests.test_hemali_payments.TestHemaliCashBookIntegration" name="test_03_delete_removes_cash_entry" time="0.368" /></testsuite></testsuites>