<?xml version="1.0" encoding="utf-8"?><testsuites name="pytest tests"><testsuite name="pytest" errors="0" failures="0" skipped="0" tests="9" time="1.094" timestamp="2026-04-25T10:38:07.210828+00:00" hostname="agent-env-a2d806d6-f4d1-4680-9216-00b6d382870a"><testcase classname="backend.tests.test_password_persistence.TestPasswordPersistence" name="test_01_login_with_default_password" time="0.151" /><testcase classname="backend.tests.test_password_persistence.TestPasswordPersistence" name="test_02_change_password_to_new" time="0.143" /><testcase classname="backend.tests.test_password_persistence.TestPasswordPersistence" name="test_03_old_password_must_fail" time="0.099" /><testcase classname="backend.tests.test_password_persistence.TestPasswordPersistence" name="test_04_new_password_must_work" time="0.105" /><testcase classname="backend.tests.test_password_persistence.TestPasswordPersistence" name="test_05_restore_original_password" time="0.105" /><testcase classname="backend.tests.test_password_persistence.TestPasswordPersistence" name="test_06_verify_restored_password_works" time="0.106" /><testcase classname="backend.tests.test_password_persistence.TestBackupBulkDelete" name="test_01_create_manual_backup" time="0.124" /><testcase classname="backend.tests.test_password_persistence.TestBackupBulkDelete" name="test_02_get_backups_list" time="0.101" /><testcase classname="backend.tests.test_password_persistence.TestBackupBulkDelete" name="test_03_bulk_delete_manual_backups" time="0.098" /></testsuite></testsuites>