<?xml version="1.0" encoding="utf-8"?><testsuites name="pytest tests"><testsuite name="pytest" errors="0" failures="0" skipped="0" tests="16" time="4.101" timestamp="2026-03-07T15:52:51.648247+00:00" hostname="agent-env-c6ebd587-effa-4e77-93e1-9ba659bc9076"><testcase classname="backend.tests.test_frk_purchase_custody_export.TestFRKPurchaseAPI" name="test_create_frk_purchase_auto_total" time="0.329" /><testcase classname="backend.tests.test_frk_purchase_custody_export.TestFRKPurchaseAPI" name="test_get_frk_purchases_with_filter" time="0.483" /><testcase classname="backend.tests.test_frk_purchase_custody_export.TestFRKPurchaseAPI" name="test_delete_frk_purchase" time="0.423" /><testcase classname="backend.tests.test_frk_purchase_custody_export.TestFRKPurchaseAPI" name="test_delete_nonexistent_frk_purchase" time="0.105" /><testcase classname="backend.tests.test_frk_purchase_custody_export.TestFRKStockAPI" name="test_frk_stock_calculation" time="0.753" /><testcase classname="backend.tests.test_frk_purchase_custody_export.TestMillingEntryWithFRKFromStock" name="test_create_milling_entry_with_frk_used" time="0.203" /><testcase classname="backend.tests.test_frk_purchase_custody_export.TestPaddyCustodyRegisterAPI" name="test_paddy_custody_register_structure" time="0.104" /><testcase classname="backend.tests.test_frk_purchase_custody_export.TestPaddyCustodyRegisterAPI" name="test_paddy_custody_register_with_filter" time="0.101" /><testcase classname="backend.tests.test_frk_purchase_custody_export.TestPaddyCustodyRegisterAPI" name="test_paddy_custody_balance_calculation" time="0.114" /><testcase classname="backend.tests.test_frk_purchase_custody_export.TestMillingReportExport" name="test_milling_report_excel_export" time="0.173" /><testcase classname="backend.tests.test_frk_purchase_custody_export.TestMillingReportExport" name="test_milling_report_excel_with_filter" time="0.107" /><testcase classname="backend.tests.test_frk_purchase_custody_export.TestMillingReportExport" name="test_milling_report_pdf_export" time="0.165" /><testcase classname="backend.tests.test_frk_purchase_custody_export.TestMillingReportExport" name="test_milling_report_pdf_with_filter" time="0.107" /><testcase classname="backend.tests.test_frk_purchase_custody_export.TestPaddyCustodyRegisterExport" name="test_custody_register_excel_export" time="0.117" /><testcase classname="backend.tests.test_frk_purchase_custody_export.TestPaddyCustodyRegisterExport" name="test_custody_register_excel_with_filter" time="0.115" /><testcase classname="backend.tests.test_frk_purchase_custody_export.TestIntegrationFRKStockMillingCMR" name="test_full_frk_flow" time="0.645" /></testsuite></testsuites>