<?xml version="1.0" encoding="utf-8"?><testsuites name="pytest tests"><testsuite name="pytest" errors="0" failures="0" skipped="0" tests="12" time="1.493" timestamp="2026-04-02T10:42:15.485241+00:00" hostname="agent-env-a2d806d6-f4d1-4680-9216-00b6d382870a"><testcase classname="backend.tests.test_quick_search.TestQuickSearchAPI" name="test_quick_search_basic" time="0.127" /><testcase classname="backend.tests.test_quick_search.TestQuickSearchAPI" name="test_quick_search_returns_grouped_results" time="0.104" /><testcase classname="backend.tests.test_quick_search.TestQuickSearchAPI" name="test_quick_search_multiple_types" time="0.096" /><testcase classname="backend.tests.test_quick_search.TestQuickSearchAPI" name="test_quick_search_limit_parameter" time="0.104" /><testcase classname="backend.tests.test_quick_search.TestQuickSearchAPI" name="test_quick_search_empty_query" time="0.103" /><testcase classname="backend.tests.test_quick_search.TestQuickSearchAPI" name="test_quick_search_no_results" time="0.120" /><testcase classname="backend.tests.test_quick_search.TestQuickSearchAPI" name="test_quick_search_special_characters" time="0.133" /><testcase classname="backend.tests.test_quick_search.TestQuickSearchAPI" name="test_quick_search_entry_type" time="0.105" /><testcase classname="backend.tests.test_quick_search.TestQuickSearchAPI" name="test_quick_search_cash_transaction_type" time="0.101" /><testcase classname="backend.tests.test_quick_search.TestQuickSearchAPI" name="test_quick_search_staff_type" time="0.106" /><testcase classname="backend.tests.test_quick_search.TestQuickSearchAPI" name="test_quick_search_voucher_types" time="0.100" /><testcase classname="backend.tests.test_quick_search.TestQuickSearchAPI" name="test_quick_search_case_insensitive" time="0.223" /></testsuite></testsuites>