<?xml version="1.0" encoding="utf-8"?><testsuites name="pytest tests"><testsuite name="pytest" errors="0" failures="0" skipped="0" tests="18" time="2.779" timestamp="2026-03-08T04:01:06.558702+00:00" hostname="agent-env-29171a1f-52ca-4aca-8266-82302699ffb5"><testcase classname="backend.tests.test_private_trading.TestPrivateTradingPaddyPurchase" name="test_get_existing_paddy_purchases" time="0.265" /><testcase classname="backend.tests.test_private_trading.TestPrivateTradingPaddyPurchase" name="test_create_paddy_purchase" time="0.140" /><testcase classname="backend.tests.test_private_trading.TestPrivateTradingPaddyPurchase" name="test_get_paddy_purchase_with_filters" time="0.165" /><testcase classname="backend.tests.test_private_trading.TestPrivateTradingPaddyPurchase" name="test_update_paddy_purchase" time="0.144" /><testcase classname="backend.tests.test_private_trading.TestPrivateTradingRiceSale" name="test_get_existing_rice_sales" time="0.099" /><testcase classname="backend.tests.test_private_trading.TestPrivateTradingRiceSale" name="test_create_rice_sale" time="0.116" /><testcase classname="backend.tests.test_private_trading.TestPrivateTradingRiceSale" name="test_get_rice_sales_with_filters" time="0.150" /><testcase classname="backend.tests.test_private_trading.TestPrivateTradingRiceSale" name="test_update_rice_sale" time="0.151" /><testcase classname="backend.tests.test_private_trading.TestPrivatePayments" name="test_get_payments" time="0.116" /><testcase classname="backend.tests.test_private_trading.TestPrivatePayments" name="test_create_payment_for_paddy_purchase" time="0.332" /><testcase classname="backend.tests.test_private_trading.TestPrivatePayments" name="test_create_payment_for_rice_sale" time="0.132" /><testcase classname="backend.tests.test_private_trading.TestPrivatePayments" name="test_delete_payment_reverses_balance" time="0.119" /><testcase classname="backend.tests.test_private_trading.TestPartyLedgerIntegration" name="test_party_ledger_pvt_paddy_filter" time="0.115" /><testcase classname="backend.tests.test_private_trading.TestPartyLedgerIntegration" name="test_party_ledger_rice_buyer_filter" time="0.115" /><testcase classname="backend.tests.test_private_trading.TestPartyLedgerIntegration" name="test_party_ledger_all_types" time="0.125" /><testcase classname="backend.tests.test_private_trading.TestCleanup" name="test_cleanup_paddy_entries" time="0.114" /><testcase classname="backend.tests.test_private_trading.TestCleanup" name="test_cleanup_rice_sale_entries" time="0.121" /><testcase classname="backend.tests.test_private_trading.TestCleanup" name="test_cleanup_payments" time="0.137" /></testsuite></testsuites>