<?xml version="1.0" encoding="utf-8"?><testsuites name="pytest tests"><testsuite name="pytest" errors="0" failures="0" skipped="0" tests="14" time="2.614" timestamp="2026-03-12T09:55:53.420025+00:00" hostname="agent-env-89e4ea6c-f376-4d61-bf80-56f67b71a4f3"><testcase classname="backend.tests.test_iteration68_bank_accounts.TestBankAccountsCRUD" name="test_get_bank_accounts" time="0.226" /><testcase classname="backend.tests.test_iteration68_bank_accounts.TestBankAccountsCRUD" name="test_add_bank_account" time="0.148" /><testcase classname="backend.tests.test_iteration68_bank_accounts.TestBankAccountsCRUD" name="test_add_bank_account_empty_name_fails" time="0.095" /><testcase classname="backend.tests.test_iteration68_bank_accounts.TestBankAccountsCRUD" name="test_add_duplicate_bank_fails" time="0.350" /><testcase classname="backend.tests.test_iteration68_bank_accounts.TestBankAccountsCRUD" name="test_delete_bank_account" time="0.191" /><testcase classname="backend.tests.test_iteration68_bank_accounts.TestBankAccountsCRUD" name="test_delete_nonexistent_bank_fails" time="0.128" /><testcase classname="backend.tests.test_iteration68_bank_accounts.TestOpeningBalance" name="test_get_opening_balance" time="0.102" /><testcase classname="backend.tests.test_iteration68_bank_accounts.TestOpeningBalance" name="test_save_opening_balance_cash_and_banks" time="0.148" /><testcase classname="backend.tests.test_iteration68_bank_accounts.TestOpeningBalance" name="test_save_opening_balance_missing_kms_year_fails" time="0.097" /><testcase classname="backend.tests.test_iteration68_bank_accounts.TestCashBookSummaryWithBankDetails" name="test_summary_returns_bank_details" time="0.096" /><testcase classname="backend.tests.test_iteration68_bank_accounts.TestBankTransactionWithBankName" name="test_create_bank_transaction_with_bank_name" time="0.210" /><testcase classname="backend.tests.test_iteration68_bank_accounts.TestBankTransactionWithBankName" name="test_bank_transaction_affects_correct_bank_in_summary" time="0.295" /><testcase classname="backend.tests.test_iteration68_bank_accounts.TestExistingBankAccounts" name="test_existing_banks_present" time="0.095" /><testcase classname="backend.tests.test_iteration68_bank_accounts.TestCashBookModel" name="test_get_transactions_include_bank_name" time="0.297" /></testsuite></testsuites>