<?xml version="1.0" encoding="utf-8"?><testsuites name="pytest tests"><testsuite name="pytest" errors="0" failures="0" skipped="0" tests="21" time="3.021" timestamp="2026-03-07T18:55:44.227454+00:00" hostname="agent-env-29171a1f-52ca-4aca-8266-82302699ffb5"><testcase classname="backend.tests.test_ledgers.TestAuth" name="test_login_admin" time="0.180" /><testcase classname="backend.tests.test_ledgers.TestAuth" name="test_login_staff" time="0.169" /><testcase classname="backend.tests.test_ledgers.TestOutstandingReport" name="test_outstanding_report_structure" time="0.154" /><testcase classname="backend.tests.test_ledgers.TestOutstandingReport" name="test_outstanding_dc_section" time="0.106" /><testcase classname="backend.tests.test_ledgers.TestOutstandingReport" name="test_outstanding_msp_section" time="0.126" /><testcase classname="backend.tests.test_ledgers.TestOutstandingReport" name="test_outstanding_trucks_array" time="0.126" /><testcase classname="backend.tests.test_ledgers.TestOutstandingReport" name="test_outstanding_agents_array" time="0.106" /><testcase classname="backend.tests.test_ledgers.TestOutstandingReport" name="test_outstanding_frk_parties" time="0.107" /><testcase classname="backend.tests.test_ledgers.TestOutstandingReport" name="test_outstanding_with_kms_filter" time="0.128" /><testcase classname="backend.tests.test_ledgers.TestPartyLedger" name="test_party_ledger_structure" time="0.132" /><testcase classname="backend.tests.test_ledgers.TestPartyLedger" name="test_party_ledger_returns_array" time="0.130" /><testcase classname="backend.tests.test_ledgers.TestPartyLedger" name="test_party_ledger_party_list" time="0.103" /><testcase classname="backend.tests.test_ledgers.TestPartyLedger" name="test_party_ledger_totals" time="0.128" /><testcase classname="backend.tests.test_ledgers.TestPartyLedger" name="test_party_ledger_filter_agent" time="0.156" /><testcase classname="backend.tests.test_ledgers.TestPartyLedger" name="test_party_ledger_filter_truck" time="0.112" /><testcase classname="backend.tests.test_ledgers.TestPartyLedger" name="test_party_ledger_filter_frk_party" time="0.122" /><testcase classname="backend.tests.test_ledgers.TestPartyLedger" name="test_party_ledger_filter_buyer" time="0.137" /><testcase classname="backend.tests.test_ledgers.TestLedgerExports" name="test_outstanding_excel_export" time="0.158" /><testcase classname="backend.tests.test_ledgers.TestLedgerExports" name="test_outstanding_pdf_export" time="0.231" /><testcase classname="backend.tests.test_ledgers.TestLedgerExports" name="test_party_ledger_excel_export" time="0.133" /><testcase classname="backend.tests.test_ledgers.TestLedgerExports" name="test_party_ledger_pdf_export" time="0.122" /></testsuite></testsuites>