<?xml version="1.0" encoding="utf-8"?><testsuites name="pytest tests"><testsuite name="pytest" errors="0" failures="0" skipped="0" tests="21" time="3.603" timestamp="2026-04-10T17:24:05.173742+00:00" hostname="agent-env-a2d806d6-f4d1-4680-9216-00b6d382870a"><testcase classname="backend.tests.test_export_tp_weight.TestMillEntriesExport" name="test_mill_entries_excel_export_status" time="0.373" /><testcase classname="backend.tests.test_export_tp_weight.TestMillEntriesExport" name="test_mill_entries_excel_has_tp_weight_column" time="0.321" /><testcase classname="backend.tests.test_export_tp_weight.TestMillEntriesExport" name="test_mill_entries_excel_has_tp_weight_total" time="0.143" /><testcase classname="backend.tests.test_export_tp_weight.TestMillEntriesExport" name="test_mill_entries_pdf_export_status" time="0.204" /><testcase classname="backend.tests.test_export_tp_weight.TestMillEntriesExport" name="test_mill_entries_pdf_has_content" time="0.127" /><testcase classname="backend.tests.test_export_tp_weight.TestVehicleWeightExport" name="test_vw_excel_export_status" time="0.147" /><testcase classname="backend.tests.test_export_tp_weight.TestVehicleWeightExport" name="test_vw_excel_has_total_row" time="0.136" /><testcase classname="backend.tests.test_export_tp_weight.TestVehicleWeightExport" name="test_vw_excel_has_15_columns" time="0.175" /><testcase classname="backend.tests.test_export_tp_weight.TestVehicleWeightExport" name="test_vw_excel_total_row_has_all_totals" time="0.133" /><testcase classname="backend.tests.test_export_tp_weight.TestVehicleWeightExport" name="test_vw_pdf_export_status" time="0.162" /><testcase classname="backend.tests.test_export_tp_weight.TestVehicleWeightExport" name="test_vw_pdf_has_content" time="0.136" /><testcase classname="backend.tests.test_export_tp_weight.TestDailyReportExport" name="test_daily_report_pdf_export_status" time="0.195" /><testcase classname="backend.tests.test_export_tp_weight.TestDailyReportExport" name="test_daily_report_pdf_has_content" time="0.140" /><testcase classname="backend.tests.test_export_tp_weight.TestDailyReportExport" name="test_daily_report_excel_export_status" time="0.128" /><testcase classname="backend.tests.test_export_tp_weight.TestDailyReportExport" name="test_daily_report_excel_has_tp_weight_in_summary" time="0.134" /><testcase classname="backend.tests.test_export_tp_weight.TestDailyReportExport" name="test_daily_report_excel_has_tp_weight_header" time="0.137" /><testcase classname="backend.tests.test_export_tp_weight.TestTotalsAPI" name="test_totals_api_status" time="0.117" /><testcase classname="backend.tests.test_export_tp_weight.TestTotalsAPI" name="test_totals_api_has_total_tp_weight" time="0.165" /><testcase classname="backend.tests.test_export_tp_weight.TestDailyReportAPI" name="test_daily_report_api_status" time="0.121" /><testcase classname="backend.tests.test_export_tp_weight.TestDailyReportAPI" name="test_daily_report_api_has_tp_weight_total" time="0.187" /><testcase classname="backend.tests.test_export_tp_weight.TestDailyReportAPI" name="test_daily_report_api_details_have_tp_weight" time="0.130" /></testsuite></testsuites>