<?xml version="1.0" encoding="utf-8"?><testsuites name="pytest tests"><testsuite name="pytest" errors="0" failures="0" skipped="0" tests="9" time="1.825" timestamp="2026-03-30T11:57:53.113718+00:00" hostname="agent-env-a2d806d6-f4d1-4680-9216-00b6d382870a"><testcase classname="backend.tests.test_vehicle_weight_iteration131.TestVehicleWeightAPIs" name="test_get_next_rst" time="0.177" /><testcase classname="backend.tests.test_vehicle_weight_iteration131.TestVehicleWeightAPIs" name="test_create_first_weight_auto_rst" time="0.175" /><testcase classname="backend.tests.test_vehicle_weight_iteration131.TestVehicleWeightAPIs" name="test_create_first_weight_custom_rst" time="0.187" /><testcase classname="backend.tests.test_vehicle_weight_iteration131.TestVehicleWeightAPIs" name="test_list_pending_vehicles" time="0.143" /><testcase classname="backend.tests.test_vehicle_weight_iteration131.TestVehicleWeightAPIs" name="test_update_second_weight" time="0.236" /><testcase classname="backend.tests.test_vehicle_weight_iteration131.TestVehicleWeightAPIs" name="test_delete_pending_entry" time="0.275" /><testcase classname="backend.tests.test_vehicle_weight_iteration131.TestVehicleWeightAPIs" name="test_delete_completed_entry" time="0.197" /><testcase classname="backend.tests.test_vehicle_weight_iteration131.TestVehicleWeightAPIs" name="test_get_by_rst" time="0.268" /><testcase classname="backend.tests.test_vehicle_weight_iteration131.TestVehicleWeightAPIs" name="test_list_all_entries" time="0.101" /></testsuite></testsuites>