<?xml version="1.0" encoding="utf-8"?><testsuites name="pytest tests"><testsuite name="pytest" errors="0" failures="0" skipped="0" tests="26" time="3.394" timestamp="2026-03-08T04:46:49.245823+00:00" hostname="agent-env-29171a1f-52ca-4aca-8266-82302699ffb5"><testcase classname="backend.tests.test_code_refactoring.TestLoginAfterRefactoring" name="test_admin_login" time="0.160" /><testcase classname="backend.tests.test_code_refactoring.TestLoginAfterRefactoring" name="test_staff_login" time="0.107" /><testcase classname="backend.tests.test_code_refactoring.TestEntriesAfterRefactoring" name="test_get_entries" time="0.125" /><testcase classname="backend.tests.test_code_refactoring.TestEntriesAfterRefactoring" name="test_get_entries_with_filter" time="0.100" /><testcase classname="backend.tests.test_code_refactoring.TestCashBookAfterRefactoring" name="test_get_cash_book_transactions" time="0.103" /><testcase classname="backend.tests.test_code_refactoring.TestCashBookAfterRefactoring" name="test_get_cash_book_summary" time="0.101" /><testcase classname="backend.tests.test_code_refactoring.TestCashBookAfterRefactoring" name="test_cash_book_summary_includes_opening_balance" time="0.152" /><testcase classname="backend.tests.test_code_refactoring.TestOpeningBalanceAPIs" name="test_get_opening_balance" time="0.108" /><testcase classname="backend.tests.test_code_refactoring.TestOpeningBalanceAPIs" name="test_get_opening_balance_for_2025_2026" time="0.123" /><testcase classname="backend.tests.test_code_refactoring.TestOpeningBalanceAPIs" name="test_put_opening_balance" time="0.259" /><testcase classname="backend.tests.test_code_refactoring.TestFYSettingsAPI" name="test_get_fy_settings" time="0.105" /><testcase classname="backend.tests.test_code_refactoring.TestFYSettingsAPI" name="test_get_fy_settings_returns_saved_value" time="0.121" /><testcase classname="backend.tests.test_code_refactoring.TestFYSettingsAPI" name="test_put_fy_settings" time="0.318" /><testcase classname="backend.tests.test_code_refactoring.TestReportsAfterRefactoring" name="test_outstanding_report" time="0.104" /><testcase classname="backend.tests.test_code_refactoring.TestReportsAfterRefactoring" name="test_party_ledger_report" time="0.112" /><testcase classname="backend.tests.test_code_refactoring.TestPrivateTradingAfterRefactoring" name="test_get_private_paddy" time="0.098" /><testcase classname="backend.tests.test_code_refactoring.TestPrivateTradingAfterRefactoring" name="test_get_rice_sales" time="0.119" /><testcase classname="backend.tests.test_code_refactoring.TestOtherRefactoredEndpoints" name="test_branding_endpoint" time="0.101" /><testcase classname="backend.tests.test_code_refactoring.TestOtherRefactoredEndpoints" name="test_suggestions_trucks" time="0.119" /><testcase classname="backend.tests.test_code_refactoring.TestOtherRefactoredEndpoints" name="test_suggestions_agents" time="0.108" /><testcase classname="backend.tests.test_code_refactoring.TestOtherRefactoredEndpoints" name="test_suggestions_mandis" time="0.100" /><testcase classname="backend.tests.test_code_refactoring.TestOtherRefactoredEndpoints" name="test_totals_endpoint" time="0.106" /><testcase classname="backend.tests.test_code_refactoring.TestOtherRefactoredEndpoints" name="test_dashboard_agent_totals" time="0.099" /><testcase classname="backend.tests.test_code_refactoring.TestOtherRefactoredEndpoints" name="test_mandi_targets_summary" time="0.106" /><testcase classname="backend.tests.test_code_refactoring.TestOtherRefactoredEndpoints" name="test_truck_payments" time="0.101" /><testcase classname="backend.tests.test_code_refactoring.TestOtherRefactoredEndpoints" name="test_agent_payments" time="0.109" /></testsuite></testsuites>