<?xml version="1.0" encoding="utf-8"?><testsuites name="pytest tests"><testsuite name="pytest" errors="0" failures="0" skipped="0" tests="12" time="1.867" timestamp="2026-03-31T12:42:13.214079+00:00" hostname="agent-env-a2d806d6-f4d1-4680-9216-00b6d382870a"><testcase classname="backend.tests.test_iteration149.TestAuthAndBranding" name="test_login_admin" time="0.301" /><testcase classname="backend.tests.test_iteration149.TestAuthAndBranding" name="test_branding_api" time="0.105" /><testcase classname="backend.tests.test_iteration149.TestVehicleWeight" name="test_vehicle_weight_list" time="0.117" /><testcase classname="backend.tests.test_iteration149.TestVehicleWeight" name="test_vehicle_weight_linked_rst" time="0.117" /><testcase classname="backend.tests.test_iteration149.TestVehicleWeight" name="test_vehicle_weight_pending_count" time="0.105" /><testcase classname="backend.tests.test_iteration149.TestVehicleWeight" name="test_vehicle_weight_pending_list" time="0.100" /><testcase classname="backend.tests.test_iteration149.TestVehicleWeight" name="test_vehicle_weight_next_rst" time="0.118" /><testcase classname="backend.tests.test_iteration149.TestVehicleWeightExports" name="test_export_pdf" time="0.240" /><testcase classname="backend.tests.test_iteration149.TestVehicleWeightExports" name="test_export_excel" time="0.121" /><testcase classname="backend.tests.test_iteration149.TestVehicleWeightExports" name="test_slip_pdf" time="0.211" /><testcase classname="backend.tests.test_iteration149.TestAutoNotifySettings" name="test_get_auto_notify_setting" time="0.107" /><testcase classname="backend.tests.test_iteration149.TestImageCleanupSettings" name="test_get_image_cleanup_setting" time="0.109" /></testsuite></testsuites>