<?xml version="1.0" encoding="utf-8"?><testsuites name="pytest tests"><testsuite name="pytest" errors="0" failures="0" skipped="0" tests="11" time="1.778" timestamp="2026-04-16T09:02:12.321883+00:00" hostname="agent-env-a2d806d6-f4d1-4680-9216-00b6d382870a"><testcase classname="backend.tests.test_vehicle_weight_p0_fixes.TestVehicleWeightPhotosEndpoint" name="test_photos_endpoint_returns_gross_wt_tare_wt_remark" time="0.228" /><testcase classname="backend.tests.test_vehicle_weight_p0_fixes.TestVehicleWeightPhotosEndpoint" name="test_photos_endpoint_with_any_completed_entry" time="0.248" /><testcase classname="backend.tests.test_vehicle_weight_p0_fixes.TestVehicleWeightPhotosEndpoint" name="test_photos_endpoint_404_for_invalid_entry" time="0.150" /><testcase classname="backend.tests.test_vehicle_weight_p0_fixes.TestWeighbridgeHostSettings" name="test_get_weighbridge_host_returns_url" time="0.101" /><testcase classname="backend.tests.test_vehicle_weight_p0_fixes.TestWeighbridgeHostSettings" name="test_put_weighbridge_host_saves_url" time="0.223" /><testcase classname="backend.tests.test_vehicle_weight_p0_fixes.TestWeighbridgeHostSettings" name="test_put_weighbridge_host_empty_url" time="0.102" /><testcase classname="backend.tests.test_vehicle_weight_p0_fixes.TestWeighbridgeLiveWeight" name="test_live_weight_endpoint_exists" time="0.132" /><testcase classname="backend.tests.test_vehicle_weight_p0_fixes.TestWeighbridgeLiveWeight" name="test_live_weight_returns_expected_structure" time="0.098" /><testcase classname="backend.tests.test_vehicle_weight_p0_fixes.TestVehicleWeightList" name="test_get_vehicle_weights_list" time="0.106" /><testcase classname="backend.tests.test_vehicle_weight_p0_fixes.TestVehicleWeightList" name="test_get_completed_vehicle_weights" time="0.160" /><testcase classname="backend.tests.test_vehicle_weight_p0_fixes.TestVehicleWeightList" name="test_vehicle_weight_entry_has_required_fields" time="0.107" /></testsuite></testsuites>