<?xml version="1.0" encoding="utf-8"?><testsuites name="pytest tests"><testsuite name="pytest" errors="0" failures="0" skipped="0" tests="15" time="2.257" timestamp="2026-04-13T05:58:42.629408+00:00" hostname="agent-env-a2d806d6-f4d1-4680-9216-00b6d382870a"><testcase classname="backend.tests.test_refactoring_v90_3_iteration188.TestAuthAndBasicAPIs" name="test_login_success" time="0.226" /><testcase classname="backend.tests.test_refactoring_v90_3_iteration188.TestAuthAndBasicAPIs" name="test_login_wrong_password" time="0.103" /><testcase classname="backend.tests.test_refactoring_v90_3_iteration188.TestCashBookServiceRefactoring" name="test_cash_book_summary" time="0.137" /><testcase classname="backend.tests.test_refactoring_v90_3_iteration188.TestCashBookServiceRefactoring" name="test_cash_book_list" time="0.114" /><testcase classname="backend.tests.test_refactoring_v90_3_iteration188.TestCashBookServiceRefactoring" name="test_cash_book_create_and_delete" time="0.251" /><testcase classname="backend.tests.test_refactoring_v90_3_iteration188.TestFYSummaryRegression" name="test_fy_summary" time="0.126" /><testcase classname="backend.tests.test_refactoring_v90_3_iteration188.TestMillingEntriesRegression" name="test_milling_entries" time="0.107" /><testcase classname="backend.tests.test_refactoring_v90_3_iteration188.TestReportsEndpoints" name="test_cmr_vs_dc_report" time="0.114" /><testcase classname="backend.tests.test_refactoring_v90_3_iteration188.TestReportsEndpoints" name="test_season_pnl_report" time="0.121" /><testcase classname="backend.tests.test_refactoring_v90_3_iteration188.TestReportsEndpoints" name="test_daily_report" time="0.121" /><testcase classname="backend.tests.test_refactoring_v90_3_iteration188.TestSettingsEndpoints" name="test_byproduct_categories" time="0.104" /><testcase classname="backend.tests.test_refactoring_v90_3_iteration188.TestCashbookServiceFunctions" name="test_detect_party_type_for_known_party" time="0.100" /><testcase classname="backend.tests.test_refactoring_v90_3_iteration188.TestCashbookServiceFunctions" name="test_auto_ledger_entry_creation" time="0.348" /><testcase classname="backend.tests.test_refactoring_v90_3_iteration188.TestFYSettingsAndFilters" name="test_fy_settings_get" time="0.102" /><testcase classname="backend.tests.test_refactoring_v90_3_iteration188.TestFYSettingsAndFilters" name="test_mandi_targets" time="0.101" /></testsuite></testsuites>