<?xml version="1.0" encoding="utf-8"?><testsuites name="pytest tests"><testsuite name="pytest" errors="0" failures="0" skipped="0" tests="12" time="2.037" timestamp="2026-03-14T06:52:24.280465+00:00" hostname="agent-env-3ed2282c-59a0-4233-baa9-fbb4e312a951"><testcase classname="backend.tests.test_iteration88.TestAuth" name="test_login_success_admin" time="0.185" /><testcase classname="backend.tests.test_iteration88.TestAuth" name="test_login_invalid_password" time="0.108" /><testcase classname="backend.tests.test_iteration88.TestCashBookAPI" name="test_cash_book_get_transactions" time="0.128" /><testcase classname="backend.tests.test_iteration88.TestCashBookAPI" name="test_cash_book_summary" time="0.108" /><testcase classname="backend.tests.test_iteration88.TestCashBookAPI" name="test_cash_book_party_summary" time="0.105" /><testcase classname="backend.tests.test_iteration88.TestCashBookAPI" name="test_cash_book_post_with_agent_category" time="0.301" /><testcase classname="backend.tests.test_iteration88.TestBalanceSheetAPI" name="test_balance_sheet_endpoint" time="0.160" /><testcase classname="backend.tests.test_iteration88.TestBalanceSheetAPI" name="test_balance_sheet_agent_accounts" time="0.118" /><testcase classname="backend.tests.test_iteration88.TestBalanceSheetAPI" name="test_balance_sheet_truck_accounts" time="0.153" /><testcase classname="backend.tests.test_iteration88.TestCashBookDeleteAPI" name="test_delete_cash_book_basic" time="0.302" /><testcase classname="backend.tests.test_iteration88.TestCashBookDeleteAPI" name="test_delete_not_found" time="0.109" /><testcase classname="backend.tests.test_iteration88.TestErrorBoundary" name="test_api_health" time="0.140" /></testsuite></testsuites>