<?xml version="1.0" encoding="utf-8"?><testsuites name="pytest tests"><testsuite name="pytest" errors="0" failures="0" skipped="0" tests="25" time="3.345" timestamp="2026-03-11T11:02:37.396461+00:00" hostname="agent-env-5a4ce7a6-bf27-4650-b884-8e4a3cfec95c"><testcase classname="backend.tests.test_export_description_truncation.TestCashBookExports" name="test_01_cash_book_pdf_returns_200_and_valid_pdf" time="0.308" /><testcase classname="backend.tests.test_export_description_truncation.TestCashBookExports" name="test_02_cash_book_pdf_with_filters_returns_200" time="0.119" /><testcase classname="backend.tests.test_export_description_truncation.TestCashBookExports" name="test_03_cash_book_excel_returns_200_and_valid_xlsx" time="0.122" /><testcase classname="backend.tests.test_export_description_truncation.TestCashBookExports" name="test_04_cash_book_excel_with_filters_returns_200" time="0.114" /><testcase classname="backend.tests.test_export_description_truncation.TestPartySummaryExports" name="test_05_party_summary_pdf_returns_200_and_valid_pdf" time="0.107" /><testcase classname="backend.tests.test_export_description_truncation.TestPartySummaryExports" name="test_06_party_summary_pdf_with_status_filter" time="0.124" /><testcase classname="backend.tests.test_export_description_truncation.TestPartySummaryExports" name="test_07_party_summary_pdf_with_party_type_filter" time="0.110" /><testcase classname="backend.tests.test_export_description_truncation.TestPartySummaryExports" name="test_08_party_summary_excel_returns_200_and_valid_xlsx" time="0.113" /><testcase classname="backend.tests.test_export_description_truncation.TestPartySummaryExports" name="test_09_party_summary_excel_with_filters" time="0.110" /><testcase classname="backend.tests.test_export_description_truncation.TestPartyLedgerExports" name="test_10_party_ledger_pdf_returns_200_and_valid_pdf" time="0.126" /><testcase classname="backend.tests.test_export_description_truncation.TestPartyLedgerExports" name="test_11_party_ledger_pdf_with_party_type_filter" time="0.110" /><testcase classname="backend.tests.test_export_description_truncation.TestPartyLedgerExports" name="test_12_party_ledger_pdf_with_date_filter" time="0.105" /><testcase classname="backend.tests.test_export_description_truncation.TestPartyLedgerExports" name="test_13_party_ledger_excel_returns_200_and_valid_xlsx" time="0.164" /><testcase classname="backend.tests.test_export_description_truncation.TestPartyLedgerExports" name="test_14_party_ledger_excel_with_party_type_filter" time="0.143" /><testcase classname="backend.tests.test_export_description_truncation.TestPartyLedgerExports" name="test_15_party_ledger_excel_with_combined_filters" time="0.133" /><testcase classname="backend.tests.test_export_description_truncation.TestAgentMandiReport" name="test_16_agent_mandi_wise_api_returns_200" time="0.111" /><testcase classname="backend.tests.test_export_description_truncation.TestAgentMandiReport" name="test_17_agent_mandi_wise_with_filters" time="0.117" /><testcase classname="backend.tests.test_export_description_truncation.TestAgentMandiReport" name="test_18_agent_mandi_wise_excel_returns_200" time="0.116" /><testcase classname="backend.tests.test_export_description_truncation.TestAgentMandiReport" name="test_19_agent_mandi_wise_pdf_returns_200" time="0.116" /><testcase classname="backend.tests.test_export_description_truncation.TestMandiTargets" name="test_20_mandi_targets_get_returns_200" time="0.103" /><testcase classname="backend.tests.test_export_description_truncation.TestMandiTargets" name="test_21_mandi_targets_with_filters" time="0.126" /><testcase classname="backend.tests.test_export_description_truncation.TestMandiTargets" name="test_22_mandi_targets_summary_returns_200" time="0.105" /><testcase classname="backend.tests.test_export_description_truncation.TestExportAPIDataIntegrity" name="test_23_cash_book_api_returns_transactions" time="0.103" /><testcase classname="backend.tests.test_export_description_truncation.TestExportAPIDataIntegrity" name="test_24_party_summary_api_returns_data" time="0.115" /><testcase classname="backend.tests.test_export_description_truncation.TestExportAPIDataIntegrity" name="test_25_party_ledger_api_returns_data" time="0.109" /></testsuite></testsuites>