<?xml version="1.0" encoding="utf-8"?><testsuites name="pytest tests"><testsuite name="pytest" errors="0" failures="2" skipped="0" tests="8" time="2.470" timestamp="2026-03-08T15:31:26.178192+00:00" hostname="agent-env-4af349c7-d14f-41fa-87c6-add02193cc2a"><testcase classname="tests.test_iteration24_gunny_g_issued.TestGIssueAutoDeduction" name="test_create_entry_with_g_issued_creates_gunny_out" time="0.395" /><testcase classname="tests.test_iteration24_gunny_g_issued.TestGIssueAutoDeduction" name="test_create_entry_without_g_issued_no_gunny_entry" time="0.370" /><testcase classname="tests.test_iteration24_gunny_g_issued.TestGIssueUpdateAndDelete" name="test_update_entry_g_issued_updates_gunny_entry" time="0.671" /><testcase classname="tests.test_iteration24_gunny_g_issued.TestGIssueUpdateAndDelete" name="test_delete_entry_removes_linked_gunny_entry" time="0.411" /><testcase classname="tests.test_iteration24_gunny_g_issued.TestGunnySummaryNoGIssued" name="test_gunny_summary_no_g_issued_key" time="0.127" /><testcase classname="tests.test_iteration24_gunny_g_issued.TestErrorLogEndpoint" name="test_error_log_returns_proper_response" time="0.102" /><testcase classname="tests.test_iteration24_gunny_g_issued.TestLogin" name="test_admin_login" time="0.133"><failure message="AssertionError: assert None == 'admin'&#10; +  where None = &lt;built-in method get of dict object at 0xf92e00562300&gt;('role')&#10; +    where &lt;built-in method get of dict object at 0xf92e00562300&gt; = {}.get&#10; +      where {} = &lt;built-in method get of dict object at 0xf92e000f5f00&gt;('user', {})&#10; +        where &lt;built-in method get of dict object at 0xf92e000f5f00&gt; = {'message': 'Login successful', 'role': 'admin', 'success': True, 'username': 'admin'}.get">tests/test_iteration24_gunny_g_issued.py:261: in test_admin_login
    assert data.get('user', {}).get('role') == 'admin'
E   AssertionError: assert None == 'admin'
E    +  where None = &lt;built-in method get of dict object at 0xf92e00562300&gt;('role')
E    +    where &lt;built-in method get of dict object at 0xf92e00562300&gt; = {}.get
E    +      where {} = &lt;built-in method get of dict object at 0xf92e000f5f00&gt;('user', {})
E    +        where &lt;built-in method get of dict object at 0xf92e000f5f00&gt; = {'message': 'Login successful', 'role': 'admin', 'success': True, 'username': 'admin'}.get</failure></testcase><testcase classname="tests.test_iteration24_gunny_g_issued.TestLogin" name="test_staff_login" time="0.120"><failure message="AssertionError: assert None == 'staff'&#10; +  where None = &lt;built-in method get of dict object at 0xf92dfff61a00&gt;('role')&#10; +    where &lt;built-in method get of dict object at 0xf92dfff61a00&gt; = {}.get&#10; +      where {} = &lt;built-in method get of dict object at 0xf92dfff61e00&gt;('user', {})&#10; +        where &lt;built-in method get of dict object at 0xf92dfff61e00&gt; = {'message': 'Login successful', 'role': 'staff', 'success': True, 'username': 'staff'}.get">tests/test_iteration24_gunny_g_issued.py:273: in test_staff_login
    assert data.get('user', {}).get('role') == 'staff'
E   AssertionError: assert None == 'staff'
E    +  where None = &lt;built-in method get of dict object at 0xf92dfff61a00&gt;('role')
E    +    where &lt;built-in method get of dict object at 0xf92dfff61a00&gt; = {}.get
E    +      where {} = &lt;built-in method get of dict object at 0xf92dfff61e00&gt;('user', {})
E    +        where &lt;built-in method get of dict object at 0xf92dfff61e00&gt; = {'message': 'Login successful', 'role': 'staff', 'success': True, 'username': 'staff'}.get</failure></testcase></testsuite></testsuites>