<?xml version="1.0" encoding="utf-8"?><testsuites name="pytest tests"><testsuite name="pytest" errors="0" failures="0" skipped="0" tests="11" time="2.083" timestamp="2026-03-14T10:57:14.826190+00:00" hostname="agent-env-3ed2282c-59a0-4233-baa9-fbb4e312a951"><testcase classname="backend.tests.test_iteration89.TestLogin" name="test_login_valid_credentials" time="0.226" /><testcase classname="backend.tests.test_iteration89.TestLogin" name="test_login_invalid_password" time="0.148" /><testcase classname="backend.tests.test_iteration89.TestAgentPayments" name="test_agent_payments_returns_agent_name" time="0.135" /><testcase classname="backend.tests.test_iteration89.TestCashBookAgentNames" name="test_agent_names_endpoint" time="0.134" /><testcase classname="backend.tests.test_iteration89.TestBalanceSheetAgentAccounts" name="test_balance_sheet_has_agent_accounts" time="0.207" /><testcase classname="backend.tests.test_iteration89.TestCashBookPartyTypeAutoDetect" name="test_post_cash_book_auto_detects_party_type" time="0.219" /><testcase classname="backend.tests.test_iteration89.TestCashBookDelete" name="test_delete_cash_transaction" time="0.333" /><testcase classname="backend.tests.test_iteration89.TestCashBookDelete" name="test_delete_nonexistent_returns_404" time="0.101" /><testcase classname="backend.tests.test_iteration89.TestFYSummary" name="test_fy_summary_has_all_sections" time="0.155" /><testcase classname="backend.tests.test_iteration89.TestPartyLedger" name="test_party_ledger_returns_data" time="0.111" /><testcase classname="backend.tests.test_iteration89.TestStockSummary" name="test_stock_summary_returns_data" time="0.120" /></testsuite></testsuites>