<?xml version="1.0" encoding="utf-8"?><testsuites name="pytest tests"><testsuite name="pytest" errors="0" failures="2" skipped="0" tests="22" time="5.033" timestamp="2026-03-06T11:12:37.360998+00:00" hostname="agent-env-251b0819-79b5-49ba-9e15-4bd067cd12c6"><testcase classname="backend.tests.test_payment_features.TestTruckPaymentsEndpoint" name="test_get_truck_payments" time="0.242" /><testcase classname="backend.tests.test_payment_features.TestTruckPaymentsEndpoint" name="test_truck_payments_with_kms_year_filter" time="0.139" /><testcase classname="backend.tests.test_payment_features.TestTruckPaymentsEndpoint" name="test_truck_payments_with_season_filter" time="0.101" /><testcase classname="backend.tests.test_payment_features.TestTruckPaymentsEndpoint" name="test_truck_payment_calculation" time="0.134" /><testcase classname="backend.tests.test_payment_features.TestTruckRateSetting" name="test_set_truck_rate_admin" time="0.591" /><testcase classname="backend.tests.test_payment_features.TestTruckRateSetting" name="test_set_truck_rate_staff_forbidden" time="0.331" /><testcase classname="backend.tests.test_payment_features.TestTruckPaymentMaking" name="test_make_truck_payment_admin" time="0.308" /><testcase classname="backend.tests.test_payment_features.TestTruckPaymentMaking" name="test_make_truck_payment_staff_forbidden" time="0.197" /><testcase classname="backend.tests.test_payment_features.TestTruckMarkPaid" name="test_mark_truck_paid_admin" time="0.313"><failure message="AssertionError: assert 'partial' == 'paid'&#10;  &#10;  - paid&#10;  + partial">backend/tests/test_payment_features.py:223: in test_mark_truck_paid_admin
    assert updated_payment["status"] == "paid"
E   AssertionError: assert 'partial' == 'paid'
E     
E     - paid
E     + partial</failure></testcase><testcase classname="backend.tests.test_payment_features.TestTruckMarkPaid" name="test_mark_truck_paid_staff_forbidden" time="0.237" /><testcase classname="backend.tests.test_payment_features.TestAgentPaymentsEndpoint" name="test_get_agent_payments" time="0.111" /><testcase classname="backend.tests.test_payment_features.TestAgentPaymentsEndpoint" name="test_agent_payments_with_filters" time="0.108" /><testcase classname="backend.tests.test_payment_features.TestAgentPaymentsEndpoint" name="test_agent_payment_calculation" time="0.114" /><testcase classname="backend.tests.test_payment_features.TestAgentPaymentMaking" name="test_make_agent_payment_admin" time="0.313" /><testcase classname="backend.tests.test_payment_features.TestAgentPaymentMaking" name="test_make_agent_payment_staff_forbidden" time="0.214" /><testcase classname="backend.tests.test_payment_features.TestAgentMarkPaid" name="test_mark_agent_paid_admin" time="0.333" /><testcase classname="backend.tests.test_payment_features.TestAgentMarkPaid" name="test_mark_agent_paid_staff_forbidden" time="0.207" /><testcase classname="backend.tests.test_payment_features.TestTargetFormRates" name="test_create_target_with_rates" time="0.230" /><testcase classname="backend.tests.test_payment_features.TestTargetFormRates" name="test_update_target_rates" time="0.307" /><testcase classname="backend.tests.test_payment_features.TestDashboardAgentPaymentAmount" name="test_target_summary_includes_payment_amount" time="0.106" /><testcase classname="backend.tests.test_payment_features.TestBadkutruSpecificCalculation" name="test_badkutru_agent_payment" time="0.108"><failure message="assert 0.0 == 5.0">backend/tests/test_payment_features.py:524: in test_badkutru_agent_payment
    assert badkutru["cutting_rate"] == 5.0
E   assert 0.0 == 5.0</failure></testcase><testcase classname="backend.tests.test_payment_features.TestCleanup" name="test_cleanup_test_targets" time="0.110" /></testsuite></testsuites>