<?xml version="1.0" encoding="utf-8"?><testsuites name="pytest tests"><testsuite name="pytest" errors="0" failures="0" skipped="0" tests="11" time="2.958" timestamp="2026-03-12T19:00:40.809099+00:00" hostname="agent-env-4083f187-55f2-40cb-a5fa-e58baeb3be29"><testcase classname="backend.tests.test_iteration80_exports_paddy_stock.TestSaleBookExports" name="test_sale_book_export_pdf_returns_valid_pdf" time="0.312" /><testcase classname="backend.tests.test_iteration80_exports_paddy_stock.TestSaleBookExports" name="test_sale_book_export_excel_has_ledger_columns" time="0.261" /><testcase classname="backend.tests.test_iteration80_exports_paddy_stock.TestPurchaseBookExports" name="test_purchase_book_export_pdf_returns_valid_pdf" time="0.185" /><testcase classname="backend.tests.test_iteration80_exports_paddy_stock.TestPurchaseBookExports" name="test_purchase_book_export_excel_has_ledger_columns" time="0.130" /><testcase classname="backend.tests.test_iteration80_exports_paddy_stock.TestPaddyStockWithPurchaseVoucher" name="test_paddy_stock_has_pv_paddy_field" time="0.161" /><testcase classname="backend.tests.test_iteration80_exports_paddy_stock.TestPurchaseVoucherPaddyIntegration" name="test_pv_paddy_increases_stock" time="0.630" /><testcase classname="backend.tests.test_iteration80_exports_paddy_stock.TestPurchaseVoucherPaddyIntegration" name="test_pv_paddy_deletion_restores_stock" time="0.511" /><testcase classname="backend.tests.test_iteration80_exports_paddy_stock.TestExportContentDisposition" name="test_sale_pdf_has_filename" time="0.128" /><testcase classname="backend.tests.test_iteration80_exports_paddy_stock.TestExportContentDisposition" name="test_sale_excel_has_filename" time="0.132" /><testcase classname="backend.tests.test_iteration80_exports_paddy_stock.TestExportContentDisposition" name="test_purchase_pdf_has_filename" time="0.126" /><testcase classname="backend.tests.test_iteration80_exports_paddy_stock.TestExportContentDisposition" name="test_purchase_excel_has_filename" time="0.189" /></testsuite></testsuites>