<?xml version="1.0" encoding="utf-8"?><testsuites name="pytest tests"><testsuite name="pytest" errors="0" failures="0" skipped="0" tests="12" time="4.451" timestamp="2026-03-29T14:04:28.117471+00:00" hostname="agent-env-a2d806d6-f4d1-4680-9216-00b6d382870a"><testcase classname="backend.tests.test_iteration120_whatsapp_gst_summary.TestWhatsAppSaleVoucherSend" name="test_whatsapp_send_voucher_not_found" time="0.241" /><testcase classname="backend.tests.test_iteration120_whatsapp_gst_summary.TestWhatsAppSaleVoucherSend" name="test_whatsapp_send_existing_voucher" time="1.266" /><testcase classname="backend.tests.test_iteration120_whatsapp_gst_summary.TestWhatsAppSaleVoucherSend" name="test_whatsapp_send_returns_pdf_url" time="1.111" /><testcase classname="backend.tests.test_iteration120_whatsapp_gst_summary.TestSaleVoucherCRUDWithGST" name="test_create_sale_voucher_cgst_sgst" time="0.160" /><testcase classname="backend.tests.test_iteration120_whatsapp_gst_summary.TestSaleVoucherCRUDWithGST" name="test_create_sale_voucher_igst" time="0.170" /><testcase classname="backend.tests.test_iteration120_whatsapp_gst_summary.TestSaleVoucherCRUDWithGST" name="test_create_sale_voucher_no_gst" time="0.174" /><testcase classname="backend.tests.test_iteration120_whatsapp_gst_summary.TestSaleVoucherCRUDWithGST" name="test_get_sale_vouchers" time="0.135" /><testcase classname="backend.tests.test_iteration120_whatsapp_gst_summary.TestSaleVoucherCRUDWithGST" name="test_update_sale_voucher" time="0.247" /><testcase classname="backend.tests.test_iteration120_whatsapp_gst_summary.TestSaleVoucherCRUDWithGST" name="test_delete_sale_voucher" time="0.240" /><testcase classname="backend.tests.test_iteration120_whatsapp_gst_summary.TestSaleVoucherCRUDWithGST" name="test_sale_voucher_pdf_generation" time="0.221" /><testcase classname="backend.tests.test_iteration120_whatsapp_gst_summary.TestGSTSummaryData" name="test_voucher_has_gst_fields_for_summary" time="0.201" /><testcase classname="backend.tests.test_iteration120_whatsapp_gst_summary.TestGSTSummaryData" name="test_voucher_gst_type_none_has_zero_gst" time="0.151" /></testsuite></testsuites>