<?xml version="1.0" encoding="utf-8"?><testsuites name="pytest tests"><testsuite name="pytest" errors="0" failures="0" skipped="0" tests="13" time="7.977" timestamp="2026-03-15T17:08:30.681446+00:00" hostname="agent-env-7efa660e-a150-43c8-a569-9509b5e68a75"><testcase classname="tests.test_hemali_payment_workflow.TestHemaliPaymentWorkflow" name="test_01_create_payment_status_unpaid" time="0.720" /><testcase classname="tests.test_hemali_payment_workflow.TestHemaliPaymentWorkflow" name="test_02_mark_paid_creates_cash_entry" time="0.829" /><testcase classname="tests.test_hemali_payment_workflow.TestHemaliPaymentWorkflow" name="test_03_mark_paid_already_paid_fails" time="0.713" /><testcase classname="tests.test_hemali_payment_workflow.TestHemaliPaymentWorkflow" name="test_04_undo_changes_status_removes_cash" time="0.968" /><testcase classname="tests.test_hemali_payment_workflow.TestHemaliPaymentWorkflow" name="test_05_undo_already_unpaid_fails" time="0.598" /><testcase classname="tests.test_hemali_payment_workflow.TestHemaliPaymentWorkflow" name="test_06_full_workflow_create_paid_undo_paid_again" time="1.345" /><testcase classname="tests.test_hemali_payment_workflow.TestHemaliPaymentWorkflow" name="test_07_print_receipt_returns_pdf" time="0.644" /><testcase classname="tests.test_hemali_payment_workflow.TestHemaliPaymentWorkflow" name="test_08_delete_removes_payment_and_cash" time="0.774" /><testcase classname="tests.test_hemali_payment_workflow.TestHemaliPaymentWorkflow" name="test_09_advance_only_counts_paid_payments" time="0.809" /><testcase classname="tests.test_hemali_payment_workflow.TestHemaliPaymentWorkflow" name="test_10_print_not_found" time="0.115" /><testcase classname="tests.test_hemali_payment_workflow.TestEndpointValidation" name="test_mark_paid_not_found" time="0.104" /><testcase classname="tests.test_hemali_payment_workflow.TestEndpointValidation" name="test_undo_not_found" time="0.135" /><testcase classname="tests.test_hemali_payment_workflow.TestEndpointValidation" name="test_delete_not_found" time="0.108" /></testsuite></testsuites>