<?xml version="1.0" encoding="utf-8"?><testsuites name="pytest tests"><testsuite name="pytest" errors="0" failures="0" skipped="0" tests="8" time="1.604" timestamp="2026-03-15T04:37:55.115856+00:00" hostname="agent-env-5e0cf270-2430-460e-b807-505970cb8d33"><testcase classname="backend.tests.test_iteration92_balance_sheet_bugs.TestBalanceSheetBugFixes" name="test_01_balance_sheet_api_returns_200" time="0.312" /><testcase classname="backend.tests.test_iteration92_balance_sheet_bugs.TestBalanceSheetBugFixes" name="test_02_mandi_target_cutting_rate_zero" time="0.239" /><testcase classname="backend.tests.test_iteration92_balance_sheet_bugs.TestBalanceSheetBugFixes" name="test_03_mandi_target_cutting_rate_nonzero" time="0.312" /><testcase classname="backend.tests.test_iteration92_balance_sheet_bugs.TestBalanceSheetBugFixes" name="test_04_truck_accounts_structure" time="0.131" /><testcase classname="backend.tests.test_iteration92_balance_sheet_bugs.TestBalanceSheetBugFixes" name="test_05_truck_od15a1234_calculations" time="0.125" /><testcase classname="backend.tests.test_iteration92_balance_sheet_bugs.TestBalanceSheetBugFixes" name="test_06_balance_sheet_balances" time="0.129" /><testcase classname="backend.tests.test_iteration92_balance_sheet_bugs.TestBalanceSheetBugFixes" name="test_07_balance_sheet_without_year_filter" time="0.120" /><testcase classname="backend.tests.test_iteration92_balance_sheet_bugs.TestFYSummaryAPI" name="test_fy_summary_api" time="0.131" /></testsuite></testsuites>