<?xml version="1.0" encoding="utf-8"?><testsuites name="pytest tests"><testsuite name="pytest" errors="0" failures="0" skipped="0" tests="17" time="3.872" timestamp="2026-03-12T07:25:49.053916+00:00" hostname="agent-env-72df6f3c-4f17-447e-9328-2734c60d530b"><testcase classname="backend.tests.test_iteration65_purchase_vouchers_stock.TestPurchaseVouchersCRUD" name="test_01_create_purchase_voucher" time="0.282" /><testcase classname="backend.tests.test_iteration65_purchase_vouchers_stock.TestPurchaseVouchersCRUD" name="test_02_get_purchase_vouchers_list" time="0.111" /><testcase classname="backend.tests.test_iteration65_purchase_vouchers_stock.TestPurchaseVouchersCRUD" name="test_03_get_purchase_vouchers_with_filters" time="0.318" /><testcase classname="backend.tests.test_iteration65_purchase_vouchers_stock.TestPurchaseVouchersCRUD" name="test_04_update_purchase_voucher" time="0.325" /><testcase classname="backend.tests.test_iteration65_purchase_vouchers_stock.TestPurchaseVouchersCRUD" name="test_05_delete_purchase_voucher" time="0.318" /><testcase classname="backend.tests.test_iteration65_purchase_vouchers_stock.TestPurchaseVouchersCRUD" name="test_06_item_suggestions" time="0.100" /><testcase classname="backend.tests.test_iteration65_purchase_vouchers_stock.TestStockSummary" name="test_01_get_stock_summary" time="0.105" /><testcase classname="backend.tests.test_iteration65_purchase_vouchers_stock.TestStockSummary" name="test_02_stock_reflects_purchase_voucher" time="0.306" /><testcase classname="backend.tests.test_iteration65_purchase_vouchers_stock.TestStockSummary" name="test_03_stock_summary_with_filters" time="0.098" /><testcase classname="backend.tests.test_iteration65_purchase_vouchers_stock.TestAccountingEntries" name="test_01_party_ledger_entry_created" time="0.318" /><testcase classname="backend.tests.test_iteration65_purchase_vouchers_stock.TestAccountingEntries" name="test_02_cash_nikasi_entry_created" time="0.317" /><testcase classname="backend.tests.test_iteration65_purchase_vouchers_stock.TestAccountingEntries" name="test_03_diesel_entry_created" time="0.322" /><testcase classname="backend.tests.test_iteration65_purchase_vouchers_stock.TestAccountingEntries" name="test_04_truck_payment_entry_created" time="0.374" /><testcase classname="backend.tests.test_iteration65_purchase_vouchers_stock.TestExports" name="test_01_purchase_book_pdf_export" time="0.151" /><testcase classname="backend.tests.test_iteration65_purchase_vouchers_stock.TestExports" name="test_02_purchase_book_excel_export" time="0.112" /><testcase classname="backend.tests.test_iteration65_purchase_vouchers_stock.TestExports" name="test_03_stock_summary_pdf_export" time="0.117" /><testcase classname="backend.tests.test_iteration65_purchase_vouchers_stock.TestExports" name="test_04_stock_summary_excel_export" time="0.106" /></testsuite></testsuites>