<?xml version="1.0" encoding="utf-8"?><testsuites name="pytest tests"><testsuite name="pytest" errors="0" failures="0" skipped="0" tests="16" time="4.313" timestamp="2026-03-11T16:55:09.365151+00:00" hostname="agent-env-109beddd-a856-4f33-8577-826457e39809"><testcase classname="tests.test_iteration55_pvt_paddy_flow_update.TestPvtPaddyFlowUpdate" name="test_01_cash_paid_creates_truck_cash_book_entry" time="0.399" /><testcase classname="tests.test_iteration55_pvt_paddy_flow_update.TestPvtPaddyFlowUpdate" name="test_02_cash_paid_creates_truck_ledger_entry" time="0.360" /><testcase classname="tests.test_iteration55_pvt_paddy_flow_update.TestPvtPaddyFlowUpdate" name="test_03_diesel_paid_creates_diesel_and_truck_ledger" time="0.366" /><testcase classname="tests.test_iteration55_pvt_paddy_flow_update.TestPvtPaddyFlowUpdate" name="test_04_advance_creates_party_cash_book_entry" time="0.282" /><testcase classname="tests.test_iteration55_pvt_paddy_flow_update.TestPvtPaddyFlowUpdate" name="test_05_party_ledger_shows_debit_and_advance_credit_only" time="0.260" /><testcase classname="tests.test_iteration55_pvt_paddy_flow_update.TestPvtPaddyFlowUpdate" name="test_06_delete_cascades_to_all_linked_entries" time="0.641" /><testcase classname="tests.test_iteration55_pvt_paddy_flow_update.TestPvtPaddyFlowUpdate" name="test_07_put_with_empty_strings_no_error" time="0.372" /><testcase classname="tests.test_iteration55_pvt_paddy_flow_update.TestPvtPaddyFlowUpdate" name="test_08_cash_book_shows_correct_entries" time="0.263" /><testcase classname="tests.test_iteration55_pvt_paddy_flow_update.TestExistingData" name="test_party_ledger_no_cash_diesel_credits" time="0.158" /><testcase classname="tests.test_iteration55_pvt_paddy_flow_update.TestExistingData" name="test_frontend_pvt_trading_loads" time="0.108" /><testcase classname="tests.test_iteration55_pvt_paddy_flow_update.TestExistingData" name="test_existing_raju_buria_entry" time="0.290" /><testcase classname="tests.test_iteration55_pvt_paddy_flow_update.TestEndpointsAccessibility" name="test_private_paddy_api" time="0.142" /><testcase classname="tests.test_iteration55_pvt_paddy_flow_update.TestEndpointsAccessibility" name="test_cash_book_cash_api" time="0.150" /><testcase classname="tests.test_iteration55_pvt_paddy_flow_update.TestEndpointsAccessibility" name="test_cash_book_ledger_api" time="0.189" /><testcase classname="tests.test_iteration55_pvt_paddy_flow_update.TestEndpointsAccessibility" name="test_diesel_accounts_api" time="0.119" /><testcase classname="tests.test_iteration55_pvt_paddy_flow_update.TestEndpointsAccessibility" name="test_party_ledger_api" time="0.117" /></testsuite></testsuites>