<?xml version="1.0" encoding="utf-8"?><testsuites name="pytest tests"><testsuite name="pytest" errors="0" failures="0" skipped="0" tests="16" time="2.301" timestamp="2026-03-10T15:27:01.181492+00:00" hostname="agent-env-a148ce56-31db-4f55-93c1-d48daf551b6a"><testcase classname="backend.tests.test_party_summary_iteration37.TestPartySummaryEndpoint" name="test_party_summary_returns_200" time="0.768" /><testcase classname="backend.tests.test_party_summary_iteration37.TestPartySummaryEndpoint" name="test_party_summary_response_structure" time="0.064" /><testcase classname="backend.tests.test_party_summary_iteration37.TestPartySummaryEndpoint" name="test_party_summary_party_structure" time="0.062" /><testcase classname="backend.tests.test_party_summary_iteration37.TestPartySummaryEndpoint" name="test_party_summary_calculates_balance" time="0.075" /><testcase classname="backend.tests.test_party_summary_iteration37.TestPartySummaryEndpoint" name="test_party_summary_settled_pending_counts" time="0.101" /><testcase classname="backend.tests.test_party_summary_iteration37.TestPartySummaryEndpoint" name="test_party_summary_filter_by_party_type" time="0.154" /><testcase classname="backend.tests.test_party_summary_iteration37.TestPartySummaryPDFExport" name="test_party_summary_pdf_returns_200" time="0.128" /><testcase classname="backend.tests.test_party_summary_iteration37.TestPartySummaryPDFExport" name="test_party_summary_pdf_content_type" time="0.067" /><testcase classname="backend.tests.test_party_summary_iteration37.TestPartySummaryPDFExport" name="test_party_summary_pdf_has_content" time="0.061" /><testcase classname="backend.tests.test_party_summary_iteration37.TestPartySummaryPDFExport" name="test_party_summary_pdf_with_filter" time="0.058" /><testcase classname="backend.tests.test_party_summary_iteration37.TestPartySummaryExcelExport" name="test_party_summary_excel_returns_200" time="0.063" /><testcase classname="backend.tests.test_party_summary_iteration37.TestPartySummaryExcelExport" name="test_party_summary_excel_content_type" time="0.068" /><testcase classname="backend.tests.test_party_summary_iteration37.TestPartySummaryExcelExport" name="test_party_summary_excel_has_content" time="0.071" /><testcase classname="backend.tests.test_party_summary_iteration37.TestPartySummaryExcelExport" name="test_party_summary_excel_with_filter" time="0.065" /><testcase classname="backend.tests.test_party_summary_iteration37.TestCashBookFilters" name="test_party_type_filter_endpoint" time="0.066" /><testcase classname="backend.tests.test_party_summary_iteration37.TestCashBookFilters" name="test_category_filter_endpoint" time="0.345" /></testsuite></testsuites>