<?xml version="1.0" encoding="utf-8"?><testsuites name="pytest tests"><testsuite name="pytest" errors="0" failures="0" skipped="0" tests="14" time="1.377" timestamp="2026-03-11T18:03:51.450574+00:00" hostname="agent-env-892ce4f6-1000-473a-a6b9-2ddc751ec986"><testcase classname="backend.tests.test_iteration56_pvt_payment_fix.TestPvtPaddyPaymentFix" name="test_01_create_pvt_paddy_entry" time="0.311" /><testcase classname="backend.tests.test_iteration56_pvt_payment_fix.TestPvtPaddyPaymentFix" name="test_02_make_payment_via_api" time="0.075" /><testcase classname="backend.tests.test_iteration56_pvt_payment_fix.TestPvtPaddyPaymentFix" name="test_03_verify_cash_book_entry_has_correct_party_name" time="0.074" /><testcase classname="backend.tests.test_iteration56_pvt_payment_fix.TestPvtPaddyPaymentFix" name="test_04_verify_party_type_is_pvt_paddy_purchase" time="0.066" /><testcase classname="backend.tests.test_iteration56_pvt_payment_fix.TestPvtPaddyPaymentFix" name="test_05_no_generic_pvt_paddy_payment_category" time="0.057" /><testcase classname="backend.tests.test_iteration56_pvt_payment_fix.TestPvtPaddyPaymentFix" name="test_06_verify_cash_book_ledger_entry" time="0.065" /><testcase classname="backend.tests.test_iteration56_pvt_payment_fix.TestPvtPaddyPaymentFix" name="test_07_party_summary_shows_pvt_paddy_purchase_type" time="0.073" /><testcase classname="backend.tests.test_iteration56_pvt_payment_fix.TestPvtPaddyPaymentFix" name="test_08_verify_existing_amit_entry_has_correct_type" time="0.055" /><testcase classname="backend.tests.test_iteration56_pvt_payment_fix.TestPvtPaddyPaymentFix" name="test_09_cleanup_test_data" time="0.080" /><testcase classname="backend.tests.test_iteration56_pvt_payment_fix.TestPvtTradingPartySummary" name="test_01_party_summary_api_returns_data" time="0.077" /><testcase classname="backend.tests.test_iteration56_pvt_payment_fix.TestPvtTradingPartySummary" name="test_02_amit_party_in_pvt_trading_summary" time="0.058" /><testcase classname="backend.tests.test_iteration56_pvt_payment_fix.TestCashBookPartySummaryUI" name="test_01_party_summary_has_pvt_paddy_purchase_filter" time="0.081" /><testcase classname="backend.tests.test_iteration56_pvt_payment_fix.TestPrivatePaddyAPI" name="test_01_get_private_paddy_entries" time="0.055" /><testcase classname="backend.tests.test_iteration56_pvt_payment_fix.TestPrivatePaddyAPI" name="test_02_get_private_payments" time="0.063" /></testsuite></testsuites>