<?xml version="1.0" encoding="utf-8"?><testsuites name="pytest tests"><testsuite name="pytest" errors="0" failures="5" skipped="0" tests="19" time="3.747" timestamp="2026-03-29T18:07:52.581851+00:00" hostname="agent-env-a2d806d6-f4d1-4680-9216-00b6d382870a"><testcase classname="backend.tests.test_iteration_125.TestLoginFlow" name="test_login_success" time="0.235" /><testcase classname="backend.tests.test_iteration_125.TestLoginFlow" name="test_login_invalid_credentials" time="0.115" /><testcase classname="backend.tests.test_iteration_125.TestPartyLedgerPDF" name="test_party_ledger_pdf_returns_valid_pdf" time="0.284" /><testcase classname="backend.tests.test_iteration_125.TestPartyLedgerPDF" name="test_party_ledger_pdf_with_party_name" time="0.134" /><testcase classname="backend.tests.test_iteration_125.TestWhatsAppSendPartyLedger" name="test_whatsapp_send_party_ledger_generates_pdf_internally" time="1.104" /><testcase classname="backend.tests.test_iteration_125.TestWhatsAppSendPartyLedger" name="test_whatsapp_settings_endpoint" time="0.098" /><testcase classname="backend.tests.test_iteration_125.TestExportEndpoints" name="test_party_ledger_excel" time="0.176" /><testcase classname="backend.tests.test_iteration_125.TestExportEndpoints" name="test_outstanding_report_pdf" time="0.122" /><testcase classname="backend.tests.test_iteration_125.TestExportEndpoints" name="test_outstanding_report_excel" time="0.120" /><testcase classname="backend.tests.test_iteration_125.TestExportEndpoints" name="test_cash_book_excel" time="0.206" /><testcase classname="backend.tests.test_iteration_125.TestAPIEndpoints" name="test_dashboard_endpoint" time="0.102"><failure message="AssertionError: Dashboard failed: 404&#10;assert 404 == 200&#10; +  where 404 = &lt;Response [404]&gt;.status_code">backend/tests/test_iteration_125.py:154: in test_dashboard_endpoint
    assert response.status_code == 200, f"Dashboard failed: {response.status_code}"
E   AssertionError: Dashboard failed: 404
E   assert 404 == 200
E    +  where 404 = &lt;Response [404]&gt;.status_code</failure></testcase><testcase classname="backend.tests.test_iteration_125.TestAPIEndpoints" name="test_mill_entries_endpoint" time="0.112"><failure message="AssertionError: Mill entries failed: 404&#10;assert 404 == 200&#10; +  where 404 = &lt;Response [404]&gt;.status_code">backend/tests/test_iteration_125.py:161: in test_mill_entries_endpoint
    assert response.status_code == 200, f"Mill entries failed: {response.status_code}"
E   AssertionError: Mill entries failed: 404
E   assert 404 == 200
E    +  where 404 = &lt;Response [404]&gt;.status_code</failure></testcase><testcase classname="backend.tests.test_iteration_125.TestAPIEndpoints" name="test_dc_entries_endpoint" time="0.105" /><testcase classname="backend.tests.test_iteration_125.TestAPIEndpoints" name="test_milling_entries_endpoint" time="0.098" /><testcase classname="backend.tests.test_iteration_125.TestAPIEndpoints" name="test_cash_transactions_endpoint" time="0.113"><failure message="AssertionError: Cash transactions failed: 404&#10;assert 404 == 200&#10; +  where 404 = &lt;Response [404]&gt;.status_code">backend/tests/test_iteration_125.py:182: in test_cash_transactions_endpoint
    assert response.status_code == 200, f"Cash transactions failed: {response.status_code}"
E   AssertionError: Cash transactions failed: 404
E   assert 404 == 200
E    +  where 404 = &lt;Response [404]&gt;.status_code</failure></testcase><testcase classname="backend.tests.test_iteration_125.TestAPIEndpoints" name="test_sale_vouchers_endpoint" time="0.104"><failure message="AssertionError: Sale vouchers failed: 404&#10;assert 404 == 200&#10; +  where 404 = &lt;Response [404]&gt;.status_code">backend/tests/test_iteration_125.py:189: in test_sale_vouchers_endpoint
    assert response.status_code == 200, f"Sale vouchers failed: {response.status_code}"
E   AssertionError: Sale vouchers failed: 404
E   assert 404 == 200
E    +  where 404 = &lt;Response [404]&gt;.status_code</failure></testcase><testcase classname="backend.tests.test_iteration_125.TestAPIEndpoints" name="test_settings_branding_endpoint" time="0.150"><failure message="AssertionError: Branding settings failed: 404&#10;assert 404 == 200&#10; +  where 404 = &lt;Response [404]&gt;.status_code">backend/tests/test_iteration_125.py:196: in test_settings_branding_endpoint
    assert response.status_code == 200, f"Branding settings failed: {response.status_code}"
E   AssertionError: Branding settings failed: 404
E   assert 404 == 200
E    +  where 404 = &lt;Response [404]&gt;.status_code</failure></testcase><testcase classname="backend.tests.test_iteration_125.TestAPIEndpoints" name="test_staff_list_endpoint" time="0.102" /><testcase classname="backend.tests.test_iteration_125.TestAPIEndpoints" name="test_reports_cmr_vs_dc_endpoint" time="0.117" /></testsuite></testsuites>