<?xml version="1.0" encoding="utf-8"?><testsuites name="pytest tests"><testsuite name="pytest" errors="0" failures="0" skipped="0" tests="19" time="2.958" timestamp="2026-03-30T19:58:55.816510+00:00" hostname="agent-env-a2d806d6-f4d1-4680-9216-00b6d382870a"><testcase classname="backend.tests.test_iteration141_filters_exports.TestVehicleWeightFilters" name="test_vw_list_default" time="0.267" /><testcase classname="backend.tests.test_iteration141_filters_exports.TestVehicleWeightFilters" name="test_vw_filter_date_from_to" time="0.156" /><testcase classname="backend.tests.test_iteration141_filters_exports.TestVehicleWeightFilters" name="test_vw_filter_vehicle_no" time="0.150" /><testcase classname="backend.tests.test_iteration141_filters_exports.TestVehicleWeightFilters" name="test_vw_filter_party_name" time="0.122" /><testcase classname="backend.tests.test_iteration141_filters_exports.TestVehicleWeightFilters" name="test_vw_filter_farmer_name" time="0.108" /><testcase classname="backend.tests.test_iteration141_filters_exports.TestVehicleWeightFilters" name="test_vw_filter_rst_no" time="0.135" /><testcase classname="backend.tests.test_iteration141_filters_exports.TestVehicleWeightFilters" name="test_vw_combined_filters" time="0.120" /><testcase classname="backend.tests.test_iteration141_filters_exports.TestVehicleWeightExports" name="test_vw_export_excel" time="0.127" /><testcase classname="backend.tests.test_iteration141_filters_exports.TestVehicleWeightExports" name="test_vw_export_excel_with_filters" time="0.125" /><testcase classname="backend.tests.test_iteration141_filters_exports.TestVehicleWeightExports" name="test_vw_export_pdf" time="0.336" /><testcase classname="backend.tests.test_iteration141_filters_exports.TestVehicleWeightExports" name="test_vw_export_pdf_with_filters" time="0.120" /><testcase classname="backend.tests.test_iteration141_filters_exports.TestCashBookFilters" name="test_cashbook_list_default" time="0.188" /><testcase classname="backend.tests.test_iteration141_filters_exports.TestCashBookFilters" name="test_cashbook_filter_date_from_to" time="0.141" /><testcase classname="backend.tests.test_iteration141_filters_exports.TestCashBookFilters" name="test_cashbook_summary" time="0.169" /><testcase classname="backend.tests.test_iteration141_filters_exports.TestMillEntriesFilters" name="test_entries_list_default" time="0.111" /><testcase classname="backend.tests.test_iteration141_filters_exports.TestMillEntriesFilters" name="test_entries_filter_date_from_to" time="0.117" /><testcase classname="backend.tests.test_iteration141_filters_exports.TestEmptyStateMessages" name="test_vw_empty_today" time="0.137" /><testcase classname="backend.tests.test_iteration141_filters_exports.TestEmptyStateMessages" name="test_cashbook_empty_today" time="0.101" /><testcase classname="backend.tests.test_iteration141_filters_exports.TestEmptyStateMessages" name="test_entries_empty_today" time="0.116" /></testsuite></testsuites>