<?xml version="1.0" encoding="utf-8"?><testsuites name="pytest tests"><testsuite name="pytest" errors="0" failures="0" skipped="0" tests="20" time="2.547" timestamp="2026-03-07T15:37:56.191818+00:00" hostname="agent-env-c6ebd587-effa-4e77-93e1-9ba659bc9076"><testcase classname="tests.test_cmr_milling_module.TestCMRMillingAuth" name="test_admin_login" time="0.239" /><testcase classname="tests.test_cmr_milling_module.TestPaddyStock" name="test_get_paddy_stock" time="0.115" /><testcase classname="tests.test_cmr_milling_module.TestPaddyStock" name="test_paddy_stock_with_filters" time="0.116" /><testcase classname="tests.test_cmr_milling_module.TestMillingEntryCRUD" name="test_create_milling_entry_auto_calculations" time="0.122" /><testcase classname="tests.test_cmr_milling_module.TestMillingEntryCRUD" name="test_get_milling_entries_list" time="0.113" /><testcase classname="tests.test_cmr_milling_module.TestMillingEntryCRUD" name="test_filter_by_rice_type" time="0.103" /><testcase classname="tests.test_cmr_milling_module.TestMillingEntryCRUD" name="test_filter_by_date_range" time="0.103" /><testcase classname="tests.test_cmr_milling_module.TestMillingEntryCRUD" name="test_get_single_entry" time="0.117" /><testcase classname="tests.test_cmr_milling_module.TestMillingEntryCRUD" name="test_get_nonexistent_entry_404" time="0.114" /><testcase classname="tests.test_cmr_milling_module.TestMillingEntryCRUD" name="test_update_milling_entry_recalculates" time="0.099" /><testcase classname="tests.test_cmr_milling_module.TestMillingSummary" name="test_get_milling_summary" time="0.105" /><testcase classname="tests.test_cmr_milling_module.TestMillingSummary" name="test_summary_with_filters" time="0.107" /><testcase classname="tests.test_cmr_milling_module.TestByProductStock" name="test_get_byproduct_stock" time="0.105" /><testcase classname="tests.test_cmr_milling_module.TestByProductSales" name="test_create_byproduct_sale" time="0.108" /><testcase classname="tests.test_cmr_milling_module.TestByProductSales" name="test_get_byproduct_sales_list" time="0.111" /><testcase classname="tests.test_cmr_milling_module.TestByProductSales" name="test_sales_filter_by_product" time="0.126" /><testcase classname="tests.test_cmr_milling_module.TestByProductSales" name="test_stock_updates_after_sale" time="0.115" /><testcase classname="tests.test_cmr_milling_module.TestCleanup" name="test_delete_byproduct_sale" time="0.110" /><testcase classname="tests.test_cmr_milling_module.TestCleanup" name="test_delete_milling_entry" time="0.163" /><testcase classname="tests.test_cmr_milling_module.TestCleanup" name="test_delete_nonexistent_entry_404" time="0.116" /></testsuite></testsuites>