<?xml version="1.0" encoding="utf-8"?><testsuites name="pytest tests"><testsuite name="pytest" errors="0" failures="0" skipped="0" tests="11" time="1.719" timestamp="2026-04-25T17:25:37.272835+00:00" hostname="agent-env-a2d806d6-f4d1-4680-9216-00b6d382870a"><testcase classname="tests.test_hemali_exports.TestHemaliExports" name="test_01_hemali_monthly_summary_pdf_generates" time="0.186" /><testcase classname="tests.test_hemali_exports.TestHemaliExports" name="test_02_hemali_monthly_summary_pdf_with_filters" time="0.166" /><testcase classname="tests.test_hemali_exports.TestHemaliExports" name="test_03_hemali_payment_report_pdf_generates" time="0.193" /><testcase classname="tests.test_hemali_exports.TestHemaliExports" name="test_04_hemali_payment_report_pdf_with_filters" time="0.183" /><testcase classname="tests.test_hemali_exports.TestHemaliExports" name="test_05_hemali_monthly_summary_excel_generates" time="0.126" /><testcase classname="tests.test_hemali_exports.TestHemaliExports" name="test_06_hemali_monthly_summary_excel_with_filters" time="0.130" /><testcase classname="tests.test_hemali_exports.TestHemaliExports" name="test_07_hemali_payments_api_returns_data" time="0.188" /><testcase classname="tests.test_hemali_exports.TestHemaliExports" name="test_08_hemali_monthly_summary_api_returns_data" time="0.104" /><testcase classname="tests.test_hemali_exports.TestBackupEndpoints" name="test_01_backups_list_endpoint" time="0.121" /><testcase classname="tests.test_hemali_exports.TestBackupEndpoints" name="test_02_auto_delete_settings_endpoint" time="0.125" /><testcase classname="tests.test_hemali_exports.TestBackupEndpoints" name="test_03_schedule_endpoint_expected_to_fail_on_web" time="0.113" /></testsuite></testsuites>