<?xml version="1.0" encoding="utf-8"?><testsuites name="pytest tests"><testsuite name="pytest" errors="0" failures="0" skipped="0" tests="21" time="5.058" timestamp="2026-03-12T04:50:19.803296+00:00" hostname="agent-env-fe78480a-bcc4-49b2-af3f-2a8c42a43318"><testcase classname="backend.tests.test_iteration63_salebook_accounting_overhaul.TestSaleBookLedgerEntries" name="test_01_create_sale_voucher_full_accounting" time="0.189" /><testcase classname="backend.tests.test_iteration63_salebook_accounting_overhaul.TestSaleBookLedgerEntries" name="test_02_verify_party_jama_entry" time="0.119" /><testcase classname="backend.tests.test_iteration63_salebook_accounting_overhaul.TestSaleBookLedgerEntries" name="test_03_verify_party_nikasi_advance_entry" time="0.111" /><testcase classname="backend.tests.test_iteration63_salebook_accounting_overhaul.TestSaleBookLedgerEntries" name="test_04_verify_cash_nikasi_truck_entry" time="0.153" /><testcase classname="backend.tests.test_iteration63_salebook_accounting_overhaul.TestSaleBookLedgerEntries" name="test_05_verify_diesel_pump_jama_entry" time="0.123" /><testcase classname="backend.tests.test_iteration63_salebook_accounting_overhaul.TestSaleBookLedgerEntries" name="test_06_verify_truck_jama_nikasi_entries" time="0.113" /><testcase classname="backend.tests.test_iteration63_salebook_accounting_overhaul.TestBalanceCalculation" name="test_01_balance_equals_total_minus_advance" time="0.151" /><testcase classname="backend.tests.test_iteration63_salebook_accounting_overhaul.TestBalanceCalculation" name="test_02_balance_zero_when_advance_equals_total" time="0.118" /><testcase classname="backend.tests.test_iteration63_salebook_accounting_overhaul.TestInvoiceNoField" name="test_01_invoice_no_stored_and_returned" time="0.154" /><testcase classname="backend.tests.test_iteration63_salebook_accounting_overhaul.TestInvoiceNoField" name="test_02_invoice_no_in_list" time="0.101" /><testcase classname="backend.tests.test_iteration63_salebook_accounting_overhaul.TestSearchFilter" name="test_01_search_by_party_name" time="0.108" /><testcase classname="backend.tests.test_iteration63_salebook_accounting_overhaul.TestSearchFilter" name="test_02_search_by_invoice_no" time="0.130" /><testcase classname="backend.tests.test_iteration63_salebook_accounting_overhaul.TestSearchFilter" name="test_03_search_by_rst_no" time="0.104" /><testcase classname="backend.tests.test_iteration63_salebook_accounting_overhaul.TestSearchFilter" name="test_04_search_by_truck_no" time="0.134" /><testcase classname="backend.tests.test_iteration63_salebook_accounting_overhaul.TestSearchFilter" name="test_05_search_no_results" time="0.138" /><testcase classname="backend.tests.test_iteration63_salebook_accounting_overhaul.TestExcelExport" name="test_01_excel_export_returns_xlsx" time="0.126" /><testcase classname="backend.tests.test_iteration63_salebook_accounting_overhaul.TestExcelExport" name="test_02_excel_export_with_search_filter" time="0.123" /><testcase classname="backend.tests.test_iteration63_salebook_accounting_overhaul.TestEditVoucherLedgerRecreation" name="test_01_create_voucher_for_edit" time="0.237" /><testcase classname="backend.tests.test_iteration63_salebook_accounting_overhaul.TestEditVoucherLedgerRecreation" name="test_02_edit_voucher_updates_ledger_entries" time="0.735" /><testcase classname="backend.tests.test_iteration63_salebook_accounting_overhaul.TestDeleteVoucherCleanup" name="test_01_delete_removes_all_ledger_entries" time="0.970" /><testcase classname="backend.tests.test_iteration63_salebook_accounting_overhaul.TestCleanupIteration63" name="test_99_cleanup" time="0.770" /></testsuite></testsuites>