<?xml version="1.0" encoding="utf-8"?><testsuites name="pytest tests"><testsuite name="pytest" errors="0" failures="0" skipped="0" tests="21" time="3.148" timestamp="2026-03-28T09:12:40.498902+00:00" hostname="agent-env-a2d806d6-f4d1-4680-9216-00b6d382870a"><testcase classname="backend.tests.test_v49_release.TestAuth" name="test_login_admin" time="0.244" /><testcase classname="backend.tests.test_v49_release.TestAuth" name="test_login_invalid" time="0.109" /><testcase classname="backend.tests.test_v49_release.TestBranding" name="test_get_branding" time="0.145" /><testcase classname="backend.tests.test_v49_release.TestBranding" name="test_branding_custom_fields_structure" time="0.133" /><testcase classname="backend.tests.test_v49_release.TestBranding" name="test_update_branding_requires_admin" time="0.102" /><testcase classname="backend.tests.test_v49_release.TestFYSettings" name="test_get_fy_settings" time="0.133" /><testcase classname="backend.tests.test_v49_release.TestFYSettings" name="test_update_fy_settings" time="0.127" /><testcase classname="backend.tests.test_v49_release.TestOpeningStock" name="test_get_opening_stock" time="0.103" /><testcase classname="backend.tests.test_v49_release.TestOpeningStock" name="test_opening_stock_has_9_items" time="0.106" /><testcase classname="backend.tests.test_v49_release.TestOpeningStock" name="test_save_opening_stock_requires_admin" time="0.109" /><testcase classname="backend.tests.test_v49_release.TestOpeningStock" name="test_carry_forward_requires_admin" time="0.107" /><testcase classname="backend.tests.test_v49_release.TestStockSummary" name="test_get_stock_summary" time="0.103" /><testcase classname="backend.tests.test_v49_release.TestStockSummary" name="test_stock_summary_available_formula" time="0.105" /><testcase classname="backend.tests.test_v49_release.TestStockSummary" name="test_stock_summary_paddy_opening" time="0.107" /><testcase classname="backend.tests.test_v49_release.TestPaddyStock" name="test_get_paddy_stock" time="0.103" /><testcase classname="backend.tests.test_v49_release.TestCashBook" name="test_get_cash_book" time="0.109" /><testcase classname="backend.tests.test_v49_release.TestCashBook" name="test_auto_fix_endpoint" time="0.130" /><testcase classname="backend.tests.test_v49_release.TestPrivatePayments" name="test_get_private_payments" time="0.114" /><testcase classname="backend.tests.test_v49_release.TestPrivatePayments" name="test_create_and_delete_payment" time="0.526" /><testcase classname="backend.tests.test_v49_release.TestStockCalculator" name="test_stock_summary_uses_calculator" time="0.130" /><testcase classname="backend.tests.test_v49_release.TestVersionCheck" name="test_branding_has_version_info" time="0.202" /></testsuite></testsuites>