<?xml version="1.0" encoding="utf-8"?><testsuites name="pytest tests"><testsuite name="pytest" errors="0" failures="0" skipped="0" tests="13" time="6.881" timestamp="2026-04-14T15:01:48.034426+00:00" hostname="agent-env-a2d806d6-f4d1-4680-9216-00b6d382870a"><testcase classname="tests.test_paddy_custody_register.TestPaddyCustodyRegister" name="test_paddy_custody_register_returns_200" time="0.360" /><testcase classname="tests.test_paddy_custody_register.TestPaddyCustodyRegister" name="test_released_comes_from_paddy_release" time="0.887" /><testcase classname="tests.test_paddy_custody_register.TestPaddyCustodyRegister" name="test_released_description_format" time="0.329" /><testcase classname="tests.test_paddy_custody_register.TestPaddyCustodyRegister" name="test_received_comes_from_mill_entries_tp_weight" time="0.578" /><testcase classname="tests.test_paddy_custody_register.TestPaddyCustodyRegister" name="test_balance_calculation" time="0.584" /><testcase classname="tests.test_paddy_custody_register.TestPaddyCustodyRegister" name="test_weekly_grouping" time="0.471" /><testcase classname="tests.test_paddy_custody_register.TestPaddyCustodyRegister" name="test_excel_export" time="1.926" /><testcase classname="tests.test_paddy_custody_register.TestPaddyCustodyRegister" name="test_pdf_export" time="0.255" /><testcase classname="tests.test_paddy_custody_register.TestPaddyCustodyRegister" name="test_filter_by_kms_year" time="0.173" /><testcase classname="tests.test_paddy_custody_register.TestPaddyCustodyRegister" name="test_filter_by_season" time="0.119" /><testcase classname="tests.test_paddy_custody_register.TestPaddyReleaseAPI" name="test_get_paddy_releases" time="0.595" /><testcase classname="tests.test_paddy_custody_register.TestPaddyReleaseAPI" name="test_paddy_release_has_required_fields" time="0.243" /><testcase classname="tests.test_paddy_custody_register.TestPaddyReleaseAPI" name="test_paddy_release_stock" time="0.236" /></testsuite></testsuites>