<?xml version="1.0" encoding="utf-8"?><testsuites name="pytest tests"><testsuite name="pytest" errors="0" failures="0" skipped="0" tests="10" time="1.662" timestamp="2026-03-12T18:51:18.551632+00:00" hostname="agent-env-4083f187-55f2-40cb-a5fa-e58baeb3be29"><testcase classname="backend.tests.test_iteration79_pv_stock_integration.TestRiceStockWithPurchaseVouchers" name="test_rice_stock_returns_purchased_fields" time="0.361" /><testcase classname="backend.tests.test_iteration79_pv_stock_integration.TestRiceStockWithPurchaseVouchers" name="test_rice_stock_available_formula" time="0.118" /><testcase classname="backend.tests.test_iteration79_pv_stock_integration.TestPurchaseVoucherCreateDelete" name="test_create_pv_with_rice_usna_increases_stock" time="0.491" /><testcase classname="backend.tests.test_iteration79_pv_stock_integration.TestSaleBookStockItems" name="test_stock_items_includes_rice" time="0.067" /><testcase classname="backend.tests.test_iteration79_pv_stock_integration.TestSaleBookStockItems" name="test_stock_items_includes_byproducts" time="0.062" /><testcase classname="backend.tests.test_iteration79_pv_stock_integration.TestSaleBookStockItems" name="test_stock_items_includes_frk" time="0.062" /><testcase classname="backend.tests.test_iteration79_pv_stock_integration.TestByproductStockWithPurchaseVouchers" name="test_byproduct_stock_returns_purchased_field" time="0.107" /><testcase classname="backend.tests.test_iteration79_pv_stock_integration.TestByproductStockWithPurchaseVouchers" name="test_byproduct_available_includes_purchased" time="0.071" /><testcase classname="backend.tests.test_iteration79_pv_stock_integration.TestPurchaseVouchersLowStockAlertRemoved" name="test_no_low_stock_alert_in_purchase_book_list" time="0.102" /><testcase classname="backend.tests.test_iteration79_pv_stock_integration.TestExistingPurchaseVoucherRiceData" name="test_existing_pv_rice_usna_counted" time="0.140" /></testsuite></testsuites>