<?xml version="1.0" encoding="utf-8"?><testsuites name="pytest tests"><testsuite name="pytest" errors="0" failures="0" skipped="0" tests="16" time="4.289" timestamp="2026-03-11T11:20:04.333371+00:00" hostname="agent-env-5a4ce7a6-bf27-4650-b884-8e4a3cfec95c"><testcase classname="backend.tests.test_auto_gunny_from_mill_entry.TestAutoGunnyFromMillEntry" name="test_01_create_mill_entry_with_g_issued_creates_out_gunny" time="0.517" /><testcase classname="backend.tests.test_auto_gunny_from_mill_entry.TestAutoGunnyFromMillEntry" name="test_02_create_mill_entry_with_g_deposite_creates_in_gunny" time="0.600" /><testcase classname="backend.tests.test_auto_gunny_from_mill_entry.TestAutoGunnyFromMillEntry" name="test_03_create_mill_entry_with_both_g_issued_and_g_deposite" time="0.340" /><testcase classname="backend.tests.test_auto_gunny_from_mill_entry.TestAutoGunnyFromMillEntry" name="test_04_update_mill_entry_replaces_gunny_entries" time="0.625" /><testcase classname="backend.tests.test_auto_gunny_from_mill_entry.TestAutoGunnyFromMillEntry" name="test_05_delete_mill_entry_removes_linked_gunny_entries" time="0.424" /><testcase classname="backend.tests.test_auto_gunny_from_mill_entry.TestAutoGunnyFromMillEntry" name="test_06_create_entry_with_zero_gunny_values_creates_no_entries" time="0.322" /><testcase classname="backend.tests.test_auto_gunny_from_mill_entry.TestAutoGunnyFromMillEntry" name="test_07_get_gunny_bags_returns_linked_entry_id" time="0.113" /><testcase classname="backend.tests.test_auto_gunny_from_mill_entry.TestPDFExcelExportsStillWorking" name="test_08_cash_book_pdf_returns_200" time="0.174" /><testcase classname="backend.tests.test_auto_gunny_from_mill_entry.TestPDFExcelExportsStillWorking" name="test_09_cash_book_excel_returns_200" time="0.276" /><testcase classname="backend.tests.test_auto_gunny_from_mill_entry.TestPDFExcelExportsStillWorking" name="test_10_party_ledger_pdf_returns_200" time="0.116" /><testcase classname="backend.tests.test_auto_gunny_from_mill_entry.TestPDFExcelExportsStillWorking" name="test_11_party_ledger_excel_returns_200" time="0.116" /><testcase classname="backend.tests.test_auto_gunny_from_mill_entry.TestPDFExcelExportsStillWorking" name="test_12_party_summary_pdf_returns_200" time="0.122" /><testcase classname="backend.tests.test_auto_gunny_from_mill_entry.TestPDFExcelExportsStillWorking" name="test_13_party_summary_excel_returns_200" time="0.120" /><testcase classname="backend.tests.test_auto_gunny_from_mill_entry.TestGunnyBagSummaryWithLinkedEntries" name="test_14_gunny_bag_summary_returns_200" time="0.110" /><testcase classname="backend.tests.test_auto_gunny_from_mill_entry.TestGunnyBagSummaryWithLinkedEntries" name="test_15_gunny_bag_excel_export_returns_200" time="0.124" /><testcase classname="backend.tests.test_auto_gunny_from_mill_entry.TestGunnyBagSummaryWithLinkedEntries" name="test_16_gunny_bag_pdf_export_returns_200" time="0.108" /></testsuite></testsuites>