<?xml version="1.0" encoding="utf-8"?><testsuites name="pytest tests"><testsuite name="pytest" errors="0" failures="0" skipped="0" tests="12" time="1.070" timestamp="2026-04-01T18:49:09.787985+00:00" hostname="agent-env-a2d806d6-f4d1-4680-9216-00b6d382870a"><testcase classname="backend.tests.test_iteration156_bug_fixes.TestIteration156BugFixes" name="test_next_rst_api_returns_correct_value" time="0.162" /><testcase classname="backend.tests.test_iteration156_bug_fixes.TestIteration156BugFixes" name="test_next_rst_for_different_fy" time="0.287" /><testcase classname="backend.tests.test_iteration156_bug_fixes.TestIteration156BugFixes" name="test_vehicle_weight_list_api" time="0.171" /><testcase classname="backend.tests.test_iteration156_bug_fixes.TestIteration156BugFixes" name="test_pending_vehicles_api" time="0.100" /><testcase classname="backend.tests.test_iteration156_bug_fixes.TestIteration156BugFixes" name="test_linked_rst_api" time="0.115" /><testcase classname="backend.tests.test_iteration156_bug_fixes.TestIteration156BugFixes" name="test_branding_api" time="0.171" /><testcase classname="backend.tests.test_iteration156_bug_fixes.TestCodeVerification" name="test_esc_handler_exists_in_vehicle_weight" time="0.000" /><testcase classname="backend.tests.test_iteration156_bug_fixes.TestCodeVerification" name="test_whats_new_shows_5_versions" time="0.000" /><testcase classname="backend.tests.test_iteration156_bug_fixes.TestCodeVerification" name="test_whats_new_title_format" time="0.000" /><testcase classname="backend.tests.test_iteration156_bug_fixes.TestCodeVerification" name="test_sticky_sidebar_layout" time="0.000" /><testcase classname="backend.tests.test_iteration156_bug_fixes.TestCodeVerification" name="test_layout_column_spans" time="0.000" /><testcase classname="backend.tests.test_iteration156_bug_fixes.TestCodeVerification" name="test_next_rst_uses_correct_field" time="0.000" /></testsuite></testsuites>