<?xml version="1.0" encoding="utf-8"?><testsuites name="pytest tests"><testsuite name="pytest" errors="0" failures="0" skipped="0" tests="14" time="2.190" timestamp="2026-03-30T19:30:08.816172+00:00" hostname="agent-env-a2d806d6-f4d1-4680-9216-00b6d382870a"><testcase classname="backend.tests.test_pagination_iteration140.TestEntriesPagination" name="test_entries_pagination_default" time="0.252" /><testcase classname="backend.tests.test_pagination_iteration140.TestEntriesPagination" name="test_entries_pagination_with_params" time="0.166" /><testcase classname="backend.tests.test_pagination_iteration140.TestEntriesPagination" name="test_entries_pagination_page_size_zero" time="0.149" /><testcase classname="backend.tests.test_pagination_iteration140.TestEntriesPagination" name="test_entries_pagination_page_2" time="0.137" /><testcase classname="backend.tests.test_pagination_iteration140.TestCashBookPagination" name="test_cashbook_pagination_default" time="0.111" /><testcase classname="backend.tests.test_pagination_iteration140.TestCashBookPagination" name="test_cashbook_pagination_with_params" time="0.134" /><testcase classname="backend.tests.test_pagination_iteration140.TestCashBookPagination" name="test_cashbook_pagination_page_size_zero" time="0.143" /><testcase classname="backend.tests.test_pagination_iteration140.TestCashBookPagination" name="test_cashbook_pagination_page_2" time="0.122" /><testcase classname="backend.tests.test_pagination_iteration140.TestVehicleWeightPagination" name="test_vehicle_weight_pagination_default" time="0.180" /><testcase classname="backend.tests.test_pagination_iteration140.TestVehicleWeightPagination" name="test_vehicle_weight_pagination_with_status" time="0.154" /><testcase classname="backend.tests.test_pagination_iteration140.TestVehicleWeightPagination" name="test_vehicle_weight_pagination_page_2" time="0.124" /><testcase classname="backend.tests.test_pagination_iteration140.TestPaginationTotalCount" name="test_entries_total_vs_array_length" time="0.174" /><testcase classname="backend.tests.test_pagination_iteration140.TestPaginationTotalCount" name="test_cashbook_total_vs_array_length" time="0.096" /><testcase classname="backend.tests.test_pagination_iteration140.TestPaginationTotalCount" name="test_vehicle_weight_total_vs_array_length" time="0.123" /></testsuite></testsuites>