<?xml version="1.0" encoding="utf-8"?><testsuites name="pytest tests"><testsuite name="pytest" errors="0" failures="0" skipped="0" tests="10" time="1.186" timestamp="2026-03-22T18:40:49.517800+00:00" hostname="agent-env-01ff62aa-121d-4c0a-8f02-831bccbf37e2"><testcase classname="backend.tests.test_iteration101_roundoff_telegram.TestCashBookRoundOffFeature" name="test_cash_book_exclude_round_off_true" time="0.132" /><testcase classname="backend.tests.test_iteration101_roundoff_telegram.TestCashBookRoundOffFeature" name="test_cash_book_without_exclude_round_off" time="0.133" /><testcase classname="backend.tests.test_iteration101_roundoff_telegram.TestCashBookRoundOffFeature" name="test_cash_book_exclude_round_off_false" time="0.103" /><testcase classname="backend.tests.test_iteration101_roundoff_telegram.TestCashBookRoundOffFeature" name="test_cash_book_party_type_filter_overrides_exclude" time="0.104" /><testcase classname="backend.tests.test_iteration101_roundoff_telegram.TestCashBookRoundOffFeature" name="test_cash_book_ledger_account_not_affected" time="0.106" /><testcase classname="backend.tests.test_iteration101_roundoff_telegram.TestTelegramSendReportEndpoint" name="test_telegram_send_report_endpoint_exists" time="0.117" /><testcase classname="backend.tests.test_iteration101_roundoff_telegram.TestTelegramSendReportEndpoint" name="test_telegram_config_endpoint" time="0.114" /><testcase classname="backend.tests.test_iteration101_roundoff_telegram.TestDailyReportAPI" name="test_daily_report_normal_mode" time="0.105" /><testcase classname="backend.tests.test_iteration101_roundoff_telegram.TestDailyReportAPI" name="test_daily_report_detail_mode" time="0.103" /><testcase classname="backend.tests.test_iteration101_roundoff_telegram.TestVersionCheck" name="test_cash_book_summary_endpoint" time="0.105" /></testsuite></testsuites>