<?xml version="1.0" encoding="utf-8"?><testsuites name="pytest tests"><testsuite name="pytest" errors="0" failures="0" skipped="0" tests="15" time="3.609" timestamp="2026-04-02T18:16:07.677345+00:00" hostname="agent-env-a2d806d6-f4d1-4680-9216-00b6d382870a"><testcase classname="backend.tests.test_audit_log.TestAuditLogFeature" name="test_01_create_entry_creates_audit_log" time="0.295" /><testcase classname="backend.tests.test_audit_log.TestAuditLogFeature" name="test_02_update_entry_creates_audit_log" time="0.265" /><testcase classname="backend.tests.test_audit_log.TestAuditLogFeature" name="test_03_delete_entry_creates_audit_log" time="0.231" /><testcase classname="backend.tests.test_audit_log.TestAuditLogFeature" name="test_04_create_cash_transaction_creates_audit_log" time="0.185" /><testcase classname="backend.tests.test_audit_log.TestAuditLogFeature" name="test_05_update_cash_transaction_creates_audit_log" time="0.518" /><testcase classname="backend.tests.test_audit_log.TestAuditLogFeature" name="test_06_delete_cash_transaction_creates_audit_log" time="0.229" /><testcase classname="backend.tests.test_audit_log.TestAuditLogFeature" name="test_07_create_private_paddy_creates_audit_log" time="0.166" /><testcase classname="backend.tests.test_audit_log.TestAuditLogFeature" name="test_08_update_private_paddy_creates_audit_log" time="0.340" /><testcase classname="backend.tests.test_audit_log.TestAuditLogFeature" name="test_09_delete_private_paddy_creates_audit_log" time="0.310" /><testcase classname="backend.tests.test_audit_log.TestAuditLogFeature" name="test_10_get_audit_log_requires_admin" time="0.115" /><testcase classname="backend.tests.test_audit_log.TestAuditLogFeature" name="test_11_get_audit_log_as_admin" time="0.133" /><testcase classname="backend.tests.test_audit_log.TestAuditLogFeature" name="test_12_get_audit_log_with_user_filter" time="0.110" /><testcase classname="backend.tests.test_audit_log.TestAuditLogFeature" name="test_13_get_audit_log_with_collection_filter" time="0.107" /><testcase classname="backend.tests.test_audit_log.TestAuditLogFeature" name="test_14_get_record_audit_history" time="0.244" /><testcase classname="backend.tests.test_audit_log.TestAuditLogFeature" name="test_15_audit_log_records_changes" time="0.273" /></testsuite></testsuites>