<?xml version="1.0" encoding="utf-8"?><testsuites name="pytest tests"><testsuite name="pytest" errors="0" failures="0" skipped="0" tests="14" time="1.170" timestamp="2026-03-15T17:50:58.674946+00:00" hostname="agent-env-7efa660e-a150-43c8-a569-9509b5e68a75"><testcase classname="backend.tests.test_iteration99_date_format_bugs.TestDateFormatInHemaliPayments" name="test_hemali_payments_list_returns_date" time="0.157" /><testcase classname="backend.tests.test_iteration99_date_format_bugs.TestDateFormatInHemaliPayments" name="test_hemali_print_receipt_pdf_no_hindi_boxes" time="0.174" /><testcase classname="backend.tests.test_iteration99_date_format_bugs.TestDateFormatInHemaliPayments" name="test_hemali_export_pdf_date_format" time="0.062" /><testcase classname="backend.tests.test_iteration99_date_format_bugs.TestDailyReportDateFormat" name="test_daily_report_api_date_field" time="0.059" /><testcase classname="backend.tests.test_iteration99_date_format_bugs.TestDailyReportDateFormat" name="test_daily_report_pdf_generates" time="0.078" /><testcase classname="backend.tests.test_iteration99_date_format_bugs.TestDailyReportDateFormat" name="test_daily_report_hemali_section_has_data" time="0.073" /><testcase classname="backend.tests.test_iteration99_date_format_bugs.TestAdvanceAutoFetch" name="test_advance_api_for_known_sardar" time="0.060" /><testcase classname="backend.tests.test_iteration99_date_format_bugs.TestAdvanceAutoFetch" name="test_advance_api_for_unknown_sardar" time="0.062" /><testcase classname="backend.tests.test_iteration99_date_format_bugs.TestAdvanceAutoFetch" name="test_advance_api_empty_name" time="0.062" /><testcase classname="backend.tests.test_iteration99_date_format_bugs.TestLedgersDateFormat" name="test_ledgers_list_returns_date" time="0.068" /><testcase classname="backend.tests.test_iteration99_date_format_bugs.TestSaleBookDateFormat" name="test_sale_vouchers_list_date_format" time="0.069" /><testcase classname="backend.tests.test_iteration99_date_format_bugs.TestCashBookDateFormat" name="test_cash_transactions_date_format" time="0.056" /><testcase classname="backend.tests.test_iteration99_date_format_bugs.TestMonthlySummaryDateFormat" name="test_monthly_summary_month_format" time="0.059" /><testcase classname="backend.tests.test_iteration99_date_format_bugs.TestReceipt404" name="test_print_receipt_404" time="0.055" /></testsuite></testsuites>