<?xml version="1.0" encoding="utf-8"?><testsuites name="pytest tests"><testsuite name="pytest" errors="0" failures="0" skipped="0" tests="11" time="2.697" timestamp="2026-03-30T18:58:50.421652+00:00" hostname="agent-env-a2d806d6-f4d1-4680-9216-00b6d382870a"><testcase classname="backend.tests.test_vehicle_weight_iteration139.TestAutoNotifySettingWithGroups" name="test_get_auto_notify_setting_returns_new_fields" time="0.362" /><testcase classname="backend.tests.test_vehicle_weight_iteration139.TestAutoNotifySettingWithGroups" name="test_put_auto_notify_setting_saves_wa_group_id" time="0.185" /><testcase classname="backend.tests.test_vehicle_weight_iteration139.TestAutoNotifySettingWithGroups" name="test_put_auto_notify_setting_saves_tg_chat_ids" time="0.207" /><testcase classname="backend.tests.test_vehicle_weight_iteration139.TestImageServingEndpoint" name="test_image_endpoint_returns_404_for_nonexistent" time="0.128" /><testcase classname="backend.tests.test_vehicle_weight_iteration139.TestImageServingEndpoint" name="test_create_entry_with_image_then_serve" time="0.266" /><testcase classname="backend.tests.test_vehicle_weight_iteration139.TestPhotosEndpoint" name="test_photos_endpoint_returns_404_for_nonexistent" time="0.137" /><testcase classname="backend.tests.test_vehicle_weight_iteration139.TestPhotosEndpoint" name="test_photos_endpoint_returns_base64_images" time="0.229" /><testcase classname="backend.tests.test_vehicle_weight_iteration139.TestCreateEntryWithImage" name="test_create_entry_saves_image_to_disk" time="0.195" /><testcase classname="backend.tests.test_vehicle_weight_iteration139.TestAutoNotifyEndpoint" name="test_auto_notify_returns_404_for_nonexistent" time="0.149" /><testcase classname="backend.tests.test_vehicle_weight_iteration139.TestAutoNotifyEndpoint" name="test_auto_notify_processes_without_crash" time="0.336" /><testcase classname="backend.tests.test_vehicle_weight_iteration139.TestCompleteFlow" name="test_complete_flow_with_photos" time="0.342" /></testsuite></testsuites>