<?xml version="1.0" encoding="utf-8"?><testsuites name="pytest tests"><testsuite name="pytest" errors="0" failures="2" skipped="0" tests="14" time="2.849" timestamp="2026-03-12T19:24:46.380063+00:00" hostname="agent-env-4083f187-55f2-40cb-a5fa-e58baeb3be29"><testcase classname="backend.tests.test_iteration82_stock_summary_pdf_cleanup.TestStockSummaryCalculations" name="test_stock_summary_paddy_available_297" time="0.221" /><testcase classname="backend.tests.test_iteration82_stock_summary_pdf_cleanup.TestStockSummaryCalculations" name="test_stock_summary_paddy_details_format" time="0.147" /><testcase classname="backend.tests.test_iteration82_stock_summary_pdf_cleanup.TestStockSummaryCalculations" name="test_stock_summary_rice_usna_includes_purchase" time="0.158" /><testcase classname="backend.tests.test_iteration82_stock_summary_pdf_cleanup.TestStockSummaryCalculations" name="test_stock_summary_rice_usna_5000_available" time="0.129" /><testcase classname="backend.tests.test_iteration82_stock_summary_pdf_cleanup.TestSingleVoucherPDFsNoCashDiesel" name="test_sale_voucher_pdf_no_cash_paid_or_diesel" time="0.242" /><testcase classname="backend.tests.test_iteration82_stock_summary_pdf_cleanup.TestSingleVoucherPDFsNoCashDiesel" name="test_purchase_voucher_pdf_no_cash_paid_or_diesel" time="0.307" /><testcase classname="backend.tests.test_iteration82_stock_summary_pdf_cleanup.TestSingleVoucherPDFsNoCashDiesel" name="test_sale_voucher_pdf_has_required_fields" time="0.298"><failure message="AssertionError: Sale PDF should contain 'Subtotal'&#10;assert 'subtotal' in '%pdf-1.4\n%\x93\x8c\x8b\x9e reportlab generated pdf document (opensource)\n1 0 obj\n&lt;&lt;\n/f1 2 0 r /f2 3 0 r\n&gt;&gt;\nendobj\n2 0 obj\n&lt;&lt;\n/basefont /helvetica /encoding /winansiencoding /name /f1 /subtype /type1 /type /font\n&gt;&gt;\nendobj\n3 0 obj\n&lt;&lt;\n/basefont /helvetica-bold /encoding /winansiencoding /name /f2 /subtype /type1 /type /font\n&gt;&gt;\nendobj\n4 0 obj\n&lt;&lt;\n/contents 8 0 r /mediabox [ 0 0 595.2756 841.8898 ] /parent 7 0 r /resources &lt;&lt;\n/font 1 0 r /procset [ /pdf /text /imageb /imagec /imagei ]\n&gt;&gt; /rotate 0 /trans &lt;&lt;\n\n&gt;&gt; \n  /type /page\n&gt;&gt;\nendobj\n5 0 obj\n&lt;&lt;\n/pagemode /usenone /pages 7 0 r /type /catalog\n&gt;&gt;\nendobj\n6 0 obj\n&lt;&lt;\n/author (\\(anonymous\\)) /creationdate (d:20260312192448+00\'00\') /creator (\\(unspecified\\)) /keywords () /moddate (d:20260312192448+00\'00\') /producer (reportlab pdf library - \\(opensource\\)) \n  /subject (\\(unspecified\\)) /title (\\(anonymous\\)) /trapped /false\n&gt;&gt;\nendobj\n7 0 obj\n&lt;&lt;\n/count 1 /kids [ 4 0 r ] /type /pages\n&gt;&gt;\nendobj\n8 0 obj\n&lt;&lt;\n/filter [ /ascii85decode /flatedecode ] /length 1345\n&gt;&gt;\nstream\ngatm&lt;&gt;balz&amp;:wedbvoi_81.e5e\\,lh9ettto9rgmb)6e?vb$ta.hf2%re1)s\'j-i3gy#&amp;_[jt&gt;[t-skpnd`-yac)&gt;qln%aj_ly*&gt;#a\\mrksq\'khg=e...&amp;@df%mutrqz4\'sph#f8a=s23i?$ul*ijxdot,?/?tkpua[?)g^3y5f$+cjkbj)@#lmj]o20p,&lt;fk\'&amp;ewf;qsljm]domg&lt;vtkscjjti^r\\i7i9i;8geh&lt;=ztnll$r05p:e!r#(;+d5ol.9o_&gt;de]7k\'on&quot;gm-^gs&amp;f@f7t.7i/a!lp&quot;*q&quot;xjbi.og&quot;;l_gj@d+5q%f/kk&lt;/id+qk&lt;r`;^u+&amp;h0mopr&quot;m$-r&quot;s=/o4ht@ohje1n)[&gt;-\\-4wj:.e3mjn`,e7f8(.p&gt;wh1%$d&amp;;j+qjva\'cgrtr^!nj`\'-ce]zw&lt;wr5%@@[d[:-2[lf+nao3,f.,+t(=@o(&gt;5j`@??9&gt;j]nol$b2d-($3x%wh9(q8f71g&lt;pdia`cs;8du^vxzm;s37unc+^\\l7o)i\'\\pl:8o;n\';y$hluy^tl9bndc]dty.klsvf?`lq.r\\/puua:ttome7j&quot;f^j!4riusyr&gt;fuwjcq%aemg.8.j8&quot;p-dqa\'s$0u8q!,70dn;9i#vb24j_,o?9vj&gt;!$n,h``+pqm_g`kh,n+#gfh@xn,e$i0.\\!dbi$,hddhq&amp;,u?]jn,az7lt4.o@;=ve`qp?js]st#4u&quot;&amp;disw)m0n)tf.m!2+mpi4?x/in_m;90/&amp;f.]\\2;qgg=&lt;.!0ete%\'&lt;8&quot;yq;rnrlb1a-u=/c&lt;mwdnpj\\e7;:`8gfvbzi/ensn#oej1qe5,ej\\phkuhu\\it.irkk0:\\km`bphvum_xvhcdrwb_x8a5~&gt;endstream\nendobj\nxref\n0 9\n0000000000 65535 f \n0000000061 00000 n \n0000000102 00000 n \n0000000209 00000 n \n0000000321 00000 n \n0000000524 00000 n \n0000000592 00000 n \n0000000872 00000 n \n0000000931 00000 n \ntrailer\n&lt;&lt;\n/id \n[&lt;85a08d162be9ff02d5126a726008e7a6&gt;&lt;85a08d162be9ff02d5126a726008e7a6&gt;]\n% reportlab generated pdf document -- digest (opensource)\n\n/info 6 0 r\n/root 5 0 r\n/size 9\n&gt;&gt;\nstartxref\n2367\n%%eof\n'">backend/tests/test_iteration82_stock_summary_pdf_cleanup.py:182: in test_sale_voucher_pdf_has_required_fields
    assert "subtotal" in pdf_text_lower, "Sale PDF should contain 'Subtotal'"
E   AssertionError: Sale PDF should contain 'Subtotal'
E   assert 'subtotal' in '%pdf-1.4\n%\x93\x8c\x8b\x9e reportlab generated pdf document (opensource)\n1 0 obj\n&lt;&lt;\n/f1 2 0 r /f2 3 0 r\n&gt;&gt;\nendobj\n2 0 obj\n&lt;&lt;\n/basefont /helvetica /encoding /winansiencoding /name /f1 /subtype /type1 /type /font\n&gt;&gt;\nendobj\n3 0 obj\n&lt;&lt;\n/basefont /helvetica-bold /encoding /winansiencoding /name /f2 /subtype /type1 /type /font\n&gt;&gt;\nendobj\n4 0 obj\n&lt;&lt;\n/contents 8 0 r /mediabox [ 0 0 595.2756 841.8898 ] /parent 7 0 r /resources &lt;&lt;\n/font 1 0 r /procset [ /pdf /text /imageb /imagec /imagei ]\n&gt;&gt; /rotate 0 /trans &lt;&lt;\n\n&gt;&gt; \n  /type /page\n&gt;&gt;\nendobj\n5 0 obj\n&lt;&lt;\n/pagemode /usenone /pages 7 0 r /type /catalog\n&gt;&gt;\nendobj\n6 0 obj\n&lt;&lt;\n/author (\\(anonymous\\)) /creationdate (d:20260312192448+00\'00\') /creator (\\(unspecified\\)) /keywords () /moddate (d:20260312192448+00\'00\') /producer (reportlab pdf library - \\(opensource\\)) \n  /subject (\\(unspecified\\)) /title (\\(anonymous\\)) /trapped /false\n&gt;&gt;\nendobj\n7 0 obj\n&lt;&lt;\n/count 1 /kids [ 4 0 r ] /type /pages\n&gt;&gt;\nendobj\n8 0 obj\n&lt;&lt;\n/filter [ /ascii85decode /flatedecode ] /length 1345\n&gt;&gt;\nstream\ngatm&lt;&gt;balz&amp;:wedbvoi_81.e5e\\,lh9ettto9rgmb)6e?vb$ta.hf2%re1)s\'j-i3gy#&amp;_[jt&gt;[t-skpnd`-yac)&gt;qln%aj_ly*&gt;#a\\mrksq\'khg=e...&amp;@df%mutrqz4\'sph#f8a=s23i?$ul*ijxdot,?/?tkpua[?)g^3y5f$+cjkbj)@#lmj]o20p,&lt;fk\'&amp;ewf;qsljm]domg&lt;vtkscjjti^r\\i7i9i;8geh&lt;=ztnll$r05p:e!r#(;+d5ol.9o_&gt;de]7k\'on"gm-^gs&amp;f@f7t.7i/a!lp"*q"xjbi.og";l_gj@d+5q%f/kk&lt;/id+qk&lt;r`;^u+&amp;h0mopr"m$-r"s=/o4ht@ohje1n)[&gt;-\\-4wj:.e3mjn`,e7f8(.p&gt;wh1%$d&amp;;j+qjva\'cgrtr^!nj`\'-ce]zw&lt;wr5%@@[d[:-2[lf+nao3,f.,+t(=@o(&gt;5j`@??9&gt;j]nol$b2d-($3x%wh9(q8f71g&lt;pdia`cs;8du^vxzm;s37unc+^\\l7o)i\'\\pl:8o;n\';y$hluy^tl9bndc]dty.klsvf?`lq.r\\/puua:ttome7j"f^j!4riusyr&gt;fuwjcq%aemg.8.j8"p-dqa\'s$0u8q!,70dn;9i#vb24j_,o?9vj&gt;!$n,h``+pqm_g`kh,n+#gfh@xn,e$i0.\\!dbi$,hddhq&amp;,u?]jn,az7lt4.o@;=ve`qp?js]st#4u"&amp;disw)m0n)tf.m!2+mpi4?x/in_m;90/&amp;f.]\\2;qgg=&lt;.!0ete%\'&lt;8"yq;rnrlb1a-u=/c&lt;mwdnpj\\e7;:`8gfvbzi/ensn#oej1qe5,ej\\phkuhu\\it.irkk0:\\km`bphvum_xvhcdrwb_x8a5~&gt;endstream\nendobj\nxref\n0 9\n0000000000 65535 f \n0000000061 00000 n \n0000000102 00000 n \n0000000209 00000 n \n0000000321 00000 n \n0000000524 00000 n \n0000000592 00000 n \n0000000872 00000 n \n0000000931 00000 n \ntrailer\n&lt;&lt;\n/id \n[&lt;85a08d162be9ff02d5126a726008e7a6&gt;&lt;85a08d162be9ff02d5126a726008e7a6&gt;]\n% reportlab generated pdf document -- digest (opensource)\n\n/info 6 0 r\n/root 5 0 r\n/size 9\n&gt;&gt;\nstartxref\n2367\n%%eof\n'</failure></testcase><testcase classname="backend.tests.test_iteration82_stock_summary_pdf_cleanup.TestSingleVoucherPDFsNoCashDiesel" name="test_purchase_voucher_pdf_has_required_fields" time="0.300"><failure message="AssertionError: Purchase PDF should contain 'Subtotal'&#10;assert 'subtotal' in '%pdf-1.4\n%\x93\x8c\x8b\x9e reportlab generated pdf document (opensource)\n1 0 obj\n&lt;&lt;\n/f1 2 0 r /f2 3 0 r\n&gt;&gt;\nendobj\n2 0 obj\n&lt;&lt;\n/basefont /helvetica /encoding /winansiencoding /name /f1 /subtype /type1 /type /font\n&gt;&gt;\nendobj\n3 0 obj\n&lt;&lt;\n/basefont /helvetica-bold /encoding /winansiencoding /name /f2 /subtype /type1 /type /font\n&gt;&gt;\nendobj\n4 0 obj\n&lt;&lt;\n/contents 8 0 r /mediabox [ 0 0 595.2756 841.8898 ] /parent 7 0 r /resources &lt;&lt;\n/font 1 0 r /procset [ /pdf /text /imageb /imagec /imagei ]\n&gt;&gt; /rotate 0 /trans &lt;&lt;\n\n&gt;&gt; \n  /type /page\n&gt;&gt;\nendobj\n5 0 obj\n&lt;&lt;\n/pagemode /usenone /pages 7 0 r /type /catalog\n&gt;&gt;\nendobj\n6 0 obj\n&lt;&lt;\n/author (\\(anonymous\\)) /creationdate (d:20260312192448+00\'00\') /creator (\\(unspecified\\)) /keywords () /moddate (d:20260312192448+00\'00\') /producer (reportlab pdf library - \\(opensource\\)) \n  /subject (\\(unspecified\\)) /title (\\(anonymous\\)) /trapped /false\n&gt;&gt;\nendobj\n7 0 obj\n&lt;&lt;\n/count 1 /kids [ 4 0 r ] /type /pages\n&gt;&gt;\nendobj\n8 0 obj\n&lt;&lt;\n/filter [ /ascii85decode /flatedecode ] /length 1360\n&gt;&gt;\nstream\ngatm&lt;&gt;ar4d\'ro4hn3otqwb+$\\9a`:/vwk6s@[ornie&quot;e=b=,&amp;hx8mix2l+qp*epv&lt;jf%@&gt;i-9x1n_l+:kbbqd)+\'ze](el0alrp7w5&amp;jrj&quot;c2&lt;o5bd%...]g[`htszdra+gg:35n)?ihneh]rtmeai_`^e(4b2%llow;l^7)-0dbnl%?vq;gi&gt;*uw.h5-7![rob#))3nahbk3c!d[chjz4ko2rr*c\\;fn)g@#g&quot;sens\']b/+hir-nkhojy4aqknj6ga;jam&quot;j1@ej)/wpzs$-evbjqv5l&gt;kq\\#p$ld1_rcl9gi[wrl3owm%ahr/rmb&lt;nq/kjbf:%=`ljt)d)^`cu&quot;*4kf2ild$nj[]t@m9fhm%-ir(pcgc9&quot;g*o]c#r=qs7v&gt;i?oel\'=x!![crrklqu0xexjnfio7n5\\rctdb4?\'/p&lt;bd.flwo4zn7ub$admzy%c[ic4&quot;cgdp0t2jtk)nx2qqvip*_&lt;;quitfsqtwnd&amp;n4h.d*l&gt;nk8gurk3o[;%$+v-:njgspu`m#$&lt;?`dhll@e*rp&lt;xir1$4#e/?nw;jis3jo8o%*&quot;w?ulsg;hgl(&quot;cbp\'r*p-*-zc-ppgbkhnm7umqa!g):jz[woq(xo.c-[fm=xd:;jb(,r\':is!u_0[l8rcebg)ggz,/ir4l,@)o!y&gt;fo&quot;$1agg%&lt;&lt;maxag;do)!,541q^:/$h9rn$[-nrla=@/jb;uan_uaf=i][3:&quot;gichws-ye?yo^o%qi:1i1r*]do,z;hbe,27kceeh^@ro.c=fhe$acx`@q^\';&lt;0)fv3@6fn%sicg\'or02_,,@ha&gt;np%9&lt;j6@&quot;2h5;;e`_?`ihn0kz:%\'&amp;5`+b*dl\'1mk*nb*?_h9vkjio03]`:rm~&gt;endstream\nendobj\nxref\n0 9\n0000000000 65535 f \n0000000061 00000 n \n0000000102 00000 n \n0000000209 00000 n \n0000000321 00000 n \n0000000524 00000 n \n0000000592 00000 n \n0000000872 00000 n \n0000000931 00000 n \ntrailer\n&lt;&lt;\n/id \n[&lt;3469f3ae8e829e2dd7ff052fa76b6f8e&gt;&lt;3469f3ae8e829e2dd7ff052fa76b6f8e&gt;]\n% reportlab generated pdf document -- digest (opensource)\n\n/info 6 0 r\n/root 5 0 r\n/size 9\n&gt;&gt;\nstartxref\n2382\n%%eof\n'">backend/tests/test_iteration82_stock_summary_pdf_cleanup.py:202: in test_purchase_voucher_pdf_has_required_fields
    assert "subtotal" in pdf_text_lower, "Purchase PDF should contain 'Subtotal'"
E   AssertionError: Purchase PDF should contain 'Subtotal'
E   assert 'subtotal' in '%pdf-1.4\n%\x93\x8c\x8b\x9e reportlab generated pdf document (opensource)\n1 0 obj\n&lt;&lt;\n/f1 2 0 r /f2 3 0 r\n&gt;&gt;\nendobj\n2 0 obj\n&lt;&lt;\n/basefont /helvetica /encoding /winansiencoding /name /f1 /subtype /type1 /type /font\n&gt;&gt;\nendobj\n3 0 obj\n&lt;&lt;\n/basefont /helvetica-bold /encoding /winansiencoding /name /f2 /subtype /type1 /type /font\n&gt;&gt;\nendobj\n4 0 obj\n&lt;&lt;\n/contents 8 0 r /mediabox [ 0 0 595.2756 841.8898 ] /parent 7 0 r /resources &lt;&lt;\n/font 1 0 r /procset [ /pdf /text /imageb /imagec /imagei ]\n&gt;&gt; /rotate 0 /trans &lt;&lt;\n\n&gt;&gt; \n  /type /page\n&gt;&gt;\nendobj\n5 0 obj\n&lt;&lt;\n/pagemode /usenone /pages 7 0 r /type /catalog\n&gt;&gt;\nendobj\n6 0 obj\n&lt;&lt;\n/author (\\(anonymous\\)) /creationdate (d:20260312192448+00\'00\') /creator (\\(unspecified\\)) /keywords () /moddate (d:20260312192448+00\'00\') /producer (reportlab pdf library - \\(opensource\\)) \n  /subject (\\(unspecified\\)) /title (\\(anonymous\\)) /trapped /false\n&gt;&gt;\nendobj\n7 0 obj\n&lt;&lt;\n/count 1 /kids [ 4 0 r ] /type /pages\n&gt;&gt;\nendobj\n8 0 obj\n&lt;&lt;\n/filter [ /ascii85decode /flatedecode ] /length 1360\n&gt;&gt;\nstream\ngatm&lt;&gt;ar4d\'ro4hn3otqwb+$\\9a`:/vwk6s@[ornie"e=b=,&amp;hx8mix2l+qp*epv&lt;jf%@&gt;i-9x1n_l+:kbbqd)+\'ze](el0alrp7w5&amp;jrj"c2&lt;o5bd%...]g[`htszdra+gg:35n)?ihneh]rtmeai_`^e(4b2%llow;l^7)-0dbnl%?vq;gi&gt;*uw.h5-7![rob#))3nahbk3c!d[chjz4ko2rr*c\\;fn)g@#g"sens\']b/+hir-nkhojy4aqknj6ga;jam"j1@ej)/wpzs$-evbjqv5l&gt;kq\\#p$ld1_rcl9gi[wrl3owm%ahr/rmb&lt;nq/kjbf:%=`ljt)d)^`cu"*4kf2ild$nj[]t@m9fhm%-ir(pcgc9"g*o]c#r=qs7v&gt;i?oel\'=x!![crrklqu0xexjnfio7n5\\rctdb4?\'/p&lt;bd.flwo4zn7ub$admzy%c[ic4"cgdp0t2jtk)nx2qqvip*_&lt;;quitfsqtwnd&amp;n4h.d*l&gt;nk8gurk3o[;%$+v-:njgspu`m#$&lt;?`dhll@e*rp&lt;xir1$4#e/?nw;jis3jo8o%*"w?ulsg;hgl("cbp\'r*p-*-zc-ppgbkhnm7umqa!g):jz[woq(xo.c-[fm=xd:;jb(,r\':is!u_0[l8rcebg)ggz,/ir4l,@)o!y&gt;fo"$1agg%&lt;&lt;maxag;do)!,541q^:/$h9rn$[-nrla=@/jb;uan_uaf=i][3:"gichws-ye?yo^o%qi:1i1r*]do,z;hbe,27kceeh^@ro.c=fhe$acx`@q^\';&lt;0)fv3@6fn%sicg\'or02_,,@ha&gt;np%9&lt;j6@"2h5;;e`_?`ihn0kz:%\'&amp;5`+b*dl\'1mk*nb*?_h9vkjio03]`:rm~&gt;endstream\nendobj\nxref\n0 9\n0000000000 65535 f \n0000000061 00000 n \n0000000102 00000 n \n0000000209 00000 n \n0000000321 00000 n \n0000000524 00000 n \n0000000592 00000 n \n0000000872 00000 n \n0000000931 00000 n \ntrailer\n&lt;&lt;\n/id \n[&lt;3469f3ae8e829e2dd7ff052fa76b6f8e&gt;&lt;3469f3ae8e829e2dd7ff052fa76b6f8e&gt;]\n% reportlab generated pdf document -- digest (opensource)\n\n/info 6 0 r\n/root 5 0 r\n/size 9\n&gt;&gt;\nstartxref\n2382\n%%eof\n'</failure></testcase><testcase classname="backend.tests.test_iteration82_stock_summary_pdf_cleanup.TestBulkExportsNoRegression" name="test_sale_book_bulk_pdf_export" time="0.121" /><testcase classname="backend.tests.test_iteration82_stock_summary_pdf_cleanup.TestBulkExportsNoRegression" name="test_purchase_book_bulk_pdf_export" time="0.194" /><testcase classname="backend.tests.test_iteration82_stock_summary_pdf_cleanup.TestBulkExportsNoRegression" name="test_sale_book_bulk_excel_export" time="0.125" /><testcase classname="backend.tests.test_iteration82_stock_summary_pdf_cleanup.TestBulkExportsNoRegression" name="test_purchase_book_bulk_excel_export" time="0.120" /><testcase classname="backend.tests.test_iteration82_stock_summary_pdf_cleanup.TestStockSummaryAPI" name="test_stock_summary_returns_all_categories" time="0.137" /><testcase classname="backend.tests.test_iteration82_stock_summary_pdf_cleanup.TestStockSummaryAPI" name="test_stock_summary_item_structure" time="0.137" /></testsuite></testsuites>