<?xml version="1.0" encoding="utf-8"?><testsuites name="pytest tests"><testsuite name="pytest" errors="0" failures="0" skipped="0" tests="13" time="2.820" timestamp="2026-03-12T10:31:26.688482+00:00" hostname="agent-env-89e4ea6c-f376-4d61-bf80-56f67b71a4f3"><testcase classname="backend.tests.test_iteration69_delivery_gst_ledger.TestDCDeliveryNewFields" name="test_create_delivery_with_new_fields" time="0.387" /><testcase classname="backend.tests.test_iteration69_delivery_gst_ledger.TestDCDeliveryNewFields" name="test_delivery_creates_cash_auto_entry" time="0.113" /><testcase classname="backend.tests.test_iteration69_delivery_gst_ledger.TestDCDeliveryNewFields" name="test_delivery_creates_diesel_auto_entry" time="0.135" /><testcase classname="backend.tests.test_iteration69_delivery_gst_ledger.TestDCDeliveryNewFields" name="test_delivery_creates_bags_auto_entry" time="0.209" /><testcase classname="backend.tests.test_iteration69_delivery_gst_ledger.TestDCDeliveryInvoice" name="test_get_delivery_invoice_html" time="0.216" /><testcase classname="backend.tests.test_iteration69_delivery_gst_ledger.TestDCDeliveryInvoice" name="test_invoice_not_found" time="0.136" /><testcase classname="backend.tests.test_iteration69_delivery_gst_ledger.TestDCDeliveryDelete" name="test_delete_delivery_cleans_up_auto_entries" time="0.654" /><testcase classname="backend.tests.test_iteration69_delivery_gst_ledger.TestGSTLedger" name="test_get_gst_ledger" time="0.104" /><testcase classname="backend.tests.test_iteration69_delivery_gst_ledger.TestGSTLedger" name="test_get_gst_opening_balance" time="0.141" /><testcase classname="backend.tests.test_iteration69_delivery_gst_ledger.TestGSTLedger" name="test_set_gst_opening_balance" time="0.201" /><testcase classname="backend.tests.test_iteration69_delivery_gst_ledger.TestGSTLedger" name="test_set_gst_opening_balance_without_kms_year" time="0.101" /><testcase classname="backend.tests.test_iteration69_delivery_gst_ledger.TestGovtBagsStock" name="test_get_govt_bags_stock" time="0.098" /><testcase classname="backend.tests.test_iteration69_delivery_gst_ledger.TestDCDeliveriesGet" name="test_get_deliveries_returns_new_fields" time="0.239" /></testsuite></testsuites>