<?xml version="1.0" encoding="utf-8"?><testsuites name="pytest tests"><testsuite name="pytest" errors="0" failures="0" skipped="0" tests="15" time="2.171" timestamp="2026-03-11T15:09:37.926747+00:00" hostname="agent-env-e7fbf2ba-ae19-4ab5-b3dd-8787009f01ed"><testcase classname="backend.tests.test_party_summary_iteration50.TestPartySummaryAPI" name="test_01_party_summary_endpoint_returns_200" time="0.241" /><testcase classname="backend.tests.test_party_summary_iteration50.TestPartySummaryAPI" name="test_02_party_summary_has_correct_fields" time="0.124" /><testcase classname="backend.tests.test_party_summary_iteration50.TestPartySummaryAPI" name="test_03_balance_calculations_correct" time="0.158" /><testcase classname="backend.tests.test_party_summary_iteration50.TestPartySummaryAPI" name="test_04_totals_object_correct_aggregation" time="0.115" /><testcase classname="backend.tests.test_party_summary_iteration50.TestPartySummaryAPI" name="test_05_date_range_filter_works" time="0.194" /><testcase classname="backend.tests.test_party_summary_iteration50.TestPartySummaryAPI" name="test_06_search_filter_works" time="0.189" /><testcase classname="backend.tests.test_party_summary_iteration50.TestPartySummaryAPI" name="test_07_pdf_export_returns_200" time="0.209" /><testcase classname="backend.tests.test_party_summary_iteration50.TestPartySummaryAPI" name="test_08_excel_export_returns_200" time="0.170" /><testcase classname="backend.tests.test_party_summary_iteration50.TestPartySummaryAPI" name="test_09_pdf_export_with_filters" time="0.110" /><testcase classname="backend.tests.test_party_summary_iteration50.TestPartySummaryAPI" name="test_10_excel_export_with_filters" time="0.142" /><testcase classname="backend.tests.test_party_summary_iteration50.TestPartySummaryReportConfig" name="test_11_report_config_has_party_summary_report" time="0.003" /><testcase classname="backend.tests.test_party_summary_iteration50.TestPartySummaryReportConfig" name="test_12_party_summary_report_has_10_columns" time="0.000" /><testcase classname="backend.tests.test_party_summary_iteration50.TestPartySummaryWithExistingData" name="test_13_existing_paddy_entry_appears_in_summary" time="0.152" /><testcase classname="backend.tests.test_party_summary_iteration50.TestPartySummaryWithExistingData" name="test_14_verify_kms_year_season_filter" time="0.125" /><testcase classname="backend.tests.test_party_summary_iteration50.TestPartySummaryWithExistingData" name="test_15_net_balance_formula_verification" time="0.168" /></testsuite></testsuites>