<?xml version="1.0" encoding="utf-8"?><testsuites name="pytest tests"><testsuite name="pytest" errors="0" failures="0" skipped="0" tests="9" time="1.582" timestamp="2026-03-29T13:51:30.839339+00:00" hostname="agent-env-a2d806d6-f4d1-4680-9216-00b6d382870a"><testcase classname="tests.test_sale_voucher_gst.TestSaleVoucherGST" name="test_create_sale_voucher_cgst_sgst" time="0.312" /><testcase classname="tests.test_sale_voucher_gst.TestSaleVoucherGST" name="test_create_sale_voucher_igst" time="0.050" /><testcase classname="tests.test_sale_voucher_gst.TestSaleVoucherGST" name="test_create_sale_voucher_no_gst" time="0.056" /><testcase classname="tests.test_sale_voucher_gst.TestSaleVoucherGST" name="test_create_sale_voucher_multiple_items_gst" time="0.059" /><testcase classname="tests.test_sale_voucher_gst.TestSaleVoucherGST" name="test_update_sale_voucher_recalculates_gst" time="0.107" /><testcase classname="tests.test_sale_voucher_gst.TestSaleVoucherGST" name="test_sale_voucher_pdf_generation" time="0.230" /><testcase classname="tests.test_sale_voucher_gst.TestSaleVoucherGST" name="test_delete_sale_voucher" time="0.142" /><testcase classname="tests.test_sale_voucher_gst.TestSaleVoucherGST" name="test_gst_invoice_routes_removed" time="0.101" /><testcase classname="tests.test_sale_voucher_gst.TestSaleVoucherGST" name="test_deduction_fields_still_work" time="0.396" /></testsuite></testsuites>