<?xml version="1.0" encoding="utf-8"?><testsuites name="pytest tests"><testsuite name="pytest" errors="0" failures="0" skipped="0" tests="11" time="1.681" timestamp="2026-03-15T09:06:32.274206+00:00" hostname="agent-env-5e0cf270-2430-460e-b807-505970cb8d33"><testcase classname="backend.tests.test_iteration94_balance_sheet_bugs.TestBalanceSheetBugFixes" name="test_fy_summary_returns_200" time="0.179" /><testcase classname="backend.tests.test_iteration94_balance_sheet_bugs.TestBalanceSheetBugFixes" name="test_balance_sheet_returns_200" time="0.162" /><testcase classname="backend.tests.test_iteration94_balance_sheet_bugs.TestBalanceSheetBugFixes" name="test_bug1_diesel_payment_uses_ledger_nikasi" time="0.120" /><testcase classname="backend.tests.test_iteration94_balance_sheet_bugs.TestBalanceSheetBugFixes" name="test_bug1_diesel_not_in_creditors_when_fully_paid" time="0.160" /><testcase classname="backend.tests.test_iteration94_balance_sheet_bugs.TestBalanceSheetBugFixes" name="test_bug2_party_summary_format" time="0.110" /><testcase classname="backend.tests.test_iteration94_balance_sheet_bugs.TestBalanceSheetBugFixes" name="test_bug2_party_summary_counts_match" time="0.106" /><testcase classname="backend.tests.test_iteration94_balance_sheet_bugs.TestBalanceSheetBugFixes" name="test_bug3_agent_jama_calculation_with_cutting_rate_zero" time="0.224" /><testcase classname="backend.tests.test_iteration94_balance_sheet_bugs.TestBalanceSheetBugFixes" name="test_truck_accounts_balance_correctly" time="0.124" /><testcase classname="backend.tests.test_iteration94_balance_sheet_bugs.TestBalanceSheetBugFixes" name="test_balance_sheet_liabilities_equals_assets" time="0.165" /><testcase classname="backend.tests.test_iteration94_balance_sheet_bugs.TestFYSummaryEndpoints" name="test_fy_summary_diesel_section_structure" time="0.114" /><testcase classname="backend.tests.test_iteration94_balance_sheet_bugs.TestFYSummaryEndpoints" name="test_fy_summary_ledger_parties_structure" time="0.141" /></testsuite></testsuites>