<?xml version="1.0" encoding="utf-8"?><testsuites name="pytest tests"><testsuite name="pytest" errors="0" failures="4" skipped="0" tests="26" time="4.271" timestamp="2026-04-14T17:14:30.408736+00:00" hostname="agent-env-a2d806d6-f4d1-4680-9216-00b6d382870a"><testcase classname="backend.tests.test_ui_reorganization_iteration196.TestBackendAPIs" name="test_health_check" time="0.254"><failure message="assert 404 == 200&#10; +  where 404 = &lt;Response [404]&gt;.status_code">backend/tests/test_ui_reorganization_iteration196.py:21: in test_health_check
    assert response.status_code == 200
E   assert 404 == 200
E    +  where 404 = &lt;Response [404]&gt;.status_code</failure></testcase><testcase classname="backend.tests.test_ui_reorganization_iteration196.TestBackendAPIs" name="test_paddy_custody_register" time="0.142" /><testcase classname="backend.tests.test_ui_reorganization_iteration196.TestBackendAPIs" name="test_paddy_custody_register_excel_export" time="0.155" /><testcase classname="backend.tests.test_ui_reorganization_iteration196.TestBackendAPIs" name="test_paddy_custody_register_pdf_export" time="0.169" /><testcase classname="backend.tests.test_ui_reorganization_iteration196.TestBackendAPIs" name="test_transit_pass_register" time="0.161" /><testcase classname="backend.tests.test_ui_reorganization_iteration196.TestBackendAPIs" name="test_transit_pass_excel_export" time="0.310" /><testcase classname="backend.tests.test_ui_reorganization_iteration196.TestBackendAPIs" name="test_milling_register" time="0.132" /><testcase classname="backend.tests.test_ui_reorganization_iteration196.TestBackendAPIs" name="test_milling_register_excel_export" time="0.171" /><testcase classname="backend.tests.test_ui_reorganization_iteration196.TestBackendAPIs" name="test_gunny_bags" time="0.147" /><testcase classname="backend.tests.test_ui_reorganization_iteration196.TestBackendAPIs" name="test_gunny_bags_summary" time="0.141" /><testcase classname="backend.tests.test_ui_reorganization_iteration196.TestBackendAPIs" name="test_gunny_bags_excel_export" time="0.157" /><testcase classname="backend.tests.test_ui_reorganization_iteration196.TestBackendAPIs" name="test_stock_summary" time="0.169" /><testcase classname="backend.tests.test_ui_reorganization_iteration196.TestBackendAPIs" name="test_dc_entries" time="0.133" /><testcase classname="backend.tests.test_ui_reorganization_iteration196.TestBackendAPIs" name="test_dc_summary" time="0.164" /><testcase classname="backend.tests.test_ui_reorganization_iteration196.TestBackendAPIs" name="test_paddy_release" time="0.150" /><testcase classname="backend.tests.test_ui_reorganization_iteration196.TestBackendAPIs" name="test_paddy_release_stock" time="0.145" /><testcase classname="backend.tests.test_ui_reorganization_iteration196.TestBackendAPIs" name="test_mandi_custody_register" time="0.134"><failure message="assert 404 == 200&#10; +  where 404 = &lt;Response [404]&gt;.status_code">backend/tests/test_ui_reorganization_iteration196.py:141: in test_mandi_custody_register
    assert response.status_code == 200
E   assert 404 == 200
E    +  where 404 = &lt;Response [404]&gt;.status_code</failure></testcase><testcase classname="backend.tests.test_ui_reorganization_iteration196.TestBackendAPIs" name="test_purchase_vouchers" time="0.136"><failure message="assert 404 == 200&#10; +  where 404 = &lt;Response [404]&gt;.status_code">backend/tests/test_ui_reorganization_iteration196.py:147: in test_purchase_vouchers
    assert response.status_code == 200
E   assert 404 == 200
E    +  where 404 = &lt;Response [404]&gt;.status_code</failure></testcase><testcase classname="backend.tests.test_ui_reorganization_iteration196.TestBackendAPIs" name="test_sale_book" time="0.139" /><testcase classname="backend.tests.test_ui_reorganization_iteration196.TestBackendAPIs" name="test_party_summary" time="0.132"><failure message="assert 404 == 200&#10; +  where 404 = &lt;Response [404]&gt;.status_code">backend/tests/test_ui_reorganization_iteration196.py:159: in test_party_summary
    assert response.status_code == 200
E   assert 404 == 200
E    +  where 404 = &lt;Response [404]&gt;.status_code</failure></testcase><testcase classname="backend.tests.test_ui_reorganization_iteration196.TestBackendAPIs" name="test_msp_payments" time="0.145" /><testcase classname="backend.tests.test_ui_reorganization_iteration196.TestFilteredAPIs" name="test_paddy_custody_with_kms_year" time="0.132" /><testcase classname="backend.tests.test_ui_reorganization_iteration196.TestFilteredAPIs" name="test_transit_pass_with_filters" time="0.140" /><testcase classname="backend.tests.test_ui_reorganization_iteration196.TestFilteredAPIs" name="test_milling_register_with_filters" time="0.157" /><testcase classname="backend.tests.test_ui_reorganization_iteration196.TestFilteredAPIs" name="test_gunny_bags_with_filters" time="0.126" /><testcase classname="backend.tests.test_ui_reorganization_iteration196.TestFilteredAPIs" name="test_dc_entries_with_filters" time="0.169" /></testsuite></testsuites>