<?xml version="1.0" encoding="utf-8"?><testsuites name="pytest tests"><testsuite name="pytest" errors="0" failures="0" skipped="0" tests="23" time="5.597" timestamp="2026-04-26T17:51:36.837866+00:00" hostname="agent-env-a2d806d6-f4d1-4680-9216-00b6d382870a"><testcase classname="backend.tests.test_letter_pad_features_iteration204.TestTemplatesLibrary" name="test_list_templates_returns_8_templates" time="0.289" /><testcase classname="backend.tests.test_letter_pad_features_iteration204.TestTemplatesLibrary" name="test_get_template_by_id[bank_statement]" time="0.103" /><testcase classname="backend.tests.test_letter_pad_features_iteration204.TestTemplatesLibrary" name="test_get_template_by_id[supplier_reminder]" time="0.183" /><testcase classname="backend.tests.test_letter_pad_features_iteration204.TestTemplatesLibrary" name="test_get_template_by_id[agent_dispute]" time="0.108" /><testcase classname="backend.tests.test_letter_pad_features_iteration204.TestTemplatesLibrary" name="test_get_template_by_id[govt_inquiry]" time="0.157" /><testcase classname="backend.tests.test_letter_pad_features_iteration204.TestTemplatesLibrary" name="test_get_template_by_id[truck_owner_notice]" time="0.113" /><testcase classname="backend.tests.test_letter_pad_features_iteration204.TestTemplatesLibrary" name="test_get_template_by_id[paddy_quality]" time="0.148" /><testcase classname="backend.tests.test_letter_pad_features_iteration204.TestTemplatesLibrary" name="test_get_template_by_id[noc_request]" time="0.123" /><testcase classname="backend.tests.test_letter_pad_features_iteration204.TestTemplatesLibrary" name="test_get_template_by_id[gst_compliance]" time="0.135" /><testcase classname="backend.tests.test_letter_pad_features_iteration204.TestTemplatesLibrary" name="test_get_invalid_template_returns_404" time="0.146" /><testcase classname="backend.tests.test_letter_pad_features_iteration204.TestDraftsCRUD" name="test_create_draft_success" time="0.222" /><testcase classname="backend.tests.test_letter_pad_features_iteration204.TestDraftsCRUD" name="test_create_draft_empty_body_and_subject_returns_400" time="0.127" /><testcase classname="backend.tests.test_letter_pad_features_iteration204.TestDraftsCRUD" name="test_list_drafts_sorted_by_updated_at_desc" time="0.392" /><testcase classname="backend.tests.test_letter_pad_features_iteration204.TestDraftsCRUD" name="test_update_draft_preserves_title_when_not_in_payload" time="0.446" /><testcase classname="backend.tests.test_letter_pad_features_iteration204.TestDraftsCRUD" name="test_update_draft_invalid_id_returns_404" time="0.117" /><testcase classname="backend.tests.test_letter_pad_features_iteration204.TestDraftsCRUD" name="test_delete_draft_success" time="0.360" /><testcase classname="backend.tests.test_letter_pad_features_iteration204.TestDraftsCRUD" name="test_delete_draft_invalid_id_returns_404" time="0.112" /><testcase classname="backend.tests.test_letter_pad_features_iteration204.TestWhatsAppShare" name="test_whatsapp_empty_body_returns_400" time="0.114" /><testcase classname="backend.tests.test_letter_pad_features_iteration204.TestWhatsAppShare" name="test_whatsapp_phone_mode_missing_phone_returns_400" time="0.604" /><testcase classname="backend.tests.test_letter_pad_features_iteration204.TestWhatsAppShare" name="test_whatsapp_with_valid_letter_and_phone" time="1.022" /><testcase classname="backend.tests.test_letter_pad_features_iteration204.TestPDFDocxGeneration" name="test_pdf_generation_success" time="0.158" /><testcase classname="backend.tests.test_letter_pad_features_iteration204.TestPDFDocxGeneration" name="test_docx_generation_success" time="0.172" /><testcase classname="backend.tests.test_letter_pad_features_iteration204.TestLetterPadSettings" name="test_get_settings" time="0.112" /></testsuite></testsuites>