<?xml version="1.0" encoding="utf-8"?><testsuites name="pytest tests"><testsuite name="pytest" errors="0" failures="0" skipped="0" tests="7" time="1.302" timestamp="2026-04-08T18:49:48.814385+00:00" hostname="agent-env-a2d806d6-f4d1-4680-9216-00b6d382870a"><testcase classname="backend.tests.test_user_permissions.TestUserPermissionsAPI" name="test_login_returns_can_edit_rst_permission" time="0.258" /><testcase classname="backend.tests.test_user_permissions.TestUserPermissionsAPI" name="test_get_users_returns_can_edit_rst" time="0.104" /><testcase classname="backend.tests.test_user_permissions.TestUserPermissionsAPI" name="test_update_staff_user_can_edit_rst_toggle" time="0.232" /><testcase classname="backend.tests.test_user_permissions.TestUserPermissionsAPI" name="test_update_admin_user_permissions" time="0.156" /><testcase classname="backend.tests.test_user_permissions.TestUserPermissionsAPI" name="test_non_admin_cannot_update_users" time="0.177" /><testcase classname="backend.tests.test_user_permissions.TestRolePermissionsDefaults" name="test_admin_role_has_can_edit_rst_true" time="0.105" /><testcase classname="backend.tests.test_user_permissions.TestRolePermissionsDefaults" name="test_staff_login_has_can_edit_rst_false" time="0.157" /></testsuite></testsuites>