<?xml version="1.0" encoding="utf-8"?><testsuites name="pytest tests"><testsuite name="pytest" errors="0" failures="0" skipped="0" tests="19" time="1.110" timestamp="2026-04-02T16:19:30.189178+00:00" hostname="agent-env-a2d806d6-f4d1-4680-9216-00b6d382870a"><testcase classname="backend.tests.test_optimistic_locking.TestEntriesOptimisticLocking" name="test_01_post_creates_entry_with_version_1" time="0.128" /><testcase classname="backend.tests.test_optimistic_locking.TestEntriesOptimisticLocking" name="test_02_get_entry_returns_version" time="0.049" /><testcase classname="backend.tests.test_optimistic_locking.TestEntriesOptimisticLocking" name="test_03_put_with_correct_version_succeeds" time="0.047" /><testcase classname="backend.tests.test_optimistic_locking.TestEntriesOptimisticLocking" name="test_04_put_with_stale_version_returns_409" time="0.046" /><testcase classname="backend.tests.test_optimistic_locking.TestEntriesOptimisticLocking" name="test_05_put_without_version_legacy_mode_succeeds" time="0.048" /><testcase classname="backend.tests.test_optimistic_locking.TestEntriesOptimisticLocking" name="test_06_cleanup_test_entry" time="0.049" /><testcase classname="backend.tests.test_optimistic_locking.TestCashBookOptimisticLocking" name="test_01_post_creates_transaction_with_version_1" time="0.052" /><testcase classname="backend.tests.test_optimistic_locking.TestCashBookOptimisticLocking" name="test_02_put_with_correct_version_succeeds" time="0.045" /><testcase classname="backend.tests.test_optimistic_locking.TestCashBookOptimisticLocking" name="test_03_put_with_stale_version_returns_409" time="0.049" /><testcase classname="backend.tests.test_optimistic_locking.TestCashBookOptimisticLocking" name="test_04_cleanup_test_transaction" time="0.047" /><testcase classname="backend.tests.test_optimistic_locking.TestPrivatePaddyOptimisticLocking" name="test_01_post_creates_entry_with_version_1" time="0.048" /><testcase classname="backend.tests.test_optimistic_locking.TestPrivatePaddyOptimisticLocking" name="test_02_put_with_correct_version_succeeds" time="0.052" /><testcase classname="backend.tests.test_optimistic_locking.TestPrivatePaddyOptimisticLocking" name="test_03_put_with_stale_version_returns_409" time="0.046" /><testcase classname="backend.tests.test_optimistic_locking.TestPrivatePaddyOptimisticLocking" name="test_04_cleanup_test_entry" time="0.051" /><testcase classname="backend.tests.test_optimistic_locking.TestRiceSalesOptimisticLocking" name="test_01_post_creates_entry_with_version" time="0.052" /><testcase classname="backend.tests.test_optimistic_locking.TestRiceSalesOptimisticLocking" name="test_02_put_with_version_if_supported" time="0.089" /><testcase classname="backend.tests.test_optimistic_locking.TestRiceSalesOptimisticLocking" name="test_03_cleanup_test_entry" time="0.047" /><testcase classname="backend.tests.test_optimistic_locking.TestGetEntriesReturnsVersion" name="test_get_entries_list_includes_version" time="0.050" /><testcase classname="backend.tests.test_optimistic_locking.TestGetEntriesReturnsVersion" name="test_get_cash_book_includes_version" time="0.047" /></testsuite></testsuites>