<?xml version="1.0" encoding="utf-8"?><testsuites name="pytest tests"><testsuite name="pytest" errors="0" failures="0" skipped="0" tests="10" time="3.502" timestamp="2026-03-11T05:46:44.229915+00:00" hostname="agent-env-e6fee03e-1e5b-4d40-b21d-7c9227ceaf8f"><testcase classname="backend.tests.test_double_entry_iteration39.TestDoubleEntryAccounting" name="test_01_create_entry_generates_4_transactions" time="0.346" /><testcase classname="backend.tests.test_double_entry_iteration39.TestDoubleEntryAccounting" name="test_02_cash_book_party_type_and_category" time="0.323" /><testcase classname="backend.tests.test_double_entry_iteration39.TestDoubleEntryAccounting" name="test_03_truck_payment_creates_cash_transaction" time="0.429" /><testcase classname="backend.tests.test_double_entry_iteration39.TestDoubleEntryAccounting" name="test_04_mark_paid_creates_nikasi" time="0.455" /><testcase classname="backend.tests.test_double_entry_iteration39.TestDoubleEntryAccounting" name="test_05_export_excel_has_cash_transactions" time="0.338" /><testcase classname="backend.tests.test_double_entry_iteration39.TestDoubleEntryAccounting" name="test_06_export_pdf_returns_file" time="0.393" /><testcase classname="backend.tests.test_double_entry_iteration39.TestDoubleEntryAccounting" name="test_07_cash_book_excel_export" time="0.119" /><testcase classname="backend.tests.test_double_entry_iteration39.TestDoubleEntryAccounting" name="test_08_cash_book_pdf_export" time="0.161" /><testcase classname="backend.tests.test_double_entry_iteration39.TestDoubleEntryAccounting" name="test_09_update_entry_recreates_transactions" time="0.437" /><testcase classname="backend.tests.test_double_entry_iteration39.TestDoubleEntryAccounting" name="test_10_delete_entry_removes_transactions" time="0.416" /></testsuite></testsuites>