<?xml version="1.0" encoding="utf-8"?><testsuites name="pytest tests"><testsuite name="pytest" errors="0" failures="0" skipped="0" tests="8" time="1.310" timestamp="2026-03-14T14:38:23.259789+00:00" hostname="agent-env-9e91322a-4081-464a-ad62-408dc1ecda79"><testcase classname="backend.tests.test_iteration91_leased_truck_features.TestAuthLogin" name="test_login_success" time="0.295" /><testcase classname="backend.tests.test_iteration91_leased_truck_features.TestTruckLeasesList" name="test_get_all_leases" time="0.113" /><testcase classname="backend.tests.test_iteration91_leased_truck_features.TestTruckLeasesList" name="test_get_active_leases_only" time="0.123" /><testcase classname="backend.tests.test_iteration91_leased_truck_features.TestTruckLeaseExports" name="test_export_pdf_returns_valid_pdf" time="0.186" /><testcase classname="backend.tests.test_iteration91_leased_truck_features.TestTruckLeaseExports" name="test_export_pdf_with_filters" time="0.121" /><testcase classname="backend.tests.test_iteration91_leased_truck_features.TestTruckLeaseExports" name="test_export_excel_returns_valid_excel" time="0.126" /><testcase classname="backend.tests.test_iteration91_leased_truck_features.TestTruckLeaseExports" name="test_export_excel_with_filters" time="0.111" /><testcase classname="backend.tests.test_iteration91_leased_truck_features.TestKnownLeasedTrucks" name="test_known_leased_trucks_exist" time="0.117" /></testsuite></testsuites>