<?xml version="1.0" encoding="utf-8"?><testsuites name="pytest tests"><testsuite name="pytest" errors="0" failures="0" skipped="0" tests="22" time="3.582" timestamp="2026-03-06T10:38:26.155072+00:00" hostname="agent-env-251b0819-79b5-49ba-9e15-4bd067cd12c6"><testcase classname="backend.tests.test_dashboard_targets.TestAuthentication" name="test_admin_login" time="0.125" /><testcase classname="backend.tests.test_dashboard_targets.TestAuthentication" name="test_staff_login" time="0.131" /><testcase classname="backend.tests.test_dashboard_targets.TestDashboardAgentTotals" name="test_get_agent_totals" time="0.099" /><testcase classname="backend.tests.test_dashboard_targets.TestDashboardAgentTotals" name="test_agent_totals_with_kms_year_filter" time="0.099" /><testcase classname="backend.tests.test_dashboard_targets.TestDashboardAgentTotals" name="test_agent_totals_with_season_filter" time="0.100" /><testcase classname="backend.tests.test_dashboard_targets.TestMandiTargetCRUD" name="test_get_mandi_targets" time="0.111" /><testcase classname="backend.tests.test_dashboard_targets.TestMandiTargetCRUD" name="test_get_mandi_targets_with_filters" time="0.098" /><testcase classname="backend.tests.test_dashboard_targets.TestMandiTargetCRUD" name="test_create_mandi_target_admin" time="0.135" /><testcase classname="backend.tests.test_dashboard_targets.TestMandiTargetCRUD" name="test_create_mandi_target_staff_forbidden" time="0.131" /><testcase classname="backend.tests.test_dashboard_targets.TestMandiTargetCRUD" name="test_update_mandi_target_admin" time="0.325" /><testcase classname="backend.tests.test_dashboard_targets.TestMandiTargetCRUD" name="test_update_mandi_target_staff_forbidden" time="0.193" /><testcase classname="backend.tests.test_dashboard_targets.TestMandiTargetCRUD" name="test_delete_mandi_target_admin" time="0.316" /><testcase classname="backend.tests.test_dashboard_targets.TestMandiTargetCRUD" name="test_delete_mandi_target_staff_forbidden" time="0.206" /><testcase classname="backend.tests.test_dashboard_targets.TestMandiTargetSummary" name="test_get_target_summary" time="0.106" /><testcase classname="backend.tests.test_dashboard_targets.TestMandiTargetSummary" name="test_target_summary_with_filters" time="0.100" /><testcase classname="backend.tests.test_dashboard_targets.TestExpectedTotalCalculation" name="test_expected_total_5_percent" time="0.195" /><testcase classname="backend.tests.test_dashboard_targets.TestExpectedTotalCalculation" name="test_expected_total_5_26_percent" time="0.199" /><testcase classname="backend.tests.test_dashboard_targets.TestDateRangeTotals" name="test_date_range_totals_endpoint" time="0.110" /><testcase classname="backend.tests.test_dashboard_targets.TestDateRangeTotals" name="test_date_range_totals_with_dates" time="0.111" /><testcase classname="backend.tests.test_dashboard_targets.TestDateRangeTotals" name="test_date_range_totals_with_kms_filter" time="0.109" /><testcase classname="backend.tests.test_dashboard_targets.TestDuplicateTargetPrevention" name="test_duplicate_target_rejected" time="0.322" /><testcase classname="backend.tests.test_dashboard_targets.TestCleanup" name="test_cleanup_test_targets" time="0.201" /></testsuite></testsuites>