<?xml version="1.0" encoding="utf-8"?><testsuites name="pytest tests"><testsuite name="pytest" errors="0" failures="0" skipped="0" tests="7" time="1.368" timestamp="2026-03-11T13:23:26.063118+00:00" hostname="agent-env-cd38af46-acbc-4a9f-8dec-1842a08b4756"><testcase classname="backend.tests.test_agent_mandi_column_fix.TestAgentMandiReportColumnFix" name="test_01_api_returns_data_with_correct_fields" time="0.252" /><testcase classname="backend.tests.test_agent_mandi_column_fix.TestAgentMandiReportColumnFix" name="test_02_entry_has_g_issued_field" time="0.112" /><testcase classname="backend.tests.test_agent_mandi_column_fix.TestAgentMandiReportColumnFix" name="test_03_totals_has_g_issued" time="0.105" /><testcase classname="backend.tests.test_agent_mandi_column_fix.TestAgentMandiReportColumnFix" name="test_04_excel_export_success" time="0.126" /><testcase classname="backend.tests.test_agent_mandi_column_fix.TestAgentMandiReportColumnFix" name="test_05_excel_column_order" time="0.263" /><testcase classname="backend.tests.test_agent_mandi_column_fix.TestAgentMandiReportColumnFix" name="test_06_pdf_export_success" time="0.188" /><testcase classname="backend.tests.test_agent_mandi_column_fix.TestAgentMandiReportColumnFix" name="test_07_g_iss_position_after_g_dep" time="0.140" /></testsuite></testsuites>