<?xml version="1.0" encoding="utf-8"?><testsuites name="pytest tests"><testsuite name="pytest" errors="0" failures="0" skipped="0" tests="12" time="1.560" timestamp="2026-05-02T17:51:33.204269+00:00" hostname="agent-env-a2d806d6-f4d1-4680-9216-00b6d382870a"><testcase classname="tests.test_rst_check_v104_44_31.TestRstCheck" name="test_rst_check_existing_rst_sale_context" time="0.189" /><testcase classname="tests.test_rst_check_v104_44_31.TestRstCheck" name="test_rst_check_existing_rst_purchase_context" time="0.112" /><testcase classname="tests.test_rst_check_v104_44_31.TestRstCheck" name="test_rst_check_nonexistent_rst" time="0.120" /><testcase classname="tests.test_rst_check_v104_44_31.TestRstCheck" name="test_rst_check_empty_rst" time="0.098" /><testcase classname="tests.test_rst_check_v104_44_31.TestRstCheck" name="test_rst_check_with_exclude_id" time="0.124" /><testcase classname="tests.test_rst_check_v104_44_31.TestTransitPassRegister" name="test_transit_pass_register_list" time="0.128" /><testcase classname="tests.test_rst_check_v104_44_31.TestTransitPassRegister" name="test_transit_pass_register_with_mandi_filter" time="0.117" /><testcase classname="tests.test_rst_check_v104_44_31.TestTransitPassRegister" name="test_transit_pass_excel_export" time="0.121" /><testcase classname="tests.test_rst_check_v104_44_31.TestTransitPassRegister" name="test_transit_pass_excel_with_mandi_filter" time="0.119" /><testcase classname="tests.test_rst_check_v104_44_31.TestTransitPassRegister" name="test_transit_pass_pdf_export" time="0.155" /><testcase classname="tests.test_rst_check_v104_44_31.TestNextRstTp" name="test_next_rst" time="0.115" /><testcase classname="tests.test_rst_check_v104_44_31.TestNextRstTp" name="test_next_tp" time="0.099" /></testsuite></testsuites>